Log file open, 01/18/18 01:51:53
LogInit:Display: Running engine for game: OblivionGames
LogPlatformFile: Not using cached read wrapper
LogInit:Display: RandInit(1238100354) SRandInit(1238100354).
LogTaskGraph: Started task graph with 5 named threads and 8 total threads with 1 sets of task threads.
LogStats: Stats thread started at 0.090527
LogInit: Using libcurl 7.47.1
LogInit:  - built for x86_64-pc-win32
LogInit:  - supports SSL with OpenSSL/1.0.2g
LogInit:  - supports HTTP deflate (compression) using libz 1.2.8
LogInit:  - other features:
LogInit:      CURL_VERSION_SSL
LogInit:      CURL_VERSION_LIBZ
LogInit:      CURL_VERSION_IPV6
LogInit:      CURL_VERSION_ASYNCHDNS
LogInit:      CURL_VERSION_LARGEFILE
LogInit:      CURL_VERSION_IDN
LogInit:  CurlRequestOptions (configurable via config and command line):
LogInit:  - bVerifyPeer = false  - Libcurl will NOT verify peer certificate
LogInit:  - bUseHttpProxy = false  - Libcurl will NOT use HTTP proxy
LogInit:  - bDontReuseConnections = false  - Libcurl will reuse connections
LogInit:  - CertBundlePath = nullptr  - Libcurl will use whatever was configured at build time.
LogInit: Build: ++UE4+Release-4.16-CL-3561208
LogInit: Engine Version: 4.16.3-3561208+++UE4+Release-4.16
LogInit: Compatible Engine Version: 4.16.0-3452394+++UE4+Release-4.16
LogInit: Net CL: 3452394
LogDevObjectVersion: Number of dev versions registered: 16
LogDevObjectVersion:   Dev-Blueprints (B0D832E4-1F89-4F0D-ACCF-7EB736FD4AA2): 9
LogDevObjectVersion:   Dev-Build (E1C64328-A22C-4D53-A36C-8E866417BD8C): 0
LogDevObjectVersion:   Dev-Core (375EC13C-06E4-48FB-B500-84F0262A717E): 2
LogDevObjectVersion:   Dev-Editor (E4B068ED-F494-42E9-A231-DA0B2E46BB41): 17
LogDevObjectVersion:   Dev-Framework (CFFC743F-43B0-4480-9391-14DF171D2073): 23
LogDevObjectVersion:   Dev-Mobile (B02B49B5-BB20-44E9-A304-32B752E40360): 0
LogDevObjectVersion:   Dev-Networking (A4E4105C-59A1-49B5-A7C5-40C4547EDFEE): 0
LogDevObjectVersion:   Dev-Online (39C831C9-5AE6-47DC-9A44-9C173E1C8E7C): 0
LogDevObjectVersion:   Dev-Physics (78F01B33-EBEA-4F98-B9B4-84EACCB95AA2): 0
LogDevObjectVersion:   Dev-Platform (6631380F-2D4D-43E0-8009-CF276956A95A): 0
LogDevObjectVersion:   Dev-Rendering (12F88B9F-8875-4AFC-A67C-D90C383ABD29): 15
LogDevObjectVersion:   Dev-Sequencer (7B5AE74C-D270-4C10-A958-57980B212A5A): 4
LogDevObjectVersion:   Dev-VR (D7296918-1DD6-4BDD-9DE2-64A83CC13884): 0
LogDevObjectVersion:   Dev-LoadTimes (C2A15278-BFE7-4AFE-6C17-90FF531DF755): 1
LogDevObjectVersion:   Private-Geometry (6EACA3D4-40EC-4CC1-B786-8BED09428FC5): 1
LogDevObjectVersion:   Dev-AnimPhys (29E575DD-E0A3-4627-9D10-D276232CDCEA): 3
LogInit: Compiled (64-bit): Jul 28 2017 11:49:47
LogInit: Compiled with Visual C++: 19.00.24215.01
LogInit: Build Configuration: Development
LogInit: Branch Name: ++UE4+Release-4.16
LogInit: Command line:  
LogInit: Base directory: D:/Program Files (x86)/Epic Games/UE_4.16/Engine/Binaries/Win64/
LogInit: Installed Engine Build: 1
LogInit: Presizing for max 8388607 objects, including 0 objects not considered by GC, pre-allocating 0 bytes for permanent pool.
LogInit: Object subsystem initialized
[2018.01.18-06.51.53:817][  0]LogInit: Selected Device Profile: [Windows]
[2018.01.18-06.51.53:817][  0]LogInit: Applying CVar settings loaded from the selected device profile: [Windows]
[2018.01.18-06.51.53:829][  0]LogInit: Computer: FELIXPC
[2018.01.18-06.51.53:829][  0]LogInit: User: Felix
[2018.01.18-06.51.53:830][  0]LogInit: CPU Page size=4096, Cores=4
[2018.01.18-06.51.53:830][  0]LogInit: High frequency timer resolution =3.507522 MHz
[2018.01.18-06.51.53:830][  0]LogMemory: Memory total: Physical=16.0GB (16GB approx)
[2018.01.18-06.51.53:830][  0]LogMemory: Platform Memory Stats for Windows
[2018.01.18-06.51.53:830][  0]LogMemory: Process Physical Memory: 272.26 MB used, 272.26 MB peak
[2018.01.18-06.51.53:830][  0]LogMemory: Process Virtual Memory: 261.02 MB used, 261.02 MB peak
[2018.01.18-06.51.53:830][  0]LogMemory: Physical Memory: 10213.36 MB used,  6121.84 MB free, 16335.21 MB total
[2018.01.18-06.51.53:830][  0]LogMemory: Virtual Memory: 671.82 MB used,  6121.84 MB free, 134217728.00 MB total
[2018.01.18-06.51.53:900][  0]LogInit: Using OS detected language (en-US).
[2018.01.18-06.51.53:900][  0]LogInit: Using OS detected locale (en-US).
[2018.01.18-06.51.53:902][  0]LogTextLocalizationManager: No specific localization for 'en-US' exists, so the 'en' localization will be used.
[2018.01.18-06.51.54:843][  0]LogD3D11RHI: D3D11 adapters:
[2018.01.18-06.51.54:882][  0]LogD3D11RHI:    0. 'NVIDIA GeForce GTX 750 Ti' (Feature Level 11_0)
[2018.01.18-06.51.54:882][  0]LogD3D11RHI:       2017/0/8167 MB DedicatedVideo/DedicatedSystem/SharedSystem, Outputs:3, VendorId:0x10de
[2018.01.18-06.51.54:884][  0]LogD3D11RHI:    1. 'Microsoft Basic Render Driver' (Feature Level 11_0)
[2018.01.18-06.51.54:884][  0]LogD3D11RHI:       0/0/8167 MB DedicatedVideo/DedicatedSystem/SharedSystem, Outputs:0, VendorId:0x1414
[2018.01.18-06.51.54:884][  0]LogD3D11RHI: Chosen D3D11 Adapter: 0
[2018.01.18-06.51.54:913][  0]LogD3D11RHI: Creating new Direct3DDevice
[2018.01.18-06.51.54:913][  0]LogD3D11RHI:     GPU DeviceId: 0x1380 (for the marketing name, search the web for "GPU Device Id")
[2018.01.18-06.51.54:913][  0]LogWindows: EnumDisplayDevices:
[2018.01.18-06.51.54:913][  0]LogWindows:    0. 'NVIDIA GeForce GTX 750 Ti' (P:1 D:1)
[2018.01.18-06.51.54:913][  0]LogWindows:    1. 'NVIDIA GeForce GTX 750 Ti' (P:0 D:1)
[2018.01.18-06.51.54:913][  0]LogWindows:    2. 'NVIDIA GeForce GTX 750 Ti' (P:0 D:1)
[2018.01.18-06.51.54:913][  0]LogWindows: DebugString: GetVideoDriverDetailsInvalid PrimaryIsNotTheChoosenAdapter GetVideoDriverDetailsInvalid PrimaryIsNotTheChoosenAdapter GetVideoDriverDetailsInvalid PrimaryIsNotTheChoosenAdapter FoundDriverCount:0 
[2018.01.18-06.51.54:913][  0]LogD3D11RHI:     Adapter Name: NVIDIA GeForce GTX 750 Ti
[2018.01.18-06.51.54:913][  0]LogD3D11RHI:   Driver Version: Unknown (internal:Unknown, unified:Unknown)
[2018.01.18-06.51.54:913][  0]LogD3D11RHI:      Driver Date: Unknown
[2018.01.18-06.51.54:913][  0]LogRHI: Texture pool is 1361 MB (70% of 1945 MB)
[2018.01.18-06.51.54:943][  0]LogD3D11RHI: Async texture creation enabled
[2018.01.18-06.51.54:955][  0]LogD3D11RHI: GPU Timing Frequency: 1000.000000 (Debug: 2 1)
[2018.01.18-06.51.55:004][  0]LogShaderCompilers: Guid format shader working directory is -15 characters bigger than the processId version (../../../../../../Desktop/Oblivion Games/root/OblivionGames/Intermediate/Shaders/WorkingDirectory/126728/).
[2018.01.18-06.51.55:004][  0]LogShaderCompilers: Cleaned the shader compiler working directory 'C:/Users/Felix/AppData/Local/Temp/UnrealShaderWorkingDir/25CA001D4F926316B0D6A0B877111AF3/'.
[2018.01.18-06.51.55:004][  0]LogShaderCompilers:Display: Using Local Shader Compiler.
[2018.01.18-06.51.56:135][  0]LogTemp:Display: Loaded TP AllDesktopTargetPlatform
[2018.01.18-06.51.56:182][  0]LogTemp:Display: Loaded TP MacClientTargetPlatform
[2018.01.18-06.51.56:227][  0]LogTemp:Display: Loaded TP MacNoEditorTargetPlatform
[2018.01.18-06.51.56:278][  0]LogTemp:Display: Loaded TP MacServerTargetPlatform
[2018.01.18-06.51.56:323][  0]LogTemp:Display: Loaded TP MacTargetPlatform
[2018.01.18-06.51.56:370][  0]LogTemp:Display: Loaded TP WindowsClientTargetPlatform
[2018.01.18-06.51.56:419][  0]LogTemp:Display: Loaded TP WindowsNoEditorTargetPlatform
[2018.01.18-06.51.56:469][  0]LogTemp:Display: Loaded TP WindowsServerTargetPlatform
[2018.01.18-06.51.56:508][  0]LogTemp:Display: Loaded TP WindowsTargetPlatform
[2018.01.18-06.51.56:555][  0]LogTemp:Display: Loaded TP AndroidTargetPlatform
[2018.01.18-06.51.56:603][  0]LogTemp:Display: Loaded TP Android_ASTCTargetPlatform
[2018.01.18-06.51.56:652][  0]LogTemp:Display: Loaded TP Android_ATCTargetPlatform
[2018.01.18-06.51.56:699][  0]LogTemp:Display: Loaded TP Android_DXTTargetPlatform
[2018.01.18-06.51.56:748][  0]LogTemp:Display: Loaded TP Android_ETC1TargetPlatform
[2018.01.18-06.51.56:794][  0]LogTemp:Display: Loaded TP Android_ETC2TargetPlatform
[2018.01.18-06.51.56:892][  0]LogTemp:Display: Loaded TP Android_MultiTargetPlatform
[2018.01.18-06.51.56:892][  0]LogTemp:Display: Loaded TP Android_PVRTCTargetPlatform
[2018.01.18-06.51.56:927][  0]LogTemp:Display: Loaded TP HTML5TargetPlatform
[2018.01.18-06.51.57:016][  0]LogTemp:Display: Loaded TP IOSTargetPlatform
[2018.01.18-06.51.57:051][  0]LogTemp:Display: Loaded TP TVOSTargetPlatform
[2018.01.18-06.51.57:097][  0]LogTemp:Display: Loaded TP LinuxClientTargetPlatform
[2018.01.18-06.51.57:143][  0]LogTemp:Display: Loaded TP LinuxNoEditorTargetPlatform
[2018.01.18-06.51.57:193][  0]LogTemp:Display: Loaded TP LinuxServerTargetPlatform
[2018.01.18-06.51.57:241][  0]LogTemp:Display: Loaded TP LinuxTargetPlatform
[2018.01.18-06.51.57:241][  0]LogTargetPlatformManager:Display: Building Assets For Windows
[2018.01.18-06.51.57:740][  0]LogDerivedDataCache:Display: Max Cache Size: 512 MB
[2018.01.18-06.51.57:827][  0]LogDerivedDataCache: Loaded boot cache 0.09s 90MB C:/Users/Felix/AppData/Local/UnrealEngine/4.16/DerivedDataCache/Boot.ddc.
[2018.01.18-06.51.57:827][  0]LogDerivedDataCache:Display: Loaded Boot cache: C:/Users/Felix/AppData/Local/UnrealEngine/4.16/DerivedDataCache/Boot.ddc
[2018.01.18-06.51.57:827][  0]LogDerivedDataCache: FDerivedDataBackendGraph:  Pak pak cache file ../../../../../../Desktop/Oblivion Games/root/OblivionGames/DerivedDataCache/DDC.ddp not found, will not use a pak cache.
[2018.01.18-06.51.57:827][  0]LogDerivedDataCache: Unable to find inner node Pak for hierarchical cache Hierarchy.
[2018.01.18-06.51.57:827][  0]LogDerivedDataCache: FDerivedDataBackendGraph:  CompressedPak pak cache file ../../../../../../Desktop/Oblivion Games/root/OblivionGames/DerivedDataCache/Compressed.ddp not found, will not use a pak cache.
[2018.01.18-06.51.57:827][  0]LogDerivedDataCache: Unable to find inner node CompressedPak for hierarchical cache Hierarchy.
[2018.01.18-06.51.57:849][  0]LogDerivedDataCache:Display: Pak cache opened for reading ../../../Engine/DerivedDataCache/Compressed.ddp.
[2018.01.18-06.51.57:861][  0]LogDerivedDataCache: Using Local data cache path C:/Users/Felix/AppData/Local/UnrealEngine/Common/DerivedDataCache: Writable
[2018.01.18-06.51.57:871][  0]LogMaterial: Verifying Global Shaders for PCD3D_SM5
[2018.01.18-06.51.57:871][  0]LogSlate: Using Freetype 2.6.0
[2018.01.18-06.51.57:872][  0]LogSlate: SlateFontCache - WITH_FREETYPE: 1, WITH_HARFBUZZ: 1
[2018.01.18-06.51.57:872][  0]LogSlate: SlateFontCache - WITH_FREETYPE: 1, WITH_HARFBUZZ: 1
[2018.01.18-06.51.58:202][  0]LogInit: Selected Device Profile: [Windows]
[2018.01.18-06.51.58:264][  0]LogContentStreaming: Texture pool size is 0.00 MB
[2018.01.18-06.51.58:429][  0]LogMeshUtilities: Using QuadricMeshReduction for automatic static mesh reduction
[2018.01.18-06.51.58:474][  0]LogSimplygon: Simplygon DLL not present - disabling.
[2018.01.18-06.51.58:524][  0]LogMeshUtilities: Using SimplygonSwarm for distributed automatic mesh merging
[2018.01.18-06.51.58:524][  0]LogMeshUtilities: No automatic skeletal mesh reduction module available
[2018.01.18-06.51.58:524][  0]LogMeshUtilities: No automatic mesh merging module available
[2018.01.18-06.51.59:037][  0]LogNetVersion: OblivionGames , NetCL: 3452394, EngineNetVer: 2, GameNetVer: 0 (Checksum: 1932256307)
[2018.01.18-06.51.59:098][  0]LogAssetRegistry: FAssetRegistry took 0.0252 seconds to start up
[2018.01.18-06.51.59:154][  0]LogPackageLocalizationCache: Processed 4 localized package path(s) for 2 prioritized culture(s) in 0.030552 seconds
[2018.01.18-06.51.59:160][  0]LogUObjectArray: 34194 objects as part of root set at end of initial load.
[2018.01.18-06.51.59:160][  0]LogUObjectAllocator: 7260416 out of 0 bytes used by permanent object pool.
[2018.01.18-06.51.59:160][  0]LogUObjectArray: CloseDisregardForGC: 0/0 objects in disregard for GC pool
[2018.01.18-06.51.59:220][  0]LogInit: WinSock: version 1.1 (2.2), MaxSocks=32767, MaxUdp=65467
[2018.01.18-06.52.01:513][  0]LogTcpMessaging: Initializing TcpMessaging bridge
[2018.01.18-06.52.01:554][  0]LogUdpMessaging: Initializing bridge on interface 0.0.0.0:0 to multicast group 230.0.0.1:6666.
[2018.01.18-06.52.02:111][  0]LogMaterial: Uniform references updated for custom material expression Custom.
[2018.01.18-06.52.02:556][  0]SourceControl: Info Source control is disabled
[2018.01.18-06.52.02:557][  0]SourceControl: Info Source control is disabled
[2018.01.18-06.52.02:609][  0]SourceControl: Info Source control is disabled
[2018.01.18-06.52.02:665][  0]SourceControl: Info Source control is disabled
[2018.01.18-06.52.03:474][  0]LogAndroidPermission: UAndroidPermissionCallbackProxy::GetInstance
[2018.01.18-06.52.04:189][  0]LogEngine: Initializing Engine...
[2018.01.18-06.52.04:190][  0]LogHMD: Failed to initialize OpenVR with code 110
[2018.01.18-06.52.04:373][  0]LogStats: UGameplayTagsManager::ConstructGameplayTagTree: Construct from data asset -  0.000 s
[2018.01.18-06.52.04:373][  0]LogStats: UGameplayTagsManager::ConstructGameplayTagTree: GameplayTagTreeChangedEvent.Broadcast -  0.000 s
[2018.01.18-06.52.04:522][  0]LogAIModule: Creating AISystem for world Untitled
[2018.01.18-06.52.04:536][  0]LogInit: XAudio2 using 'Speakers / Headphones (Realtek High Definition Audio)' : 2 channels at 48 kHz using 32 bits per sample (channel mask 0x3)
[2018.01.18-06.52.04:566][  0]LogInit: FAudioDevice initialized.
[2018.01.18-06.52.04:613][  0]LogDerivedDataCache: Saved boot cache 0.05s 90MB C:/Users/Felix/AppData/Local/UnrealEngine/4.16/DerivedDataCache/Boot.ddc.
[2018.01.18-06.52.04:623][  0]LogInit: Texture streaming: Enabled
[2018.01.18-06.52.04:739][  0]LogEngineSessionManager: EngineSessionManager initialized
[2018.01.18-06.52.04:739][  0]LogEngineSessionManager: EngineSessionManager sent abnormal shutdown report. Type=Crashed, SessionId={D3A4E4CF-453B-6AFB-E644-55BB11674388}
[2018.01.18-06.52.05:011][  0]LogInit: Transaction tracking system initialized
[2018.01.18-06.52.05:319][  0]BlueprintLog: New page: Editor Load
[2018.01.18-06.52.06:289][  0]LocalizationService: Info Localization service is disabled
[2018.01.18-06.52.07:012][  0]LogConsoleResponse:Display: 
[2018.01.18-06.52.07:160][  0]LogCook:Display: Max memory allowance for cook 16384mb min free memory 0mb
[2018.01.18-06.52.07:160][  0]LogCook:Display: Mobile HDR setting 1
[2018.01.18-06.52.07:951][  0]LogFileCache: Scanning file cache for directory 'D:/Desktop/Oblivion Games/root/OblivionGames/Content/' took 0.02s
[2018.01.18-06.52.08:366][  0]SourceControl: Info Source control is disabled
[2018.01.18-06.52.08:453][  0]LogSlate: Took 0.000172 seconds to synchronously load lazily loaded font '../../../Engine/Content/Slate/Fonts/Roboto-Regular.ttf' (155K)
[2018.01.18-06.53.00:746][  0]LogWindowsTextInputMethodSystem:Display: IME system now deactivated.
[2018.01.18-06.53.00:746][  0]LogWindowsTextInputMethodSystem:Display: IME system now deactivated.
[2018.01.18-06.53.00:756][  0]LogWindowsTextInputMethodSystem:Display: IME system now deactivated.
[2018.01.18-06.53.00:756][  0]LogWindowsTextInputMethodSystem:Display: IME system now deactivated.
[2018.01.18-06.53.00:757][  0]Cmd: MAP LOAD FILE="../../../../../../Desktop/Oblivion Games/root/OblivionGames/Content/ThirdPersonBP/Maps/ThirdPersonExampleMap.umap" TEMPLATE=0 SHOWPROGRESS=1 FEATURELEVEL=3
[2018.01.18-06.53.00:758][  0]LightingResults: New page: Lighting Build
[2018.01.18-06.53.00:803][  0]MapCheck: New page: Map Check
[2018.01.18-06.53.00:803][  0]LightingResults: New page: Lighting Build
[2018.01.18-06.53.01:102][  0]LogTexture:Display: Building textures: HQ_Lightmap0_1 (AutoDXT, 1024X1024)
[2018.01.18-06.53.01:325][  0]LogTexture:Display: Building textures: HQ_Lightmap0_2 (AutoDXT, 128X128)
[2018.01.18-06.53.01:340][  0]LogTexture:Display: Building textures: HQ_Lightmap0_3 (AutoDXT, 64X64)
[2018.01.18-06.53.01:352][  0]LogTexture:Display: Building textures: LQ_Lightmap_0_1 (DXT1, 1024X1024)
[2018.01.18-06.53.01:425][  0]LogTexture:Display: Building textures: LQ_Lightmap_0_2 (DXT1, 128X128)
[2018.01.18-06.53.01:433][  0]LogTexture:Display: Building textures: LQ_Lightmap_0_3 (DXT1, 64X64)
[2018.01.18-06.53.01:444][  0]LogTexture:Display: Building textures: SkyOcclusion0_1 (AutoDXT, 1024X512)
[2018.01.18-06.53.01:545][  0]LogTexture:Display: Building textures: SkyOcclusion0_2 (AutoDXT, 128X64)
[2018.01.18-06.53.01:557][  0]LogTexture:Display: Building textures: SkyOcclusion0_3 (AutoDXT, 64X32)
[2018.01.18-06.53.01:672][  0]LogAIModule: Creating AISystem for world ThirdPersonExampleMap
[2018.01.18-06.53.01:683][  0]LogEditorServer: Finished looking for orphan Actors (0.000 secs)
[2018.01.18-06.53.01:702][  0]Cmd: MAP CHECKDEP NOCLEARLOG
[2018.01.18-06.53.01:755][  0]MapCheck: Info Map check complete: 0 Error(s), 0 Warning(s), took 53.524ms to complete.
[2018.01.18-06.53.01:755][  0]LogFileHelpers: Loading map 'ThirdPersonExampleMap' took 0.998
[2018.01.18-06.53.01:856][  0]LogStats:Warning: MetaData mismatch. Did you assign a stat to two groups? New //STATGROUP_Threads//SplashScreenThread///Thread_1f7a8_0///####STATCAT_Advanced#### old //STATGROUP_Threads//SplashScreenThread///Thread_1a1a0_0///####STATCAT_Advanced####
[2018.01.18-06.53.01:856][  0]LogCollectionManager: Loaded 0 collections in 0.001640 seconds
[2018.01.18-06.53.02:006][  0]LogFileCache: Scanning file cache for directory 'D:/Desktop/Oblivion Games/root/OblivionGames/Saved/Collections/' took 0.01s
[2018.01.18-06.53.02:006][  0]LogFileCache: Scanning file cache for directory 'D:/Desktop/Oblivion Games/root/OblivionGames/Content/Developers/Felix/Collections/' took 0.01s
[2018.01.18-06.53.02:006][  0]LogFileCache: Scanning file cache for directory 'D:/Desktop/Oblivion Games/root/OblivionGames/Content/Collections/' took 0.01s
[2018.01.18-06.53.02:006][  0]LogCollectionManager: Rebuilt the GUID cache for 0 collections in 0.000002 seconds
[2018.01.18-06.53.02:016][  0]LogContentBrowser: Native class hierarchy populated in 0.0100 seconds. Added 2329 classes and 491 folders.
[2018.01.18-06.53.02:079][  0]LogContentBrowser: Native class hierarchy updated for 'WidgetCarousel' in 0.0005 seconds. Added 0 classes and 0 folders.
[2018.01.18-06.53.02:114][  0]LogContentBrowser: Native class hierarchy updated for 'AddContentDialog' in 0.0005 seconds. Added 0 classes and 0 folders.
[2018.01.18-06.53.02:152][  0]LogContentBrowser: Native class hierarchy updated for 'SceneOutliner' in 0.0005 seconds. Added 1 classes and 2 folders.
[2018.01.18-06.53.02:203][  0]LogCrashTracker: Crashtracker disabled due to settings.
[2018.01.18-06.53.02:213][  0]LogSlate: Took 0.000164 seconds to synchronously load lazily loaded font '../../../Engine/Content/Slate/Fonts/Roboto-Bold.ttf' (160K)
[2018.01.18-06.53.02:217][  0]LogSlate: Took 0.000241 seconds to synchronously load lazily loaded font '../../../Engine/Content/Editor/Slate/Fonts/FontAwesome.ttf' (139K)
[2018.01.18-06.53.02:312][  0]LogRenderer: Reallocating scene render targets to support 1088x644 NumSamples 1 (Frame:1).
[2018.01.18-06.53.02:419][  0]LogUObjectGlobals:Warning: Failed to find object 'Class None.'
[2018.01.18-06.53.02:481][  0]LogContentBrowser: Native class hierarchy updated for 'HierarchicalLODOutliner' in 0.0005 seconds. Added 1 classes and 2 folders.
[2018.01.18-06.53.02:481][  0]LogLoad: (Engine Initialization) Total time: 70.29 seconds
[2018.01.18-06.53.02:481][  0]LogLoad: (Engine Initialization) Total Blueprint compile time: 0.12 seconds
[2018.01.18-06.53.02:481][  0]LogExternalProfiler: Found external profiler: VSPerf
[2018.01.18-06.53.02:481][  0]LogExternalProfiler: Using external profiler: VSPerf
[2018.01.18-06.53.02:494][  0]LogOcInput: OculusInput pre-init called
[2018.01.18-06.53.02:494][  0]LogHMD: Starting GearVRController plugin
[2018.01.18-06.53.02:510][  0]LogAssetRegistry: Asset discovery search completed in 63.4339 seconds
[2018.01.18-06.53.02:512][  0]LogCollectionManager: Rebuilt the object cache for 0 collections in 0.000001 seconds (found 0 objects)
[2018.01.18-06.53.02:512][  0]LogCollectionManager: Fixed up redirectors for 0 collections in 0.000034 seconds (updated 0 objects)
[2018.01.18-06.53.02:514][  0]LogContentStreaming: Texture pool size now 1000 MB
[2018.01.18-06.53.02:558][  0]LogSlate: Took 0.000200 seconds to synchronously load lazily loaded font '../../../Engine/Content/Slate/Fonts/Roboto-Light.ttf' (159K)
[2018.01.18-06.53.03:521][ 85]LogSlate: Took 0.000175 seconds to synchronously load lazily loaded font '../../../Engine/Content/Slate/Fonts/Roboto-Light.ttf' (159K)
[2018.01.18-06.53.21:336][868]LogEditorViewport: Clicking on Actor (LMB): StaticMeshActor (Wall10)
[2018.01.18-06.53.38:474][472]LogEditorViewport: Clicking on Actor (LMB): StaticMeshActor (Floor)
[2018.01.18-06.53.43:152][923]LogTemp: Repeting last play command: Selected Viewport
[2018.01.18-06.53.43:187][923]LogBlueprintUserMessages: Early PlayInEditor Detection: Level '/Game/ThirdPersonBP/Maps/ThirdPersonExampleMap.ThirdPersonExampleMap:PersistentLevel' has LevelScriptBlueprint '/Game/ThirdPersonBP/Maps/ThirdPersonExampleMap.ThirdPersonExampleMap:PersistentLevel.ThirdPersonExampleMap' with GeneratedClass '/Game/ThirdPersonBP/Maps/ThirdPersonExampleMap.ThirdPersonExampleMap_C' with ClassGeneratedBy '/Game/ThirdPersonBP/Maps/ThirdPersonExampleMap.ThirdPersonExampleMap:PersistentLevel.ThirdPersonExampleMap'
[2018.01.18-06.53.43:187][923]LogPlayLevel: PlayLevel: No blueprints needed recompiling
[2018.01.18-06.53.43:188][923]PIE: New page: PIE session: ThirdPersonExampleMap (Jan 17, 2018, 8:53:43 PM)
[2018.01.18-06.53.43:188][923]LogPlayLevel: Creating play world package: /Game/ThirdPersonBP/Maps/UEDPIE_0_ThirdPersonExampleMap
[2018.01.18-06.53.43:211][923]LogPlayLevel: PIE: StaticDuplicateObject took: (0.022875s)
[2018.01.18-06.53.43:211][923]LogAIModule: Creating AISystem for world ThirdPersonExampleMap
[2018.01.18-06.53.43:212][923]LogPlayLevel: PIE: World Init took: (0.000999s)
[2018.01.18-06.53.43:212][923]LogPlayLevel: PIE: Created PIE world by copying editor world from /Game/ThirdPersonBP/Maps/ThirdPersonExampleMap.ThirdPersonExampleMap to /Game/ThirdPersonBP/Maps/UEDPIE_0_ThirdPersonExampleMap.ThirdPersonExampleMap (0.024248s)
[2018.01.18-06.53.43:228][923]LogInit: XAudio2 using 'Speakers / Headphones (Realtek High Definition Audio)' : 2 channels at 48 kHz using 32 bits per sample (channel mask 0x3)
[2018.01.18-06.53.43:243][923]LogInit: FAudioDevice initialized.
[2018.01.18-06.53.43:244][923]LogWindows: Windows GetLastError: The operation completed successfully. (0)
[2018.01.18-06.53.43:779][923]LogCrashTracker: 


[2018.01.18-06.53.43:779][923]LogCrashTracker: 


[2018.01.18-06.53.43:779][923]LogWindows:Error: === Critical error: ===
[2018.01.18-06.53.43:779][923]LogWindows:Error: 
[2018.01.18-06.53.43:779][923]LogWindows:Error: Assertion failed: WorldSettings != nullptr [File:D:\Build\++UE4+Release-4.16+Compile\Sync\Engine\Source\Runtime\Engine\Private\Level.cpp] [Line: 1643] 
[2018.01.18-06.53.43:779][923]LogWindows:Error: /Game/ThirdPersonBP/Maps/UEDPIE_0_ThirdPersonExampleMap.ThirdPersonExampleMap:PersistentLevel
[2018.01.18-06.53.43:779][923]LogWindows:Error: 
[2018.01.18-06.53.43:779][923]LogWindows:Error: 
[2018.01.18-06.53.43:779][923]LogWindows:Error: KERNELBASE.dll!0x00000000231C3FB8
[2018.01.18-06.53.43:779][923]LogWindows:Error: UE4Editor-Core.dll!0x00000000E0FBAFFE
[2018.01.18-06.53.43:779][923]LogWindows:Error: UE4Editor-Core.dll!0x00000000E0DD249B
[2018.01.18-06.53.43:779][923]LogWindows:Error: UE4Editor-Core.dll!0x00000000E0D60849
[2018.01.18-06.53.43:779][923]LogWindows:Error: UE4Editor-Engine.dll!0x00000000DB3805AC
[2018.01.18-06.53.43:779][923]LogWindows:Error: UE4Editor-Engine.dll!0x00000000DBC698D2
[2018.01.18-06.53.43:779][923]LogWindows:Error: UE4Editor-Engine.dll!0x00000000DB22D4B3
[2018.01.18-06.53.43:779][923]LogWindows:Error: UE4Editor-UnrealEd.dll!0x00000000DFD6A5DC
[2018.01.18-06.53.43:779][923]LogWindows:Error: UE4Editor-UnrealEd.dll!0x00000000DFD9688E
[2018.01.18-06.53.43:779][923]LogWindows:Error: UE4Editor-UnrealEd.dll!0x00000000DFDB2354
[2018.01.18-06.53.43:779][923]LogWindows:Error: UE4Editor-UnrealEd.dll!0x00000000DF882DC8
[2018.01.18-06.53.43:779][923]LogWindows:Error: UE4Editor-UnrealEd.dll!0x00000000E00A8D86
[2018.01.18-06.53.43:779][923]LogWindows:Error: UE4Editor.exe!0x00000000FE81E2B2
[2018.01.18-06.53.43:779][923]LogWindows:Error: UE4Editor.exe!0x00000000FE80F0B0
[2018.01.18-06.53.43:779][923]LogWindows:Error: UE4Editor.exe!0x00000000FE80F12A
[2018.01.18-06.53.43:779][923]LogWindows:Error: UE4Editor.exe!0x00000000FE820CF9
[2018.01.18-06.53.43:779][923]LogWindows:Error: UE4Editor.exe!0x00000000FE8225F7
[2018.01.18-06.53.43:779][923]LogWindows:Error: KERNEL32.DLL!0x0000000025AB1FE4
[2018.01.18-06.53.43:779][923]LogWindows:Error: ntdll.dll!0x0000000026AFEFB1
[2018.01.18-06.53.43:779][923]LogWindows:Error: ntdll.dll!0x0000000026AFEFB1
[2018.01.18-06.53.43:779][923]LogWindows:Error: 
[2018.01.18-06.53.43:795][923]LogExit: Executing StaticShutdownAfterError
[2018.01.18-06.53.43:798][923]LogWindows: FPlatformMisc::RequestExit(1)
[2018.01.18-06.53.43:798][923]Log file closed, 01/18/18 01:53:43
