Log file open, 01/18/18 01:57:49
LogInit:Display: Running engine for game: OblivionGames
LogPlatformFile: Not using cached read wrapper
LogInit:Display: RandInit(-1807676997) SRandInit(-1807676997).
LogTaskGraph: Started task graph with 5 named threads and 8 total threads with 1 sets of task threads.
LogStats: Stats thread started at 0.090090
LogInit: Using libcurl 7.47.1
LogInit:  - built for x86_64-pc-win32
LogInit:  - supports SSL with OpenSSL/1.0.2g
LogInit:  - supports HTTP deflate (compression) using libz 1.2.8
LogInit:  - other features:
LogInit:      CURL_VERSION_SSL
LogInit:      CURL_VERSION_LIBZ
LogInit:      CURL_VERSION_IPV6
LogInit:      CURL_VERSION_ASYNCHDNS
LogInit:      CURL_VERSION_LARGEFILE
LogInit:      CURL_VERSION_IDN
LogInit:  CurlRequestOptions (configurable via config and command line):
LogInit:  - bVerifyPeer = false  - Libcurl will NOT verify peer certificate
LogInit:  - bUseHttpProxy = false  - Libcurl will NOT use HTTP proxy
LogInit:  - bDontReuseConnections = false  - Libcurl will reuse connections
LogInit:  - CertBundlePath = nullptr  - Libcurl will use whatever was configured at build time.
LogInit: Build: ++UE4+Release-4.16-CL-3561208
LogInit: Engine Version: 4.16.3-3561208+++UE4+Release-4.16
LogInit: Compatible Engine Version: 4.16.0-3452394+++UE4+Release-4.16
LogInit: Net CL: 3452394
LogDevObjectVersion: Number of dev versions registered: 16
LogDevObjectVersion:   Dev-Blueprints (B0D832E4-1F89-4F0D-ACCF-7EB736FD4AA2): 9
LogDevObjectVersion:   Dev-Build (E1C64328-A22C-4D53-A36C-8E866417BD8C): 0
LogDevObjectVersion:   Dev-Core (375EC13C-06E4-48FB-B500-84F0262A717E): 2
LogDevObjectVersion:   Dev-Editor (E4B068ED-F494-42E9-A231-DA0B2E46BB41): 17
LogDevObjectVersion:   Dev-Framework (CFFC743F-43B0-4480-9391-14DF171D2073): 23
LogDevObjectVersion:   Dev-Mobile (B02B49B5-BB20-44E9-A304-32B752E40360): 0
LogDevObjectVersion:   Dev-Networking (A4E4105C-59A1-49B5-A7C5-40C4547EDFEE): 0
LogDevObjectVersion:   Dev-Online (39C831C9-5AE6-47DC-9A44-9C173E1C8E7C): 0
LogDevObjectVersion:   Dev-Physics (78F01B33-EBEA-4F98-B9B4-84EACCB95AA2): 0
LogDevObjectVersion:   Dev-Platform (6631380F-2D4D-43E0-8009-CF276956A95A): 0
LogDevObjectVersion:   Dev-Rendering (12F88B9F-8875-4AFC-A67C-D90C383ABD29): 15
LogDevObjectVersion:   Dev-Sequencer (7B5AE74C-D270-4C10-A958-57980B212A5A): 4
LogDevObjectVersion:   Dev-VR (D7296918-1DD6-4BDD-9DE2-64A83CC13884): 0
LogDevObjectVersion:   Dev-LoadTimes (C2A15278-BFE7-4AFE-6C17-90FF531DF755): 1
LogDevObjectVersion:   Private-Geometry (6EACA3D4-40EC-4CC1-B786-8BED09428FC5): 1
LogDevObjectVersion:   Dev-AnimPhys (29E575DD-E0A3-4627-9D10-D276232CDCEA): 3
LogInit: Compiled (64-bit): Jul 28 2017 11:49:47
LogInit: Compiled with Visual C++: 19.00.24215.01
LogInit: Build Configuration: Development
LogInit: Branch Name: ++UE4+Release-4.16
LogInit: Command line:  
LogInit: Base directory: D:/Program Files (x86)/Epic Games/UE_4.16/Engine/Binaries/Win64/
LogInit: Installed Engine Build: 1
LogInit: Presizing for max 8388607 objects, including 0 objects not considered by GC, pre-allocating 0 bytes for permanent pool.
LogInit: Object subsystem initialized
[2018.01.18-06.57.49:882][  0]LogInit: Selected Device Profile: [Windows]
[2018.01.18-06.57.49:882][  0]LogInit: Applying CVar settings loaded from the selected device profile: [Windows]
[2018.01.18-06.57.49:892][  0]LogInit: Computer: FELIXPC
[2018.01.18-06.57.49:892][  0]LogInit: User: Felix
[2018.01.18-06.57.49:892][  0]LogInit: CPU Page size=4096, Cores=4
[2018.01.18-06.57.49:892][  0]LogInit: High frequency timer resolution =3.507522 MHz
[2018.01.18-06.57.49:893][  0]LogMemory: Memory total: Physical=16.0GB (16GB approx)
[2018.01.18-06.57.49:893][  0]LogMemory: Platform Memory Stats for Windows
[2018.01.18-06.57.49:893][  0]LogMemory: Process Physical Memory: 274.05 MB used, 274.05 MB peak
[2018.01.18-06.57.49:893][  0]LogMemory: Process Virtual Memory: 261.15 MB used, 261.15 MB peak
[2018.01.18-06.57.49:893][  0]LogMemory: Physical Memory: 10393.24 MB used,  5941.97 MB free, 16335.21 MB total
[2018.01.18-06.57.49:893][  0]LogMemory: Virtual Memory: 671.82 MB used,  5941.97 MB free, 134217728.00 MB total
[2018.01.18-06.57.49:962][  0]LogInit: Using OS detected language (en-US).
[2018.01.18-06.57.49:962][  0]LogInit: Using OS detected locale (en-US).
[2018.01.18-06.57.49:965][  0]LogTextLocalizationManager: No specific localization for 'en-US' exists, so the 'en' localization will be used.
[2018.01.18-06.57.50:869][  0]LogD3D11RHI: D3D11 adapters:
[2018.01.18-06.57.50:915][  0]LogD3D11RHI:    0. 'NVIDIA GeForce GTX 750 Ti' (Feature Level 11_0)
[2018.01.18-06.57.50:915][  0]LogD3D11RHI:       2017/0/8167 MB DedicatedVideo/DedicatedSystem/SharedSystem, Outputs:3, VendorId:0x10de
[2018.01.18-06.57.50:917][  0]LogD3D11RHI:    1. 'Microsoft Basic Render Driver' (Feature Level 11_0)
[2018.01.18-06.57.50:917][  0]LogD3D11RHI:       0/0/8167 MB DedicatedVideo/DedicatedSystem/SharedSystem, Outputs:0, VendorId:0x1414
[2018.01.18-06.57.50:917][  0]LogD3D11RHI: Chosen D3D11 Adapter: 0
[2018.01.18-06.57.50:950][  0]LogD3D11RHI: Creating new Direct3DDevice
[2018.01.18-06.57.50:950][  0]LogD3D11RHI:     GPU DeviceId: 0x1380 (for the marketing name, search the web for "GPU Device Id")
[2018.01.18-06.57.50:950][  0]LogWindows: EnumDisplayDevices:
[2018.01.18-06.57.50:950][  0]LogWindows:    0. 'NVIDIA GeForce GTX 750 Ti' (P:1 D:1)
[2018.01.18-06.57.50:950][  0]LogWindows:    1. 'NVIDIA GeForce GTX 750 Ti' (P:0 D:1)
[2018.01.18-06.57.50:951][  0]LogWindows:    2. 'NVIDIA GeForce GTX 750 Ti' (P:0 D:1)
[2018.01.18-06.57.50:951][  0]LogWindows: DebugString: GetVideoDriverDetailsInvalid PrimaryIsNotTheChoosenAdapter GetVideoDriverDetailsInvalid PrimaryIsNotTheChoosenAdapter GetVideoDriverDetailsInvalid PrimaryIsNotTheChoosenAdapter FoundDriverCount:0 
[2018.01.18-06.57.50:951][  0]LogD3D11RHI:     Adapter Name: NVIDIA GeForce GTX 750 Ti
[2018.01.18-06.57.50:951][  0]LogD3D11RHI:   Driver Version: Unknown (internal:Unknown, unified:Unknown)
[2018.01.18-06.57.50:951][  0]LogD3D11RHI:      Driver Date: Unknown
[2018.01.18-06.57.50:951][  0]LogRHI: Texture pool is 1361 MB (70% of 1945 MB)
[2018.01.18-06.57.50:981][  0]LogD3D11RHI: Async texture creation enabled
[2018.01.18-06.57.50:993][  0]LogD3D11RHI: GPU Timing Frequency: 1000.000000 (Debug: 2 1)
[2018.01.18-06.57.51:041][  0]LogShaderCompilers: Guid format shader working directory is -15 characters bigger than the processId version (../../../../../../Desktop/Oblivion Games/root/OblivionGames/Intermediate/Shaders/WorkingDirectory/126376/).
[2018.01.18-06.57.51:042][  0]LogShaderCompilers: Cleaned the shader compiler working directory 'C:/Users/Felix/AppData/Local/Temp/UnrealShaderWorkingDir/659433AF43BCD924FEAEBAAC2F82293C/'.
[2018.01.18-06.57.51:042][  0]LogShaderCompilers:Display: Using Local Shader Compiler.
[2018.01.18-06.57.52:138][  0]LogTemp:Display: Loaded TP AllDesktopTargetPlatform
[2018.01.18-06.57.52:188][  0]LogTemp:Display: Loaded TP MacClientTargetPlatform
[2018.01.18-06.57.52:238][  0]LogTemp:Display: Loaded TP MacNoEditorTargetPlatform
[2018.01.18-06.57.52:292][  0]LogTemp:Display: Loaded TP MacServerTargetPlatform
[2018.01.18-06.57.52:343][  0]LogTemp:Display: Loaded TP MacTargetPlatform
[2018.01.18-06.57.52:390][  0]LogTemp:Display: Loaded TP WindowsClientTargetPlatform
[2018.01.18-06.57.52:440][  0]LogTemp:Display: Loaded TP WindowsNoEditorTargetPlatform
[2018.01.18-06.57.52:486][  0]LogTemp:Display: Loaded TP WindowsServerTargetPlatform
[2018.01.18-06.57.52:535][  0]LogTemp:Display: Loaded TP WindowsTargetPlatform
[2018.01.18-06.57.52:588][  0]LogTemp:Display: Loaded TP AndroidTargetPlatform
[2018.01.18-06.57.52:636][  0]LogTemp:Display: Loaded TP Android_ASTCTargetPlatform
[2018.01.18-06.57.52:681][  0]LogTemp:Display: Loaded TP Android_ATCTargetPlatform
[2018.01.18-06.57.52:731][  0]LogTemp:Display: Loaded TP Android_DXTTargetPlatform
[2018.01.18-06.57.52:785][  0]LogTemp:Display: Loaded TP Android_ETC1TargetPlatform
[2018.01.18-06.57.52:844][  0]LogTemp:Display: Loaded TP Android_ETC2TargetPlatform
[2018.01.18-06.57.52:946][  0]LogTemp:Display: Loaded TP Android_MultiTargetPlatform
[2018.01.18-06.57.52:946][  0]LogTemp:Display: Loaded TP Android_PVRTCTargetPlatform
[2018.01.18-06.57.52:986][  0]LogTemp:Display: Loaded TP HTML5TargetPlatform
[2018.01.18-06.57.53:073][  0]LogTemp:Display: Loaded TP IOSTargetPlatform
[2018.01.18-06.57.53:101][  0]LogTemp:Display: Loaded TP TVOSTargetPlatform
[2018.01.18-06.57.53:156][  0]LogTemp:Display: Loaded TP LinuxClientTargetPlatform
[2018.01.18-06.57.53:201][  0]LogTemp:Display: Loaded TP LinuxNoEditorTargetPlatform
[2018.01.18-06.57.53:243][  0]LogTemp:Display: Loaded TP LinuxServerTargetPlatform
[2018.01.18-06.57.53:286][  0]LogTemp:Display: Loaded TP LinuxTargetPlatform
[2018.01.18-06.57.53:286][  0]LogTargetPlatformManager:Display: Building Assets For Windows
[2018.01.18-06.57.53:734][  0]LogDerivedDataCache:Display: Max Cache Size: 512 MB
[2018.01.18-06.57.53:813][  0]LogDerivedDataCache: Loaded boot cache 0.08s 90MB C:/Users/Felix/AppData/Local/UnrealEngine/4.16/DerivedDataCache/Boot.ddc.
[2018.01.18-06.57.53:813][  0]LogDerivedDataCache:Display: Loaded Boot cache: C:/Users/Felix/AppData/Local/UnrealEngine/4.16/DerivedDataCache/Boot.ddc
[2018.01.18-06.57.53:813][  0]LogDerivedDataCache: FDerivedDataBackendGraph:  Pak pak cache file ../../../../../../Desktop/Oblivion Games/root/OblivionGames/DerivedDataCache/DDC.ddp not found, will not use a pak cache.
[2018.01.18-06.57.53:813][  0]LogDerivedDataCache: Unable to find inner node Pak for hierarchical cache Hierarchy.
[2018.01.18-06.57.53:813][  0]LogDerivedDataCache: FDerivedDataBackendGraph:  CompressedPak pak cache file ../../../../../../Desktop/Oblivion Games/root/OblivionGames/DerivedDataCache/Compressed.ddp not found, will not use a pak cache.
[2018.01.18-06.57.53:813][  0]LogDerivedDataCache: Unable to find inner node CompressedPak for hierarchical cache Hierarchy.
[2018.01.18-06.57.53:832][  0]LogDerivedDataCache:Display: Pak cache opened for reading ../../../Engine/DerivedDataCache/Compressed.ddp.
[2018.01.18-06.57.53:843][  0]LogDerivedDataCache: Using Local data cache path C:/Users/Felix/AppData/Local/UnrealEngine/Common/DerivedDataCache: Writable
[2018.01.18-06.57.53:852][  0]LogMaterial: Verifying Global Shaders for PCD3D_SM5
[2018.01.18-06.57.53:853][  0]LogSlate: Using Freetype 2.6.0
[2018.01.18-06.57.53:854][  0]LogSlate: SlateFontCache - WITH_FREETYPE: 1, WITH_HARFBUZZ: 1
[2018.01.18-06.57.53:854][  0]LogSlate: SlateFontCache - WITH_FREETYPE: 1, WITH_HARFBUZZ: 1
[2018.01.18-06.57.54:160][  0]LogInit: Selected Device Profile: [Windows]
[2018.01.18-06.57.54:222][  0]LogContentStreaming: Texture pool size is 0.00 MB
[2018.01.18-06.57.54:367][  0]LogMeshUtilities: Using QuadricMeshReduction for automatic static mesh reduction
[2018.01.18-06.57.54:407][  0]LogSimplygon: Simplygon DLL not present - disabling.
[2018.01.18-06.57.54:451][  0]LogMeshUtilities: Using SimplygonSwarm for distributed automatic mesh merging
[2018.01.18-06.57.54:451][  0]LogMeshUtilities: No automatic skeletal mesh reduction module available
[2018.01.18-06.57.54:451][  0]LogMeshUtilities: No automatic mesh merging module available
[2018.01.18-06.57.54:945][  0]LogNetVersion: OblivionGames , NetCL: 3452394, EngineNetVer: 2, GameNetVer: 0 (Checksum: 1932256307)
[2018.01.18-06.57.55:008][  0]LogAssetRegistry: FAssetRegistry took 0.0269 seconds to start up
[2018.01.18-06.57.55:067][  0]LogPackageLocalizationCache: Processed 4 localized package path(s) for 2 prioritized culture(s) in 0.033258 seconds
[2018.01.18-06.57.55:073][  0]LogUObjectArray: 34194 objects as part of root set at end of initial load.
[2018.01.18-06.57.55:073][  0]LogUObjectAllocator: 7260416 out of 0 bytes used by permanent object pool.
[2018.01.18-06.57.55:073][  0]LogUObjectArray: CloseDisregardForGC: 0/0 objects in disregard for GC pool
[2018.01.18-06.57.55:144][  0]LogInit: WinSock: version 1.1 (2.2), MaxSocks=32767, MaxUdp=65467
[2018.01.18-06.57.57:389][  0]LogTcpMessaging: Initializing TcpMessaging bridge
[2018.01.18-06.57.57:428][  0]LogUdpMessaging: Initializing bridge on interface 0.0.0.0:0 to multicast group 230.0.0.1:6666.
[2018.01.18-06.57.57:928][  0]LogMaterial: Uniform references updated for custom material expression Custom.
[2018.01.18-06.57.58:313][  0]SourceControl: Info Source control is disabled
[2018.01.18-06.57.58:313][  0]SourceControl: Info Source control is disabled
[2018.01.18-06.57.58:360][  0]SourceControl: Info Source control is disabled
[2018.01.18-06.57.58:411][  0]SourceControl: Info Source control is disabled
[2018.01.18-06.57.59:060][  0]LogAndroidPermission: UAndroidPermissionCallbackProxy::GetInstance
[2018.01.18-06.57.59:661][  0]LogEngine: Initializing Engine...
[2018.01.18-06.57.59:662][  0]LogHMD: Failed to initialize OpenVR with code 110
[2018.01.18-06.57.59:836][  0]LogStats: UGameplayTagsManager::ConstructGameplayTagTree: Construct from data asset -  0.000 s
[2018.01.18-06.57.59:836][  0]LogStats: UGameplayTagsManager::ConstructGameplayTagTree: GameplayTagTreeChangedEvent.Broadcast -  0.000 s
[2018.01.18-06.57.59:956][  0]LogAIModule: Creating AISystem for world Untitled
[2018.01.18-06.57.59:967][  0]LogInit: XAudio2 using 'Speakers / Headphones (Realtek High Definition Audio)' : 2 channels at 48 kHz using 32 bits per sample (channel mask 0x3)
[2018.01.18-06.57.59:985][  0]LogInit: FAudioDevice initialized.
[2018.01.18-06.58.00:033][  0]LogDerivedDataCache: Saved boot cache 0.05s 90MB C:/Users/Felix/AppData/Local/UnrealEngine/4.16/DerivedDataCache/Boot.ddc.
[2018.01.18-06.58.00:047][  0]LogInit: Texture streaming: Enabled
[2018.01.18-06.58.00:141][  0]LogEngineSessionManager: EngineSessionManager initialized
[2018.01.18-06.58.00:141][  0]LogEngineSessionManager: EngineSessionManager sent abnormal shutdown report. Type=Crashed, SessionId={D4D5462D-459C-E0D2-7BE9-63906B9E8FC5}
[2018.01.18-06.58.00:384][  0]LogInit: Transaction tracking system initialized
[2018.01.18-06.58.00:685][  0]BlueprintLog: New page: Editor Load
[2018.01.18-06.58.01:575][  0]LocalizationService: Info Localization service is disabled
[2018.01.18-06.58.02:221][  0]LogConsoleResponse:Display: 
[2018.01.18-06.58.02:352][  0]LogCook:Display: Max memory allowance for cook 16384mb min free memory 0mb
[2018.01.18-06.58.02:352][  0]LogCook:Display: Mobile HDR setting 1
[2018.01.18-06.58.02:693][  0]LogFileCache: Scanning file cache for directory 'D:/Desktop/Oblivion Games/root/OblivionGames/Content/' took 0.01s
[2018.01.18-06.58.03:361][  0]SourceControl: Info Source control is disabled
[2018.01.18-06.58.03:361][  0]Cmd: MAP LOAD FILE="../../../../../../Desktop/Oblivion Games/root/OblivionGames/Content/ThirdPersonBP/Maps/ThirdPersonExampleMap.umap" TEMPLATE=0 SHOWPROGRESS=1 FEATURELEVEL=3
[2018.01.18-06.58.03:361][  0]LightingResults: New page: Lighting Build
[2018.01.18-06.58.03:401][  0]MapCheck: New page: Map Check
[2018.01.18-06.58.03:401][  0]LightingResults: New page: Lighting Build
[2018.01.18-06.58.03:824][  0]LogAIModule: Creating AISystem for world ThirdPersonExampleMap
[2018.01.18-06.58.03:833][  0]LogEditorServer: Finished looking for orphan Actors (0.000 secs)
[2018.01.18-06.58.03:847][  0]Cmd: MAP CHECKDEP NOCLEARLOG
[2018.01.18-06.58.03:896][  0]MapCheck: Info Map check complete: 0 Error(s), 0 Warning(s), took 49.615ms to complete.
[2018.01.18-06.58.03:896][  0]LogFileHelpers: Loading map 'ThirdPersonExampleMap' took 0.536
[2018.01.18-06.58.03:986][  0]LogWindowsTextInputMethodSystem:Display: IME system now deactivated.
[2018.01.18-06.58.03:986][  0]LogWindowsTextInputMethodSystem:Display: IME system now deactivated.
[2018.01.18-06.58.04:071][  0]LogCollectionManager: Loaded 0 collections in 0.001620 seconds
[2018.01.18-06.58.04:154][  0]LogFileCache: Scanning file cache for directory 'D:/Desktop/Oblivion Games/root/OblivionGames/Saved/Collections/' took 0.01s
[2018.01.18-06.58.04:154][  0]LogFileCache: Scanning file cache for directory 'D:/Desktop/Oblivion Games/root/OblivionGames/Content/Developers/Felix/Collections/' took 0.01s
[2018.01.18-06.58.04:154][  0]LogFileCache: Scanning file cache for directory 'D:/Desktop/Oblivion Games/root/OblivionGames/Content/Collections/' took 0.01s
[2018.01.18-06.58.04:154][  0]LogCollectionManager: Rebuilt the GUID cache for 0 collections in 0.000002 seconds
[2018.01.18-06.58.04:162][  0]LogContentBrowser: Native class hierarchy populated in 0.0083 seconds. Added 2329 classes and 491 folders.
[2018.01.18-06.58.04:232][  0]LogContentBrowser: Native class hierarchy updated for 'WidgetCarousel' in 0.0005 seconds. Added 0 classes and 0 folders.
[2018.01.18-06.58.04:272][  0]LogContentBrowser: Native class hierarchy updated for 'AddContentDialog' in 0.0005 seconds. Added 0 classes and 0 folders.
[2018.01.18-06.58.04:313][  0]LogContentBrowser: Native class hierarchy updated for 'SceneOutliner' in 0.0006 seconds. Added 1 classes and 2 folders.
[2018.01.18-06.58.04:368][  0]LogCrashTracker: Crashtracker disabled due to settings.
[2018.01.18-06.58.04:375][  0]LogSlate: Took 0.000203 seconds to synchronously load lazily loaded font '../../../Engine/Content/Slate/Fonts/Roboto-Regular.ttf' (155K)
[2018.01.18-06.58.04:376][  0]LogSlate: Took 0.000121 seconds to synchronously load lazily loaded font '../../../Engine/Content/Slate/Fonts/Roboto-Bold.ttf' (160K)
[2018.01.18-06.58.04:382][  0]LogSlate: Took 0.000190 seconds to synchronously load lazily loaded font '../../../Engine/Content/Editor/Slate/Fonts/FontAwesome.ttf' (139K)
[2018.01.18-06.58.04:465][  0]LogRenderer: Reallocating scene render targets to support 1088x644 NumSamples 1 (Frame:1).
[2018.01.18-06.58.04:582][  0]LogUObjectGlobals:Warning: Failed to find object 'Class None.'
[2018.01.18-06.58.04:649][  0]LogContentBrowser: Native class hierarchy updated for 'HierarchicalLODOutliner' in 0.0005 seconds. Added 1 classes and 2 folders.
[2018.01.18-06.58.04:649][  0]LogLoad: (Engine Initialization) Total time: 16.31 seconds
[2018.01.18-06.58.04:649][  0]LogLoad: (Engine Initialization) Total Blueprint compile time: 0.13 seconds
[2018.01.18-06.58.04:649][  0]LogExternalProfiler: Found external profiler: VSPerf
[2018.01.18-06.58.04:649][  0]LogExternalProfiler: Using external profiler: VSPerf
[2018.01.18-06.58.04:660][  0]LogOcInput: OculusInput pre-init called
[2018.01.18-06.58.04:660][  0]LogHMD: Starting GearVRController plugin
[2018.01.18-06.58.04:679][  0]LogContentStreaming: Texture pool size now 1000 MB
[2018.01.18-06.58.04:732][  0]LogSlate: Took 0.000259 seconds to synchronously load lazily loaded font '../../../Engine/Content/Slate/Fonts/Roboto-Light.ttf' (159K)
[2018.01.18-06.58.04:751][  1]LogAssetRegistry: Asset discovery search completed in 9.7646 seconds
[2018.01.18-06.58.04:753][  1]LogCollectionManager: Rebuilt the object cache for 0 collections in 0.000001 seconds (found 0 objects)
[2018.01.18-06.58.04:753][  1]LogCollectionManager: Fixed up redirectors for 0 collections in 0.000033 seconds (updated 0 objects)
[2018.01.18-06.58.05:692][ 83]LogSlate: Took 0.000166 seconds to synchronously load lazily loaded font '../../../Engine/Content/Slate/Fonts/Roboto-Light.ttf' (159K)
[2018.01.18-06.58.14:378][945]LogEditorViewport: Clicking on Actor (LMB): StaticMeshActor (Floor)
[2018.01.18-06.58.17:088][206]LogSlate: Took 0.000121 seconds to synchronously load lazily loaded font '../../../Engine/Content/Slate/Fonts/Roboto-Light.ttf' (159K)
[2018.01.18-06.58.17:428][206]LogContentBrowser: Native class hierarchy updated for 'BlueprintGraph' in 0.0010 seconds. Added 112 classes and 0 folders.
[2018.01.18-06.58.18:017][206]LogSlate: Took 0.000173 seconds to synchronously load lazily loaded font '../../../Engine/Content/Editor/Slate/Fonts/Roboto-BoldCondensed.ttf' (158K)
[2018.01.18-06.58.18:090][207]LogSlate: Took 0.000197 seconds to synchronously load lazily loaded font '../../../Engine/Content/Editor/Slate/Fonts/Roboto-Italic.ttf' (157K)
[2018.01.18-06.58.21:379][449]LogEditorTransaction: Undo Delete current selection
[2018.01.18-06.58.39:919][919]BlueprintLog: New page: Compile ThirdPersonCharacter
[2018.01.18-06.58.39:936][919]LogBlueprintUserMessages: [ThirdPersonCharacter_167] Hello
[2018.01.18-06.58.39:937][919]LogBlueprintUserMessages: [ThirdPersonCharacter_C_0] Hello
[2018.01.18-06.58.40:029][919]LogBlueprintUserMessages: [ThirdPersonCharacter_167] Hello
[2018.01.18-06.58.40:031][919]LogBlueprintUserMessages: [ThirdPersonCharacter_C_0] Hello
[2018.01.18-06.58.40:039][919]LogWindows: Windows GetLastError: The operation completed successfully. (0)
[2018.01.18-06.58.40:553][919]LogCrashTracker: 


[2018.01.18-06.58.40:553][919]LogCrashTracker: 


[2018.01.18-06.58.40:553][919]LogWindows:Error: === Critical error: ===
[2018.01.18-06.58.40:553][919]LogWindows:Error: 
[2018.01.18-06.58.40:553][919]LogWindows:Error: Assertion failed: WorldSettings != nullptr [File:D:\Build\++UE4+Release-4.16+Compile\Sync\Engine\Source\Runtime\Engine\Private\Level.cpp] [Line: 1643] 
[2018.01.18-06.58.40:553][919]LogWindows:Error: /Game/ThirdPersonBP/Maps/ThirdPersonExampleMap.ThirdPersonExampleMap:PersistentLevel
[2018.01.18-06.58.40:553][919]LogWindows:Error: 
[2018.01.18-06.58.40:553][919]LogWindows:Error: 
[2018.01.18-06.58.40:553][919]LogWindows:Error: KERNELBASE.dll!0x00000000231C3FB8
[2018.01.18-06.58.40:553][919]LogWindows:Error: UE4Editor-Core.dll!0x00000000E159AFFE
[2018.01.18-06.58.40:553][919]LogWindows:Error: UE4Editor-Core.dll!0x00000000E13B249B
[2018.01.18-06.58.40:553][919]LogWindows:Error: UE4Editor-Core.dll!0x00000000E1340849
[2018.01.18-06.58.40:553][919]LogWindows:Error: UE4Editor-Engine.dll!0x00000000DB3805AC
[2018.01.18-06.58.40:553][919]LogWindows:Error: UE4Editor-Engine.dll!0x00000000DBC698D2
[2018.01.18-06.58.40:553][919]LogWindows:Error: UE4Editor-Engine.dll!0x00000000DB435401
[2018.01.18-06.58.40:553][919]LogWindows:Error: UE4Editor-UnrealEd.dll!0x00000000DF882831
[2018.01.18-06.58.40:553][919]LogWindows:Error: UE4Editor-UnrealEd.dll!0x00000000E00A8D86
[2018.01.18-06.58.40:553][919]LogWindows:Error: UE4Editor.exe!0x00000000FE81E2B2
[2018.01.18-06.58.40:553][919]LogWindows:Error: UE4Editor.exe!0x00000000FE80F0B0
[2018.01.18-06.58.40:553][919]LogWindows:Error: UE4Editor.exe!0x00000000FE80F12A
[2018.01.18-06.58.40:553][919]LogWindows:Error: UE4Editor.exe!0x00000000FE820CF9
[2018.01.18-06.58.40:553][919]LogWindows:Error: UE4Editor.exe!0x00000000FE8225F7
[2018.01.18-06.58.40:553][919]LogWindows:Error: KERNEL32.DLL!0x0000000025AB1FE4
[2018.01.18-06.58.40:553][919]LogWindows:Error: ntdll.dll!0x0000000026AFEFB1
[2018.01.18-06.58.40:553][919]LogWindows:Error: ntdll.dll!0x0000000026AFEFB1
[2018.01.18-06.58.40:553][919]LogWindows:Error: 
[2018.01.18-06.58.40:570][919]LogExit: Executing StaticShutdownAfterError
[2018.01.18-06.58.40:572][919]LogWindows: FPlatformMisc::RequestExit(1)
[2018.01.18-06.58.40:573][919]Log file closed, 01/18/18 01:58:40
