Log file open, 01/21/18 23:39:25
LogInit:Display: Running engine for game: OblivionGames
LogPlatformFile: Not using cached read wrapper
LogInit:Display: RandInit(144297912) SRandInit(144297912).
LogTaskGraph: Started task graph with 5 named threads and 8 total threads with 1 sets of task threads.
LogStats: Stats thread started at 0.148620
LogInit: Using libcurl 7.47.1
LogInit:  - built for x86_64-pc-win32
LogInit:  - supports SSL with OpenSSL/1.0.2g
LogInit:  - supports HTTP deflate (compression) using libz 1.2.8
LogInit:  - other features:
LogInit:      CURL_VERSION_SSL
LogInit:      CURL_VERSION_LIBZ
LogInit:      CURL_VERSION_IPV6
LogInit:      CURL_VERSION_ASYNCHDNS
LogInit:      CURL_VERSION_LARGEFILE
LogInit:      CURL_VERSION_IDN
LogInit:  CurlRequestOptions (configurable via config and command line):
LogInit:  - bVerifyPeer = false  - Libcurl will NOT verify peer certificate
LogInit:  - bUseHttpProxy = false  - Libcurl will NOT use HTTP proxy
LogInit:  - bDontReuseConnections = false  - Libcurl will reuse connections
LogInit:  - CertBundlePath = nullptr  - Libcurl will use whatever was configured at build time.
LogInit: Build: ++UE4+Release-4.16-CL-3561208
LogInit: Engine Version: 4.16.3-3561208+++UE4+Release-4.16
LogInit: Compatible Engine Version: 4.16.0-3452394+++UE4+Release-4.16
LogInit: Net CL: 3452394
LogDevObjectVersion: Number of dev versions registered: 16
LogDevObjectVersion:   Dev-Blueprints (B0D832E4-1F89-4F0D-ACCF-7EB736FD4AA2): 9
LogDevObjectVersion:   Dev-Build (E1C64328-A22C-4D53-A36C-8E866417BD8C): 0
LogDevObjectVersion:   Dev-Core (375EC13C-06E4-48FB-B500-84F0262A717E): 2
LogDevObjectVersion:   Dev-Editor (E4B068ED-F494-42E9-A231-DA0B2E46BB41): 17
LogDevObjectVersion:   Dev-Framework (CFFC743F-43B0-4480-9391-14DF171D2073): 23
LogDevObjectVersion:   Dev-Mobile (B02B49B5-BB20-44E9-A304-32B752E40360): 0
LogDevObjectVersion:   Dev-Networking (A4E4105C-59A1-49B5-A7C5-40C4547EDFEE): 0
LogDevObjectVersion:   Dev-Online (39C831C9-5AE6-47DC-9A44-9C173E1C8E7C): 0
LogDevObjectVersion:   Dev-Physics (78F01B33-EBEA-4F98-B9B4-84EACCB95AA2): 0
LogDevObjectVersion:   Dev-Platform (6631380F-2D4D-43E0-8009-CF276956A95A): 0
LogDevObjectVersion:   Dev-Rendering (12F88B9F-8875-4AFC-A67C-D90C383ABD29): 15
LogDevObjectVersion:   Dev-Sequencer (7B5AE74C-D270-4C10-A958-57980B212A5A): 4
LogDevObjectVersion:   Dev-VR (D7296918-1DD6-4BDD-9DE2-64A83CC13884): 0
LogDevObjectVersion:   Dev-LoadTimes (C2A15278-BFE7-4AFE-6C17-90FF531DF755): 1
LogDevObjectVersion:   Private-Geometry (6EACA3D4-40EC-4CC1-B786-8BED09428FC5): 1
LogDevObjectVersion:   Dev-AnimPhys (29E575DD-E0A3-4627-9D10-D276232CDCEA): 3
LogInit: Compiled (64-bit): Jul 28 2017 11:49:47
LogInit: Compiled with Visual C++: 19.00.24215.01
LogInit: Build Configuration: Development
LogInit: Branch Name: ++UE4+Release-4.16
LogInit: Command line:  
LogInit: Base directory: D:/Program Files (x86)/Epic Games/UE_4.16/Engine/Binaries/Win64/
LogInit: Installed Engine Build: 1
LogInit: Presizing for max 8388607 objects, including 0 objects not considered by GC, pre-allocating 0 bytes for permanent pool.
LogInit: Object subsystem initialized
[2018.01.22-04.39.26:030][  0]LogInit: Selected Device Profile: [Windows]
[2018.01.22-04.39.26:030][  0]LogInit: Applying CVar settings loaded from the selected device profile: [Windows]
[2018.01.22-04.39.26:067][  0]LogInit: Computer: FELIXPC
[2018.01.22-04.39.26:067][  0]LogInit: User: Felix
[2018.01.22-04.39.26:067][  0]LogInit: CPU Page size=4096, Cores=4
[2018.01.22-04.39.26:067][  0]LogInit: High frequency timer resolution =3.507522 MHz
[2018.01.22-04.39.26:068][  0]LogMemory: Memory total: Physical=16.0GB (16GB approx)
[2018.01.22-04.39.26:068][  0]LogMemory: Platform Memory Stats for Windows
[2018.01.22-04.39.26:068][  0]LogMemory: Process Physical Memory: 273.88 MB used, 273.88 MB peak
[2018.01.22-04.39.26:068][  0]LogMemory: Process Virtual Memory: 260.96 MB used, 260.96 MB peak
[2018.01.22-04.39.26:068][  0]LogMemory: Physical Memory: 10019.20 MB used,  6316.01 MB free, 16335.21 MB total
[2018.01.22-04.39.26:068][  0]LogMemory: Virtual Memory: 671.82 MB used,  6316.01 MB free, 134217728.00 MB total
[2018.01.22-04.39.26:478][  0]LogInit: Using OS detected language (en-US).
[2018.01.22-04.39.26:478][  0]LogInit: Using OS detected locale (en-US).
[2018.01.22-04.39.26:526][  0]LogTextLocalizationManager: No specific localization for 'en-US' exists, so the 'en' localization will be used.
[2018.01.22-04.39.30:130][  0]LogD3D11RHI: D3D11 adapters:
[2018.01.22-04.39.30:175][  0]LogD3D11RHI:    0. 'NVIDIA GeForce GTX 750 Ti' (Feature Level 11_0)
[2018.01.22-04.39.30:175][  0]LogD3D11RHI:       2017/0/8167 MB DedicatedVideo/DedicatedSystem/SharedSystem, Outputs:3, VendorId:0x10de
[2018.01.22-04.39.30:177][  0]LogD3D11RHI:    1. 'Microsoft Basic Render Driver' (Feature Level 11_0)
[2018.01.22-04.39.30:177][  0]LogD3D11RHI:       0/0/8167 MB DedicatedVideo/DedicatedSystem/SharedSystem, Outputs:0, VendorId:0x1414
[2018.01.22-04.39.30:177][  0]LogD3D11RHI: Chosen D3D11 Adapter: 0
[2018.01.22-04.39.30:220][  0]LogD3D11RHI: Creating new Direct3DDevice
[2018.01.22-04.39.30:220][  0]LogD3D11RHI:     GPU DeviceId: 0x1380 (for the marketing name, search the web for "GPU Device Id")
[2018.01.22-04.39.30:220][  0]LogWindows: EnumDisplayDevices:
[2018.01.22-04.39.30:220][  0]LogWindows:    0. 'NVIDIA GeForce GTX 750 Ti' (P:1 D:1)
[2018.01.22-04.39.30:220][  0]LogWindows:    1. 'NVIDIA GeForce GTX 750 Ti' (P:0 D:1)
[2018.01.22-04.39.30:220][  0]LogWindows:    2. 'NVIDIA GeForce GTX 750 Ti' (P:0 D:1)
[2018.01.22-04.39.30:220][  0]LogWindows: DebugString: GetVideoDriverDetailsInvalid PrimaryIsNotTheChoosenAdapter GetVideoDriverDetailsInvalid PrimaryIsNotTheChoosenAdapter GetVideoDriverDetailsInvalid PrimaryIsNotTheChoosenAdapter FoundDriverCount:0 
[2018.01.22-04.39.30:220][  0]LogD3D11RHI:     Adapter Name: NVIDIA GeForce GTX 750 Ti
[2018.01.22-04.39.30:220][  0]LogD3D11RHI:   Driver Version: Unknown (internal:Unknown, unified:Unknown)
[2018.01.22-04.39.30:220][  0]LogD3D11RHI:      Driver Date: Unknown
[2018.01.22-04.39.30:221][  0]LogRHI: Texture pool is 1361 MB (70% of 1945 MB)
[2018.01.22-04.39.30:254][  0]LogD3D11RHI: Async texture creation enabled
[2018.01.22-04.39.30:298][  0]LogD3D11RHI: GPU Timing Frequency: 1000.000000 (Debug: 2 1)
[2018.01.22-04.39.30:355][  0]LogShaderCompilers: Guid format shader working directory is -15 characters bigger than the processId version (../../../../../../Desktop/Oblivion Games/root_OblivionGames/Intermediate/Shaders/WorkingDirectory/171840/).
[2018.01.22-04.39.30:355][  0]LogShaderCompilers: Cleaned the shader compiler working directory 'C:/Users/Felix/AppData/Local/Temp/UnrealShaderWorkingDir/6653C7B14B937649C44D1E8D3279BD1F/'.
[2018.01.22-04.39.30:355][  0]LogShaderCompilers:Display: Using Local Shader Compiler.
[2018.01.22-04.39.32:964][  0]LogTemp:Display: Loaded TP AllDesktopTargetPlatform
[2018.01.22-04.39.33:009][  0]LogTemp:Display: Loaded TP MacClientTargetPlatform
[2018.01.22-04.39.33:056][  0]LogTemp:Display: Loaded TP MacNoEditorTargetPlatform
[2018.01.22-04.39.33:109][  0]LogTemp:Display: Loaded TP MacServerTargetPlatform
[2018.01.22-04.39.33:166][  0]LogTemp:Display: Loaded TP MacTargetPlatform
[2018.01.22-04.39.33:213][  0]LogTemp:Display: Loaded TP WindowsClientTargetPlatform
[2018.01.22-04.39.33:262][  0]LogTemp:Display: Loaded TP WindowsNoEditorTargetPlatform
[2018.01.22-04.39.33:313][  0]LogTemp:Display: Loaded TP WindowsServerTargetPlatform
[2018.01.22-04.39.33:353][  0]LogTemp:Display: Loaded TP WindowsTargetPlatform
[2018.01.22-04.39.33:407][  0]LogTemp:Display: Loaded TP AndroidTargetPlatform
[2018.01.22-04.39.33:449][  0]LogTemp:Display: Loaded TP Android_ASTCTargetPlatform
[2018.01.22-04.39.33:493][  0]LogTemp:Display: Loaded TP Android_ATCTargetPlatform
[2018.01.22-04.39.33:538][  0]LogTemp:Display: Loaded TP Android_DXTTargetPlatform
[2018.01.22-04.39.33:597][  0]LogTemp:Display: Loaded TP Android_ETC1TargetPlatform
[2018.01.22-04.39.33:643][  0]LogTemp:Display: Loaded TP Android_ETC2TargetPlatform
[2018.01.22-04.39.33:734][  0]LogTemp:Display: Loaded TP Android_MultiTargetPlatform
[2018.01.22-04.39.33:734][  0]LogTemp:Display: Loaded TP Android_PVRTCTargetPlatform
[2018.01.22-04.39.33:769][  0]LogTemp:Display: Loaded TP HTML5TargetPlatform
[2018.01.22-04.39.33:887][  0]LogTemp:Display: Loaded TP IOSTargetPlatform
[2018.01.22-04.39.33:919][  0]LogTemp:Display: Loaded TP TVOSTargetPlatform
[2018.01.22-04.39.33:969][  0]LogTemp:Display: Loaded TP LinuxClientTargetPlatform
[2018.01.22-04.39.34:015][  0]LogTemp:Display: Loaded TP LinuxNoEditorTargetPlatform
[2018.01.22-04.39.34:074][  0]LogTemp:Display: Loaded TP LinuxServerTargetPlatform
[2018.01.22-04.39.34:123][  0]LogTemp:Display: Loaded TP LinuxTargetPlatform
[2018.01.22-04.39.34:124][  0]LogTargetPlatformManager:Display: Building Assets For Windows
[2018.01.22-04.39.34:975][  0]LogDerivedDataCache:Display: Max Cache Size: 512 MB
[2018.01.22-04.39.35:314][  0]LogDerivedDataCache: Loaded boot cache 0.34s 90MB C:/Users/Felix/AppData/Local/UnrealEngine/4.16/DerivedDataCache/Boot.ddc.
[2018.01.22-04.39.35:314][  0]LogDerivedDataCache:Display: Loaded Boot cache: C:/Users/Felix/AppData/Local/UnrealEngine/4.16/DerivedDataCache/Boot.ddc
[2018.01.22-04.39.35:314][  0]LogDerivedDataCache: FDerivedDataBackendGraph:  Pak pak cache file ../../../../../../Desktop/Oblivion Games/root_OblivionGames/DerivedDataCache/DDC.ddp not found, will not use a pak cache.
[2018.01.22-04.39.35:314][  0]LogDerivedDataCache: Unable to find inner node Pak for hierarchical cache Hierarchy.
[2018.01.22-04.39.35:314][  0]LogDerivedDataCache: FDerivedDataBackendGraph:  CompressedPak pak cache file ../../../../../../Desktop/Oblivion Games/root_OblivionGames/DerivedDataCache/Compressed.ddp not found, will not use a pak cache.
[2018.01.22-04.39.35:314][  0]LogDerivedDataCache: Unable to find inner node CompressedPak for hierarchical cache Hierarchy.
[2018.01.22-04.39.35:343][  0]LogDerivedDataCache:Display: Pak cache opened for reading ../../../Engine/DerivedDataCache/Compressed.ddp.
[2018.01.22-04.39.35:355][  0]LogDerivedDataCache: Using Local data cache path C:/Users/Felix/AppData/Local/UnrealEngine/Common/DerivedDataCache: Writable
[2018.01.22-04.39.35:365][  0]LogMaterial: Verifying Global Shaders for PCD3D_SM5
[2018.01.22-04.39.35:366][  0]LogSlate: Using Freetype 2.6.0
[2018.01.22-04.39.35:382][  0]LogSlate: SlateFontCache - WITH_FREETYPE: 1, WITH_HARFBUZZ: 1
[2018.01.22-04.39.35:382][  0]LogSlate: SlateFontCache - WITH_FREETYPE: 1, WITH_HARFBUZZ: 1
[2018.01.22-04.39.38:318][  0]LogInit: Selected Device Profile: [Windows]
[2018.01.22-04.39.38:466][  0]LogContentStreaming: Texture pool size is 0.00 MB
[2018.01.22-04.39.38:698][  0]LogMeshUtilities: Using QuadricMeshReduction for automatic static mesh reduction
[2018.01.22-04.39.38:770][  0]LogSimplygon: Simplygon DLL not present - disabling.
[2018.01.22-04.39.38:821][  0]LogMeshUtilities: Using SimplygonSwarm for distributed automatic mesh merging
[2018.01.22-04.39.38:821][  0]LogMeshUtilities: No automatic skeletal mesh reduction module available
[2018.01.22-04.39.38:821][  0]LogMeshUtilities: No automatic mesh merging module available
[2018.01.22-04.39.40:197][  0]LogNetVersion: OblivionGames , NetCL: 3452394, EngineNetVer: 2, GameNetVer: 0 (Checksum: 1932256307)
[2018.01.22-04.39.40:289][  0]LogAssetRegistry: FAssetRegistry took 0.0255 seconds to start up
[2018.01.22-04.39.40:375][  0]LogPackageLocalizationCache: Processed 4 localized package path(s) for 2 prioritized culture(s) in 0.036656 seconds
[2018.01.22-04.39.40:380][  0]LogUObjectArray: 34194 objects as part of root set at end of initial load.
[2018.01.22-04.39.40:380][  0]LogUObjectAllocator: 7260416 out of 0 bytes used by permanent object pool.
[2018.01.22-04.39.40:380][  0]LogUObjectArray: CloseDisregardForGC: 0/0 objects in disregard for GC pool
[2018.01.22-04.39.40:439][  0]LogInit: WinSock: version 1.1 (2.2), MaxSocks=32767, MaxUdp=65467
[2018.01.22-04.39.45:925][  0]LogTcpMessaging: Initializing TcpMessaging bridge
[2018.01.22-04.39.45:967][  0]LogUdpMessaging: Initializing bridge on interface 0.0.0.0:0 to multicast group 230.0.0.1:6666.
[2018.01.22-04.39.46:657][  0]LogMaterial: Uniform references updated for custom material expression Custom.
[2018.01.22-04.39.47:184][  0]SourceControl: Info Source control is disabled
[2018.01.22-04.39.47:185][  0]SourceControl: Info Source control is disabled
[2018.01.22-04.39.47:239][  0]SourceControl: Info Source control is disabled
[2018.01.22-04.39.47:289][  0]SourceControl: Info Source control is disabled
[2018.01.22-04.39.48:109][  0]LogAndroidPermission: UAndroidPermissionCallbackProxy::GetInstance
[2018.01.22-04.39.48:801][  0]LogEngine: Initializing Engine...
[2018.01.22-04.39.48:801][  0]LogHMD: Failed to initialize OpenVR with code 110
[2018.01.22-04.39.49:226][  0]LogStats: UGameplayTagsManager::ConstructGameplayTagTree: Construct from data asset -  0.000 s
[2018.01.22-04.39.49:226][  0]LogStats: UGameplayTagsManager::ConstructGameplayTagTree: GameplayTagTreeChangedEvent.Broadcast -  0.000 s
[2018.01.22-04.39.49:401][  0]LogAIModule: Creating AISystem for world Untitled
[2018.01.22-04.39.49:413][  0]LogInit: XAudio2 using 'Speakers / Headphones (Realtek High Definition Audio)' : 2 channels at 48 kHz using 32 bits per sample (channel mask 0x3)
[2018.01.22-04.39.49:432][  0]LogInit: FAudioDevice initialized.
[2018.01.22-04.39.49:480][  0]LogDerivedDataCache: Saved boot cache 0.05s 90MB C:/Users/Felix/AppData/Local/UnrealEngine/4.16/DerivedDataCache/Boot.ddc.
[2018.01.22-04.39.49:490][  0]LogInit: Texture streaming: Enabled
[2018.01.22-04.39.49:588][  0]LogEngineSessionManager: EngineSessionManager initialized
[2018.01.22-04.39.49:882][  0]LogInit: Transaction tracking system initialized
[2018.01.22-04.39.50:179][  0]BlueprintLog: New page: Editor Load
[2018.01.22-04.39.51:183][  0]LocalizationService: Info Localization service is disabled
[2018.01.22-04.39.51:954][  0]LogConsoleResponse:Display: 
[2018.01.22-04.39.52:351][  0]LogCook:Display: Max memory allowance for cook 16384mb min free memory 0mb
[2018.01.22-04.39.52:351][  0]LogCook:Display: Mobile HDR setting 1
[2018.01.22-04.39.53:435][  0]LogFileCache: Scanning file cache for directory 'D:/Desktop/Oblivion Games/root_OblivionGames/Content/' took 0.02s
[2018.01.22-04.39.53:497][  0]SourceControl: Info Source control is disabled
[2018.01.22-04.39.53:497][  0]Cmd: MAP LOAD FILE="../../../../../../Desktop/Oblivion Games/root_OblivionGames/Content/Assets/Maps/MAP_ARENA.umap" TEMPLATE=0 SHOWPROGRESS=1 FEATURELEVEL=3
[2018.01.22-04.39.53:504][  0]LightingResults: New page: Lighting Build
[2018.01.22-04.39.53:544][  0]MapCheck: New page: Map Check
[2018.01.22-04.39.53:544][  0]LightingResults: New page: Lighting Build
[2018.01.22-04.39.54:084][  0]LogAIModule: Creating AISystem for world MAP_ARENA
[2018.01.22-04.39.54:103][  0]LogEditorServer: Finished looking for orphan Actors (0.000 secs)
[2018.01.22-04.39.54:123][  0]Cmd: MAP CHECKDEP NOCLEARLOG
[2018.01.22-04.39.54:164][  0]MapCheck: Info Map check complete: 0 Error(s), 0 Warning(s), took 40.764ms to complete.
[2018.01.22-04.39.54:164][  0]LogFileHelpers: Loading map 'MAP_ARENA' took 0.667
[2018.01.22-04.39.54:248][  0]LogWindowsTextInputMethodSystem:Display: IME system now deactivated.
[2018.01.22-04.39.54:249][  0]LogWindowsTextInputMethodSystem:Display: IME system now deactivated.
[2018.01.22-04.39.54:364][  0]LogCollectionManager: Loaded 0 collections in 0.001791 seconds
[2018.01.22-04.39.54:447][  0]LogFileCache: Scanning file cache for directory 'D:/Desktop/Oblivion Games/root_OblivionGames/Saved/Collections/' took 0.01s
[2018.01.22-04.39.54:447][  0]LogFileCache: Scanning file cache for directory 'D:/Desktop/Oblivion Games/root_OblivionGames/Content/Developers/Felix/Collections/' took 0.01s
[2018.01.22-04.39.54:447][  0]LogFileCache: Scanning file cache for directory 'D:/Desktop/Oblivion Games/root_OblivionGames/Content/Collections/' took 0.01s
[2018.01.22-04.39.54:447][  0]LogCollectionManager: Rebuilt the GUID cache for 0 collections in 0.000002 seconds
[2018.01.22-04.39.54:456][  0]LogContentBrowser: Native class hierarchy populated in 0.0088 seconds. Added 2329 classes and 491 folders.
[2018.01.22-04.39.54:521][  0]LogContentBrowser: Native class hierarchy updated for 'WidgetCarousel' in 0.0005 seconds. Added 0 classes and 0 folders.
[2018.01.22-04.39.54:938][  0]LogContentBrowser: Native class hierarchy updated for 'AddContentDialog' in 0.0006 seconds. Added 0 classes and 0 folders.
[2018.01.22-04.39.54:986][  0]LogContentBrowser: Native class hierarchy updated for 'SceneOutliner' in 0.0006 seconds. Added 1 classes and 2 folders.
[2018.01.22-04.39.55:058][  0]LogCrashTracker: Crashtracker disabled due to settings.
[2018.01.22-04.39.55:076][  0]LogSlate: Took 0.005594 seconds to synchronously load lazily loaded font '../../../Engine/Content/Slate/Fonts/Roboto-Regular.ttf' (155K)
[2018.01.22-04.39.55:086][  0]LogSlate: Took 0.008877 seconds to synchronously load lazily loaded font '../../../Engine/Content/Slate/Fonts/Roboto-Bold.ttf' (160K)
[2018.01.22-04.39.55:097][  0]LogSlate: Took 0.006192 seconds to synchronously load lazily loaded font '../../../Engine/Content/Editor/Slate/Fonts/FontAwesome.ttf' (139K)
[2018.01.22-04.39.55:238][  0]LogRenderer: Reallocating scene render targets to support 1088x504 NumSamples 1 (Frame:1).
[2018.01.22-04.39.55:351][  0]LogUObjectGlobals:Warning: Failed to find object 'Class None.'
[2018.01.22-04.39.55:417][  0]LogContentBrowser: Native class hierarchy updated for 'HierarchicalLODOutliner' in 0.0005 seconds. Added 1 classes and 2 folders.
[2018.01.22-04.39.55:417][  0]LogLoad: (Engine Initialization) Total time: 33.03 seconds
[2018.01.22-04.39.55:417][  0]LogLoad: (Engine Initialization) Total Blueprint compile time: 0.10 seconds
[2018.01.22-04.39.55:417][  0]LogExternalProfiler: Found external profiler: VSPerf
[2018.01.22-04.39.55:417][  0]LogExternalProfiler: Using external profiler: VSPerf
[2018.01.22-04.39.55:433][  0]LogOcInput: OculusInput pre-init called
[2018.01.22-04.39.55:434][  0]LogHMD: Starting GearVRController plugin
[2018.01.22-04.39.55:463][  0]LogContentStreaming: Texture pool size now 1000 MB
[2018.01.22-04.39.55:534][  0]LogSlate: Took 0.005688 seconds to synchronously load lazily loaded font '../../../Engine/Content/Slate/Fonts/Roboto-Light.ttf' (159K)
[2018.01.22-04.39.55:549][  1]LogAssetRegistry: Asset discovery search completed in 15.2822 seconds
[2018.01.22-04.39.55:552][  1]LogCollectionManager: Rebuilt the object cache for 0 collections in 0.000001 seconds (found 0 objects)
[2018.01.22-04.39.55:552][  1]LogCollectionManager: Fixed up redirectors for 0 collections in 0.000034 seconds (updated 0 objects)
[2018.01.22-04.40.11:792][791]LogSlate: Took 0.000138 seconds to synchronously load lazily loaded font '../../../Engine/Content/Slate/Fonts/Roboto-Light.ttf' (159K)
[2018.01.22-04.40.11:860][791]LogMaterial: Missing cached shader map for material Master_M_Tesselated_Ice, compiling. 
[2018.01.22-04.40.12:077][791]LogMaterial: Missing cached shader map for material Master_M_Tesselated_Ice, compiling. 
[2018.01.22-04.40.12:115][791]LogMaterial: Missing cached shader map for material Master_M_Tesselated_Ice, compiling. 
[2018.01.22-04.40.12:174][791]LogMaterial: Missing cached shader map for material FMatExpressionPreview MaterialExpressionVectorParameter_0, compiling. 
[2018.01.22-04.40.12:180][791]LogMaterial: Missing cached shader map for material FMatExpressionPreview MaterialExpressionVectorParameter_1, compiling. 
[2018.01.22-04.40.12:186][791]LogMaterial: Missing cached shader map for material FMatExpressionPreview MaterialExpressionTextureSample_0, compiling. 
[2018.01.22-04.40.12:191][791]LogMaterial: Missing cached shader map for material FMatExpressionPreview MaterialExpressionTextureSample_1, compiling. 
[2018.01.22-04.40.12:197][791]LogMaterial: Missing cached shader map for material FMatExpressionPreview MaterialExpressionVectorParameter_2, compiling. 
[2018.01.22-04.40.12:201][791]LogMaterial: Missing cached shader map for material FMatExpressionPreview MaterialExpressionTextureSample_2, compiling. 
[2018.01.22-04.40.12:207][791]LogMaterial: Missing cached shader map for material FMatExpressionPreview MaterialExpressionVertexNormalWS_0, compiling. 
[2018.01.22-04.40.12:212][791]LogMaterial: Missing cached shader map for material FMatExpressionPreview MaterialExpressionComponentMask_0, compiling. 
[2018.01.22-04.40.12:216][791]LogMaterial: Missing cached shader map for material FMatExpressionPreview MaterialExpressionVectorParameter_3, compiling. 
[2018.01.22-04.40.12:252][791]LogSlate: Took 0.006858 seconds to synchronously load lazily loaded font '../../../Engine/Content/Editor/Slate/Fonts/Roboto-BoldCondensed.ttf' (158K)
[2018.01.22-04.40.13:468][901]LogSlate: Took 0.007859 seconds to synchronously load lazily loaded font '../../../Engine/Content/Editor/Slate/Fonts/Roboto-Italic.ttf' (157K)
[2018.01.22-04.40.16:749][190]MaterialEditorStats: Info Base pass shader: 200 instructions
[2018.01.22-04.40.16:749][190]MaterialEditorStats: Info Vertex shader: 29 instructions
[2018.01.22-04.40.16:749][190]MaterialEditorStats: Info Texture samplers: 6/16
[2018.01.22-04.40.16:749][190]MaterialEditorStats: Info User interpolators: 2/4 Scalars (1/4 Vectors) (TexCoords: 2, Custom: 0)
[2018.01.22-04.40.18:565][323]LogMaterial: Missing cached shader map for material Master_M_Snowcoating, compiling. 
[2018.01.22-04.40.18:679][323]LogMaterial: Missing cached shader map for material Master_M_Snowcoating, compiling. 
[2018.01.22-04.40.18:713][323]LogMaterial: Missing cached shader map for material Master_M_Snowcoating, compiling. 
[2018.01.22-04.40.18:765][323]LogMaterial: Missing cached shader map for material FMatExpressionPreview MaterialExpressionTextureSample_0, compiling. 
[2018.01.22-04.40.18:771][323]LogMaterial: Missing cached shader map for material FMatExpressionPreview MaterialExpressionTextureSample_1, compiling. 
[2018.01.22-04.40.18:776][323]LogMaterial: Missing cached shader map for material FMatExpressionPreview MaterialExpressionTextureSample_2, compiling. 
[2018.01.22-04.40.18:781][323]LogMaterial: Missing cached shader map for material FMatExpressionPreview MaterialExpressionTextureSample_3, compiling. 
[2018.01.22-04.40.18:788][323]LogMaterial: Missing cached shader map for material FMatExpressionPreview MaterialExpressionTextureSample_4, compiling. 
[2018.01.22-04.40.18:795][323]LogMaterial: Missing cached shader map for material FMatExpressionPreview MaterialExpressionVectorParameter_0, compiling. 
[2018.01.22-04.40.18:801][323]LogMaterial: Missing cached shader map for material FMatExpressionPreview MaterialExpressionTextureSample_6, compiling. 
[2018.01.22-04.40.18:807][323]LogMaterial: Missing cached shader map for material FMatExpressionPreview MaterialExpressionConstant3Vector_1, compiling. 
[2018.01.22-04.40.21:948][488]MaterialEditorStats: Info Base pass shader: 195 instructions
[2018.01.22-04.40.21:948][488]MaterialEditorStats: Info Vertex shader: 29 instructions
[2018.01.22-04.40.21:948][488]MaterialEditorStats: Info Texture samplers: 10/16
[2018.01.22-04.40.21:948][488]MaterialEditorStats: Info User interpolators: 2/4 Scalars (1/4 Vectors) (TexCoords: 2, Custom: 0)
[2018.01.22-04.40.37:611][952]LogContentBrowser: Native class hierarchy updated for 'BlueprintGraph' in 0.0009 seconds. Added 112 classes and 0 folders.
[2018.01.22-04.40.38:161][952]LogSlate: Took 0.000125 seconds to synchronously load lazily loaded font '../../../Engine/Content/Slate/Fonts/Roboto-Regular.ttf' (155K)
[2018.01.22-04.42.57:313][845]LogTemp: Repeting last play command: Selected Viewport
[2018.01.22-04.42.57:379][845]LogBlueprintUserMessages: Early PlayInEditor Detection: Level '/Game/Assets/Maps/MAP_ARENA.MAP_ARENA:PersistentLevel' has LevelScriptBlueprint '/Game/Assets/Maps/MAP_ARENA.MAP_ARENA:PersistentLevel.MAP_ARENA' with GeneratedClass '/Game/Assets/Maps/MAP_ARENA.MAP_ARENA_C' with ClassGeneratedBy '/Game/Assets/Maps/MAP_ARENA.MAP_ARENA:PersistentLevel.MAP_ARENA'
[2018.01.22-04.42.57:381][845]LogPlayLevel: PlayLevel: No blueprints needed recompiling
[2018.01.22-04.42.57:388][845]PIE: New page: PIE session: MAP_ARENA (Jan 21, 2018, 6:42:57 PM)
[2018.01.22-04.42.57:388][845]LogPlayLevel: Creating play world package: /Game/Assets/Maps/UEDPIE_0_MAP_ARENA
[2018.01.22-04.42.57:414][845]LogPlayLevel: PIE: StaticDuplicateObject took: (0.025502s)
[2018.01.22-04.42.57:415][845]LogAIModule: Creating AISystem for world MAP_ARENA
[2018.01.22-04.42.57:415][845]LogPlayLevel: PIE: World Init took: (0.000964s)
[2018.01.22-04.42.57:417][845]LogPlayLevel: PIE: Created PIE world by copying editor world from /Game/Assets/Maps/MAP_ARENA.MAP_ARENA to /Game/Assets/Maps/UEDPIE_0_MAP_ARENA.MAP_ARENA (0.028487s)
[2018.01.22-04.42.57:454][845]LogInit: XAudio2 using 'Speakers / Headphones (Realtek High Definition Audio)' : 2 channels at 48 kHz using 32 bits per sample (channel mask 0x3)
[2018.01.22-04.42.57:470][845]LogInit: FAudioDevice initialized.
[2018.01.22-04.42.57:527][845]LogLoad: Game class is 'BP_GameMode_C'
[2018.01.22-04.42.57:541][845]LogWorld: Bringing World /Game/Assets/Maps/UEDPIE_0_MAP_ARENA.MAP_ARENA up for play (max tick rate 0) at 2018.01.21-23.42.57
[2018.01.22-04.42.57:543][845]LogWorld: Bringing up level for play took: 0.002503
[2018.01.22-04.42.57:611][845]LogContentBrowser: Native class hierarchy updated for 'MovieSceneCapture' in 0.0006 seconds. Added 11 classes and 0 folders.
[2018.01.22-04.42.57:630][845]PIE: Info Play in editor start time for /Game/Assets/Maps/UEDPIE_0_MAP_ARENA 0.023
[2018.01.22-04.42.57:631][845]LogBlueprintUserMessages: Late PlayInEditor Detection: Level '/Game/Assets/Maps/MAP_ARENA.MAP_ARENA:PersistentLevel' has LevelScriptBlueprint '/Game/Assets/Maps/MAP_ARENA.MAP_ARENA:PersistentLevel.MAP_ARENA' with GeneratedClass '/Game/Assets/Maps/MAP_ARENA.MAP_ARENA_C' with ClassGeneratedBy '/Game/Assets/Maps/MAP_ARENA.MAP_ARENA:PersistentLevel.MAP_ARENA'
[2018.01.22-04.42.58:364][908]LogBlueprintUserMessages: Early EndPlayMap Detection: Level '/Game/Assets/Maps/MAP_ARENA.MAP_ARENA:PersistentLevel' has LevelScriptBlueprint '/Game/Assets/Maps/MAP_ARENA.MAP_ARENA:PersistentLevel.MAP_ARENA' with GeneratedClass '/Game/Assets/Maps/MAP_ARENA.MAP_ARENA_C' with ClassGeneratedBy '/Game/Assets/Maps/MAP_ARENA.MAP_ARENA:PersistentLevel.MAP_ARENA'
[2018.01.22-04.42.58:400][908]LogBlueprintUserMessages: Late EndPlayMap Detection: Level '/Game/Assets/Maps/MAP_ARENA.MAP_ARENA:PersistentLevel' has LevelScriptBlueprint '/Game/Assets/Maps/MAP_ARENA.MAP_ARENA:PersistentLevel.MAP_ARENA' with GeneratedClass '/Game/Assets/Maps/MAP_ARENA.MAP_ARENA_C' with ClassGeneratedBy '/Game/Assets/Maps/MAP_ARENA.MAP_ARENA:PersistentLevel.MAP_ARENA'
[2018.01.22-04.43.19:121][790]LogTemp: Repeting last play command: Selected Viewport
[2018.01.22-04.43.19:142][790]LogBlueprintUserMessages: Early PlayInEditor Detection: Level '/Game/Assets/Maps/MAP_ARENA.MAP_ARENA:PersistentLevel' has LevelScriptBlueprint '/Game/Assets/Maps/MAP_ARENA.MAP_ARENA:PersistentLevel.MAP_ARENA' with GeneratedClass '/Game/Assets/Maps/MAP_ARENA.MAP_ARENA_C' with ClassGeneratedBy '/Game/Assets/Maps/MAP_ARENA.MAP_ARENA:PersistentLevel.MAP_ARENA'
[2018.01.22-04.43.19:142][790]LogPlayLevel: PlayLevel: No blueprints needed recompiling
[2018.01.22-04.43.19:142][790]PIE: New page: PIE session: MAP_ARENA (Jan 21, 2018, 6:43:19 PM)
[2018.01.22-04.43.19:142][790]LogPlayLevel: Creating play world package: /Game/Assets/Maps/UEDPIE_0_MAP_ARENA
[2018.01.22-04.43.19:158][790]LogPlayLevel: PIE: StaticDuplicateObject took: (0.015694s)
[2018.01.22-04.43.19:159][790]LogAIModule: Creating AISystem for world MAP_ARENA
[2018.01.22-04.43.19:159][790]LogPlayLevel: PIE: World Init took: (0.000915s)
[2018.01.22-04.43.19:159][790]LogPlayLevel: PIE: Created PIE world by copying editor world from /Game/Assets/Maps/MAP_ARENA.MAP_ARENA to /Game/Assets/Maps/UEDPIE_0_MAP_ARENA.MAP_ARENA (0.016875s)
[2018.01.22-04.43.19:191][790]LogInit: XAudio2 using 'Speakers / Headphones (Realtek High Definition Audio)' : 2 channels at 48 kHz using 32 bits per sample (channel mask 0x3)
[2018.01.22-04.43.19:209][790]LogInit: FAudioDevice initialized.
[2018.01.22-04.43.19:242][790]LogLoad: Game class is 'BP_GameMode_C'
[2018.01.22-04.43.19:245][790]LogWorld: Bringing World /Game/Assets/Maps/UEDPIE_0_MAP_ARENA.MAP_ARENA up for play (max tick rate 0) at 2018.01.21-23.43.19
[2018.01.22-04.43.19:245][790]LogWorld: Bringing up level for play took: 0.001299
[2018.01.22-04.43.19:247][790]PIE: Info Play in editor start time for /Game/Assets/Maps/UEDPIE_0_MAP_ARENA -0.36
[2018.01.22-04.43.19:247][790]LogBlueprintUserMessages: Late PlayInEditor Detection: Level '/Game/Assets/Maps/MAP_ARENA.MAP_ARENA:PersistentLevel' has LevelScriptBlueprint '/Game/Assets/Maps/MAP_ARENA.MAP_ARENA:PersistentLevel.MAP_ARENA' with GeneratedClass '/Game/Assets/Maps/MAP_ARENA.MAP_ARENA_C' with ClassGeneratedBy '/Game/Assets/Maps/MAP_ARENA.MAP_ARENA:PersistentLevel.MAP_ARENA'
[2018.01.22-04.43.20:342][888]LogBlueprintUserMessages: [BP_Character_C_0]  
[2018.01.22-04.43.20:606][914]LogBlueprintUserMessages: [BP_Character_C_0]  
[2018.01.22-04.43.20:919][944]LogBlueprintUserMessages: [BP_Character_C_0]  
[2018.01.22-04.43.21:388][989]LogBlueprintUserMessages: [BP_Character_C_0]  
[2018.01.22-04.43.21:602][  9]LogBlueprintUserMessages: [BP_Character_C_0]  
[2018.01.22-04.43.21:740][ 22]LogBlueprintUserMessages: [BP_Character_C_0]  
[2018.01.22-04.43.22:008][ 48]LogBlueprintUserMessages: [BP_Character_C_0]  
[2018.01.22-04.43.22:168][ 63]LogBlueprintUserMessages: [BP_Character_C_0]  
[2018.01.22-04.43.22:394][ 84]LogBlueprintUserMessages: [BP_Character_C_0]  
[2018.01.22-04.43.22:670][110]LogBlueprintUserMessages: [BP_Character_C_0]  
[2018.01.22-04.43.22:808][123]LogBlueprintUserMessages: [BP_Character_C_0]  
[2018.01.22-04.43.24:913][326]LogBlueprintUserMessages: [BP_Character_C_0]  
[2018.01.22-04.43.25:165][350]LogBlueprintUserMessages: [BP_Character_C_0]  
[2018.01.22-04.43.25:401][372]LogBlueprintUserMessages: [BP_Character_C_0]  
[2018.01.22-04.43.25:605][391]LogBlueprintUserMessages: [BP_Character_C_0]  
[2018.01.22-04.43.25:880][417]LogBlueprintUserMessages: [BP_Character_C_0]  
[2018.01.22-04.43.26:043][433]LogBlueprintUserMessages: [BP_Character_C_0]  
[2018.01.22-04.43.26:735][499]LogBlueprintUserMessages: [BP_Character_C_0]  
[2018.01.22-04.43.27:016][525]LogBlueprintUserMessages: [BP_Character_C_0]  
[2018.01.22-04.43.27:296][551]LogBlueprintUserMessages: [BP_Character_C_0]  
[2018.01.22-04.43.27:433][564]LogBlueprintUserMessages: [BP_Character_C_0]  
[2018.01.22-04.43.27:576][577]LogBlueprintUserMessages: [BP_Character_C_0]  
[2018.01.22-04.43.27:715][590]LogBlueprintUserMessages: [BP_Character_C_0]  
[2018.01.22-04.43.27:859][603]LogBlueprintUserMessages: [BP_Character_C_0]  
[2018.01.22-04.43.28:006][616]LogBlueprintUserMessages: [BP_Character_C_0]  
[2018.01.22-04.43.28:297][644]LogBlueprintUserMessages: [BP_Character_C_0]  
[2018.01.22-04.43.28:559][670]LogBlueprintUserMessages: [BP_Character_C_0]  
[2018.01.22-04.43.29:339][746]LogBlueprintUserMessages: [BP_Character_C_0]  
[2018.01.22-04.43.30:951][900]LogBlueprintUserMessages: [BP_Character_C_0]  
[2018.01.22-04.43.31:823][983]LogBlueprintUserMessages: [BP_Character_C_0]  
[2018.01.22-04.43.36:276][416]LogBlueprintUserMessages: [BP_Character_C_0]  
[2018.01.22-04.43.36:484][436]LogBlueprintUserMessages: [BP_Character_C_0]  
[2018.01.22-04.43.36:934][479]LogBlueprintUserMessages: [BP_Character_C_0]  
[2018.01.22-04.43.37:515][536]LogBlueprintUserMessages: [BP_Character_C_0]  
[2018.01.22-04.43.37:713][555]LogBlueprintUserMessages: [BP_Character_C_0]  
[2018.01.22-04.43.37:853][568]LogBlueprintUserMessages: [BP_Character_C_0]  
[2018.01.22-04.43.37:995][581]LogBlueprintUserMessages: [BP_Character_C_0]  
[2018.01.22-04.43.38:129][594]LogBlueprintUserMessages: [BP_Character_C_0]  
[2018.01.22-04.43.44:665][230]LogBlueprintUserMessages: [BP_Character_C_0]  
[2018.01.22-04.43.44:864][249]LogBlueprintUserMessages: [BP_Character_C_0]  
[2018.01.22-04.43.45:001][262]LogBlueprintUserMessages: [BP_Character_C_0]  
[2018.01.22-04.43.45:393][299]LogBlueprintUserMessages: [BP_Character_C_0]  
[2018.01.22-04.43.45:880][347]LogBlueprintUserMessages: [BP_Character_C_0]  
[2018.01.22-04.43.59:983][756]LogBlueprintUserMessages: [BP_Character_C_0]  
[2018.01.22-04.44.00:252][782]LogBlueprintUserMessages: [BP_Character_C_0]  
[2018.01.22-04.44.00:430][799]LogBlueprintUserMessages: [BP_Character_C_0]  
[2018.01.22-04.44.00:569][812]LogBlueprintUserMessages: [BP_Character_C_0]  
[2018.01.22-04.44.00:708][825]LogBlueprintUserMessages: [BP_Character_C_0]  
[2018.01.22-04.44.00:909][844]LogBlueprintUserMessages: [BP_Character_C_0]  
[2018.01.22-04.44.01:181][870]LogBlueprintUserMessages: [BP_Character_C_0]  
[2018.01.22-04.44.01:350][885]LogBlueprintUserMessages: [BP_Character_C_0]  
[2018.01.22-04.44.01:619][911]LogBlueprintUserMessages: [BP_Character_C_0]  
[2018.01.22-04.44.01:894][937]LogBlueprintUserMessages: [BP_Character_C_0]  
[2018.01.22-04.44.02:119][958]LogBlueprintUserMessages: [BP_Character_C_0]  
[2018.01.22-04.44.02:255][971]LogBlueprintUserMessages: [BP_Character_C_0]  
[2018.01.22-04.44.02:402][984]LogBlueprintUserMessages: [BP_Character_C_0]  
[2018.01.22-04.44.02:544][997]LogBlueprintUserMessages: [BP_Character_C_0]  
[2018.01.22-04.44.02:688][ 10]LogBlueprintUserMessages: [BP_Character_C_0]  
[2018.01.22-04.44.02:829][ 23]LogBlueprintUserMessages: [BP_Character_C_0]  
[2018.01.22-04.44.02:970][ 36]LogBlueprintUserMessages: [BP_Character_C_0]  
[2018.01.22-04.44.03:112][ 49]LogBlueprintUserMessages: [BP_Character_C_0]  
[2018.01.22-04.44.03:254][ 62]LogBlueprintUserMessages: [BP_Character_C_0]  
[2018.01.22-04.44.03:396][ 75]LogBlueprintUserMessages: [BP_Character_C_0]  
[2018.01.22-04.44.03:536][ 88]LogBlueprintUserMessages: [BP_Character_C_0]  
[2018.01.22-04.44.03:672][101]LogBlueprintUserMessages: [BP_Character_C_0]  
[2018.01.22-04.44.03:814][114]LogBlueprintUserMessages: [BP_Character_C_0]  
[2018.01.22-04.44.03:956][127]LogBlueprintUserMessages: [BP_Character_C_0]  
[2018.01.22-04.44.04:859][210]LogBlueprintUserMessages: [BP_Character_C_0]  
[2018.01.22-04.44.05:141][236]LogBlueprintUserMessages: [BP_Character_C_0]  
[2018.01.22-04.44.05:386][258]LogBlueprintUserMessages: [BP_Character_C_0]  
[2018.01.22-04.44.06:004][315]LogBlueprintUserMessages: [BP_Character_C_0]  
[2018.01.22-04.44.06:141][328]LogBlueprintUserMessages: [BP_Character_C_0]  
[2018.01.22-04.44.06:287][341]LogBlueprintUserMessages: [BP_Character_C_0]  
[2018.01.22-04.44.06:435][354]LogBlueprintUserMessages: [BP_Character_C_0]  
[2018.01.22-04.44.06:576][367]LogBlueprintUserMessages: [BP_Character_C_0]  
[2018.01.22-04.44.06:955][403]LogBlueprintUserMessages: [BP_Character_C_0]  
[2018.01.22-04.44.07:090][416]LogBlueprintUserMessages: [BP_Character_C_0]  
[2018.01.22-04.44.07:569][463]LogBlueprintUserMessages: [BP_Character_C_0]  
[2018.01.22-04.44.08:295][533]LogBlueprintUserMessages: [BP_Character_C_0]  
[2018.01.22-04.44.13:496][ 46]LogBlueprintUserMessages: [BP_Character_C_0]  
[2018.01.22-04.44.14:392][134]LogBlueprintUserMessages: [BP_Character_C_0]  
[2018.01.22-04.44.14:659][160]LogBlueprintUserMessages: [BP_Character_C_0]  
[2018.01.22-04.44.14:825][176]LogBlueprintUserMessages: [BP_Character_C_0]  
[2018.01.22-04.44.14:984][191]LogBlueprintUserMessages: [BP_Character_C_0]  
[2018.01.22-04.44.16:170][306]LogBlueprintUserMessages: [BP_Character_C_0]  
[2018.01.22-04.44.17:392][423]LogBlueprintUserMessages: [BP_Character_C_0]  
[2018.01.22-04.44.17:604][442]LogBlueprintUserMessages: [BP_Character_C_0]  
[2018.01.22-04.44.17:748][455]LogBlueprintUserMessages: [BP_Character_C_0]  
[2018.01.22-04.44.17:886][468]LogBlueprintUserMessages: [BP_Character_C_0]  
[2018.01.22-04.44.18:081][487]LogBlueprintUserMessages: [BP_Character_C_0]  
[2018.01.22-04.44.18:348][513]LogBlueprintUserMessages: [BP_Character_C_0]  
[2018.01.22-04.44.18:685][546]LogBlueprintUserMessages: [BP_Character_C_0]  
[2018.01.22-04.44.18:971][574]LogBlueprintUserMessages: [BP_Character_C_0]  
[2018.01.22-04.44.19:214][597]LogBlueprintUserMessages: [BP_Character_C_0]  
[2018.01.22-04.44.19:348][610]LogBlueprintUserMessages: [BP_Character_C_0]  
[2018.01.22-04.44.20:621][737]LogBlueprintUserMessages: [BP_Character_C_0]  
[2018.01.22-04.44.20:749][750]LogBlueprintUserMessages: [BP_Character_C_0]  
[2018.01.22-04.44.22:221][898]LogBlueprintUserMessages: [BP_Character_C_0]  
[2018.01.22-04.44.22:357][911]LogBlueprintUserMessages: [BP_Character_C_0]  
[2018.01.22-04.44.22:494][924]LogBlueprintUserMessages: [BP_Character_C_0]  
[2018.01.22-04.44.22:636][937]LogBlueprintUserMessages: [BP_Character_C_0]  
[2018.01.22-04.44.22:772][950]LogBlueprintUserMessages: [BP_Character_C_0]  
[2018.01.22-04.44.23:720][ 44]LogBlueprintUserMessages: [BP_Character_C_0]  
[2018.01.22-04.44.23:851][ 57]LogBlueprintUserMessages: [BP_Character_C_0]  
[2018.01.22-04.44.23:986][ 70]LogBlueprintUserMessages: [BP_Character_C_0]  
[2018.01.22-04.44.25:281][197]LogBlueprintUserMessages: [BP_Character_C_0]  
[2018.01.22-04.44.27:514][416]LogBlueprintUserMessages: [BP_Character_C_0]  
[2018.01.22-04.44.27:651][429]LogBlueprintUserMessages: [BP_Character_C_0]  
[2018.01.22-04.44.27:787][442]LogBlueprintUserMessages: [BP_Character_C_0]  
[2018.01.22-04.44.27:926][455]LogBlueprintUserMessages: [BP_Character_C_0]  
[2018.01.22-04.44.28:168][478]LogBlueprintUserMessages: [BP_Character_C_0]  
[2018.01.22-04.44.28:303][491]LogBlueprintUserMessages: [BP_Character_C_0]  
[2018.01.22-04.44.28:439][504]LogBlueprintUserMessages: [BP_Character_C_0]  
[2018.01.22-04.44.28:616][521]LogBlueprintUserMessages: [BP_Character_C_0]  
[2018.01.22-04.44.28:848][543]LogBlueprintUserMessages: [BP_Character_C_0]  
[2018.01.22-04.44.28:983][556]LogBlueprintUserMessages: [BP_Character_C_0]  
[2018.01.22-04.44.30:482][702]LogBlueprintUserMessages: [BP_Character_C_0]  
[2018.01.22-04.44.30:757][728]LogBlueprintUserMessages: [BP_Character_C_0]  
[2018.01.22-04.44.30:898][742]LogBlueprintUserMessages: [BP_Character_C_0]  
[2018.01.22-04.44.31:034][755]LogBlueprintUserMessages: [BP_Character_C_0]  
[2018.01.22-04.44.31:643][814]LogBlueprintUserMessages: [BP_Character_C_0]  
[2018.01.22-04.44.31:781][827]LogBlueprintUserMessages: [BP_Character_C_0]  
[2018.01.22-04.44.31:919][840]LogBlueprintUserMessages: [BP_Character_C_0]  
[2018.01.22-04.44.32:911][938]LogBlueprintUserMessages: [BP_Character_C_0]  
[2018.01.22-04.44.33:084][955]LogBlueprintUserMessages: [BP_Character_C_0]  
[2018.01.22-04.44.33:213][968]LogBlueprintUserMessages: [BP_Character_C_0]  
[2018.01.22-04.44.33:380][984]LogBlueprintUserMessages: [BP_Character_C_0]  
[2018.01.22-04.44.34:227][ 69]LogBlueprintUserMessages: [BP_Character_C_0]  
[2018.01.22-04.44.34:365][ 82]LogBlueprintUserMessages: [BP_Character_C_0]  
[2018.01.22-04.44.34:504][ 95]LogBlueprintUserMessages: [BP_Character_C_0]  
[2018.01.22-04.44.34:671][110]LogBlueprintUserMessages: [BP_Character_C_0]  
[2018.01.22-04.44.34:960][136]LogBlueprintUserMessages: [BP_Character_C_0]  
[2018.01.22-04.44.36:020][239]LogBlueprintUserMessages: [BP_Character_C_0]  
[2018.01.22-04.44.36:280][265]LogBlueprintUserMessages: [BP_Character_C_0]  
[2018.01.22-04.44.36:549][291]LogBlueprintUserMessages: [BP_Character_C_0]  
[2018.01.22-04.44.36:707][306]LogBlueprintUserMessages: [BP_Character_C_0]  
[2018.01.22-04.44.36:886][323]LogBlueprintUserMessages: [BP_Character_C_0]  
[2018.01.22-04.44.37:019][336]LogBlueprintUserMessages: [BP_Character_C_0]  
[2018.01.22-04.44.37:220][355]LogBlueprintUserMessages: [BP_Character_C_0]  
[2018.01.22-04.44.37:496][381]LogBlueprintUserMessages: [BP_Character_C_0]  
[2018.01.22-04.44.37:753][405]LogBlueprintUserMessages: [BP_Character_C_0]  
[2018.01.22-04.44.37:887][418]LogBlueprintUserMessages: [BP_Character_C_0]  
[2018.01.22-04.44.38:032][431]LogBlueprintUserMessages: [BP_Character_C_0]  
[2018.01.22-04.44.38:170][444]LogBlueprintUserMessages: [BP_Character_C_0]  
[2018.01.22-04.44.38:312][457]LogBlueprintUserMessages: [BP_Character_C_0]  
[2018.01.22-04.44.38:449][470]LogBlueprintUserMessages: [BP_Character_C_0]  
[2018.01.22-04.44.38:583][483]LogBlueprintUserMessages: [BP_Character_C_0]  
[2018.01.22-04.44.38:719][496]LogBlueprintUserMessages: [BP_Character_C_0]  
[2018.01.22-04.44.38:954][518]LogBlueprintUserMessages: [BP_Character_C_0]  
[2018.01.22-04.44.40:522][666]LogBlueprintUserMessages: [BP_Character_C_0]  
[2018.01.22-04.44.43:382][931]LogBlueprintUserMessages: [BP_Character_C_0]  
[2018.01.22-04.44.43:621][952]LogBlueprintUserMessages: [BP_Character_C_0]  
[2018.01.22-04.44.43:768][965]LogBlueprintUserMessages: [BP_Character_C_0]  
[2018.01.22-04.44.43:912][978]LogBlueprintUserMessages: [BP_Character_C_0]  
[2018.01.22-04.44.44:054][991]LogBlueprintUserMessages: [BP_Character_C_0]  
[2018.01.22-04.44.44:195][  4]LogBlueprintUserMessages: [BP_Character_C_0]  
[2018.01.22-04.44.44:340][ 17]LogBlueprintUserMessages: [BP_Character_C_0]  
[2018.01.22-04.44.44:559][ 36]LogBlueprintUserMessages: [BP_Character_C_0]  
[2018.01.22-04.44.44:785][ 56]LogBlueprintUserMessages: [BP_Character_C_0]  
[2018.01.22-04.44.44:963][ 72]LogBlueprintUserMessages: [BP_Character_C_0]  
[2018.01.22-04.44.45:105][ 85]LogBlueprintUserMessages: [BP_Character_C_0]  
[2018.01.22-04.44.45:251][ 98]LogBlueprintUserMessages: [BP_Character_C_0]  
[2018.01.22-04.44.45:431][114]LogBlueprintUserMessages: [BP_Character_C_0]  
[2018.01.22-04.44.45:692][137]LogBlueprintUserMessages: [BP_Character_C_0]  
[2018.01.22-04.44.45:838][150]LogBlueprintUserMessages: [BP_Character_C_0]  
[2018.01.22-04.44.45:987][163]LogBlueprintUserMessages: [BP_Character_C_0]  
[2018.01.22-04.44.46:279][189]LogBlueprintUserMessages: [BP_Character_C_0]  
[2018.01.22-04.44.46:572][215]LogBlueprintUserMessages: [BP_Character_C_0]  
[2018.01.22-04.44.46:788][234]LogBlueprintUserMessages: [BP_Character_C_0]  
[2018.01.22-04.44.46:933][247]LogBlueprintUserMessages: [BP_Character_C_0]  
[2018.01.22-04.44.47:081][260]LogBlueprintUserMessages: [BP_Character_C_0]  
[2018.01.22-04.44.47:220][273]LogBlueprintUserMessages: [BP_Character_C_0]  
[2018.01.22-04.44.47:362][286]LogBlueprintUserMessages: [BP_Character_C_0]  
[2018.01.22-04.44.47:594][307]LogBlueprintUserMessages: [BP_Character_C_0]  
[2018.01.22-04.44.47:885][333]LogBlueprintUserMessages: [BP_Character_C_0]  
[2018.01.22-04.44.48:120][354]LogBlueprintUserMessages: [BP_Character_C_0]  
[2018.01.22-04.44.48:414][380]LogBlueprintUserMessages: [BP_Character_C_0]  
[2018.01.22-04.44.48:654][402]LogBlueprintUserMessages: [BP_Character_C_0]  
[2018.01.22-04.44.48:798][415]LogBlueprintUserMessages: [BP_Character_C_0]  
[2018.01.22-04.44.48:946][428]LogBlueprintUserMessages: [BP_Character_C_0]  
[2018.01.22-04.44.49:213][452]LogBlueprintUserMessages: [BP_Character_C_0]  
[2018.01.22-04.44.50:224][543]LogBlueprintUserMessages: [BP_Character_C_0]  
[2018.01.22-04.44.50:520][569]LogBlueprintUserMessages: [BP_Character_C_0]  
[2018.01.22-04.44.50:773][592]LogBlueprintUserMessages: [BP_Character_C_0]  
[2018.01.22-04.44.50:922][605]LogBlueprintUserMessages: [BP_Character_C_0]  
[2018.01.22-04.44.51:063][618]LogBlueprintUserMessages: [BP_Character_C_0]  
[2018.01.22-04.44.51:207][631]LogBlueprintUserMessages: [BP_Character_C_0]  
[2018.01.22-04.44.51:351][644]LogBlueprintUserMessages: [BP_Character_C_0]  
[2018.01.22-04.44.51:495][657]LogBlueprintUserMessages: [BP_Character_C_0]  
[2018.01.22-04.44.51:639][670]LogBlueprintUserMessages: [BP_Character_C_0]  
[2018.01.22-04.44.51:780][683]LogBlueprintUserMessages: [BP_Character_C_0]  
[2018.01.22-04.44.51:922][696]LogBlueprintUserMessages: [BP_Character_C_0]  
[2018.01.22-04.44.52:065][709]LogBlueprintUserMessages: [BP_Character_C_0]  
[2018.01.22-04.44.52:211][722]LogBlueprintUserMessages: [BP_Character_C_0]  
[2018.01.22-04.44.52:356][735]LogBlueprintUserMessages: [BP_Character_C_0]  
[2018.01.22-04.44.52:500][748]LogBlueprintUserMessages: [BP_Character_C_0]  
[2018.01.22-04.44.52:643][761]LogBlueprintUserMessages: [BP_Character_C_0]  
[2018.01.22-04.44.52:788][774]LogBlueprintUserMessages: [BP_Character_C_0]  
[2018.01.22-04.44.53:017][794]LogBlueprintUserMessages: [BP_Character_C_0]  
[2018.01.22-04.44.53:194][810]LogBlueprintUserMessages: [BP_Character_C_0]  
[2018.01.22-04.44.53:368][826]LogBlueprintUserMessages: [BP_Character_C_0]  
[2018.01.22-04.44.53:589][846]LogBlueprintUserMessages: [BP_Character_C_0]  
[2018.01.22-04.44.57:755][243]LogBlueprintUserMessages: [BP_Character_C_0]  
[2018.01.22-04.44.57:896][256]LogBlueprintUserMessages: [BP_Character_C_0]  
[2018.01.22-04.44.58:035][269]LogBlueprintUserMessages: [BP_Character_C_0]  
[2018.01.22-04.44.58:266][290]LogBlueprintUserMessages: [BP_Character_C_0]  
[2018.01.22-04.44.58:453][307]LogBlueprintUserMessages: [BP_Character_C_0]  
[2018.01.22-04.44.58:918][350]LogBlueprintUserMessages: Early EndPlayMap Detection: Level '/Game/Assets/Maps/MAP_ARENA.MAP_ARENA:PersistentLevel' has LevelScriptBlueprint '/Game/Assets/Maps/MAP_ARENA.MAP_ARENA:PersistentLevel.MAP_ARENA' with GeneratedClass '/Game/Assets/Maps/MAP_ARENA.MAP_ARENA_C' with ClassGeneratedBy '/Game/Assets/Maps/MAP_ARENA.MAP_ARENA:PersistentLevel.MAP_ARENA'
[2018.01.22-04.44.58:962][350]LogBlueprintUserMessages: Late EndPlayMap Detection: Level '/Game/Assets/Maps/MAP_ARENA.MAP_ARENA:PersistentLevel' has LevelScriptBlueprint '/Game/Assets/Maps/MAP_ARENA.MAP_ARENA:PersistentLevel.MAP_ARENA' with GeneratedClass '/Game/Assets/Maps/MAP_ARENA.MAP_ARENA_C' with ClassGeneratedBy '/Game/Assets/Maps/MAP_ARENA.MAP_ARENA:PersistentLevel.MAP_ARENA'
[2018.01.22-04.52.29:884][353]LogWindowsTextInputMethodSystem:Display: IME system now deactivated.
[2018.01.22-04.52.29:884][353]LogWindowsTextInputMethodSystem:Display: IME system now deactivated.
[2018.01.22-04.52.30:069][354]Cmd: QUIT_EDITOR
[2018.01.22-04.52.30:615][354]LogExit: Preparing to exit.
[2018.01.22-04.52.31:298][354]LogDirectoryWatcher: A directory notification for 'D:/Desktop/Oblivion Games/root_OblivionGames/Content/' was aborted.
[2018.01.22-04.52.31:343][354]LogExit: Editor shut down
[2018.01.22-04.52.31:353][354]LogExit: Transaction tracking system shut down
[2018.01.22-04.52.31:555][354]LogObj: Freed 0b from 0 cluster array pools.
[2018.01.22-04.52.31:555][354]LogExit: Object subsystem successfully closed.
[2018.01.22-04.52.31:590][354]LogD3D11RHI: Shutdown
[2018.01.22-04.52.31:590][354]LogD3D11RHI: CleanupD3DDevice
[2018.01.22-04.52.31:666][354]LogD3D11RHI: ~FD3D11DynamicRHI
[2018.01.22-04.52.31:722][354]LogModuleManager: Shutting down and abandoning module MovieSceneCapture (532)
[2018.01.22-04.52.31:722][354]LogModuleManager: Shutting down and abandoning module BlueprintGraph (530)
[2018.01.22-04.52.31:722][354]LogModuleManager: Shutting down and abandoning module BlueprintProfiler (528)
[2018.01.22-04.52.31:725][354]LogModuleManager: Shutting down and abandoning module MaterialEditor (526)
[2018.01.22-04.52.31:725][354]LogModuleManager: Shutting down and abandoning module HierarchicalLODOutliner (524)
[2018.01.22-04.52.31:726][354]LogModuleManager: Shutting down and abandoning module CrashTracker (522)
[2018.01.22-04.52.31:726][354]LogModuleManager: Shutting down and abandoning module SceneOutliner (520)
[2018.01.22-04.52.31:726][354]LogModuleManager: Shutting down and abandoning module AddContentDialog (518)
[2018.01.22-04.52.31:727][354]LogDirectoryWatcher: A directory notification for 'D:/Program Files (x86)/Epic Games/UE_4.16/FeaturePacks/' was aborted.
[2018.01.22-04.52.31:729][354]LogModuleManager: Shutting down and abandoning module WidgetCarousel (517)
[2018.01.22-04.52.31:729][354]LogModuleManager: Shutting down and abandoning module EditorWidgets (514)
[2018.01.22-04.52.31:729][354]LogModuleManager: Shutting down and abandoning module CollectionManager (512)
[2018.01.22-04.52.31:729][354]LogDirectoryWatcher: A directory notification for 'D:/Desktop/Oblivion Games/root_OblivionGames/Content/Collections/' was aborted.
[2018.01.22-04.52.31:729][354]LogDirectoryWatcher: A directory notification for 'D:/Desktop/Oblivion Games/root_OblivionGames/Content/Developers/Felix/Collections/' was aborted.
[2018.01.22-04.52.31:729][354]LogDirectoryWatcher: A directory notification for 'D:/Desktop/Oblivion Games/root_OblivionGames/Saved/Collections/' was aborted.
[2018.01.22-04.52.31:729][354]LogModuleManager: Shutting down and abandoning module StatsViewer (510)
[2018.01.22-04.52.31:730][354]LogModuleManager: Shutting down and abandoning module FoliageEdit (508)
[2018.01.22-04.52.31:730][354]LogModuleManager: Shutting down and abandoning module LandscapeEditor (506)
[2018.01.22-04.52.31:731][354]LogModuleManager: Shutting down and abandoning module MeshPaintMode (504)
[2018.01.22-04.52.31:731][354]LogModuleManager: Shutting down and abandoning module SceneDepthPickerMode (502)
[2018.01.22-04.52.31:731][354]LogModuleManager: Shutting down and abandoning module ActorPickerMode (500)
[2018.01.22-04.52.31:731][354]LogModuleManager: Shutting down and abandoning module GeometryMode (498)
[2018.01.22-04.52.31:731][354]LogModuleManager: Shutting down and abandoning module TextureAlignMode (496)
[2018.01.22-04.52.31:731][354]LogModuleManager: Shutting down and abandoning module BspMode (494)
[2018.01.22-04.52.31:732][354]LogModuleManager: Shutting down and abandoning module HardwareSurvey (492)
[2018.01.22-04.52.31:732][354]LogModuleManager: Shutting down and abandoning module SequenceRecorderSections (490)
[2018.01.22-04.52.31:732][354]LogModuleManager: Shutting down and abandoning module AutomationWorker (488)
[2018.01.22-04.52.31:732][354]LogModuleManager: Shutting down and abandoning module MatineeToLevelSequence (486)
[2018.01.22-04.52.31:733][354]LogModuleManager: Shutting down and abandoning module LevelSequenceEditor (484)
[2018.01.22-04.52.31:737][354]LogModuleManager: Shutting down and abandoning module PlacementMode (483)
[2018.01.22-04.52.31:738][354]LogModuleManager: Shutting down and abandoning module WmfMediaFactory (480)
[2018.01.22-04.52.31:738][354]LogModuleManager: Shutting down and abandoning module WmfMediaEditor (478)
[2018.01.22-04.52.31:738][354]LogModuleManager: Shutting down and abandoning module AvfMediaFactory (476)
[2018.01.22-04.52.31:738][354]LogModuleManager: Shutting down and abandoning module AvfMediaEditor (474)
[2018.01.22-04.52.31:738][354]LogModuleManager: Shutting down and abandoning module AndroidMediaFactory (472)
[2018.01.22-04.52.31:738][354]LogModuleManager: Shutting down and abandoning module Media (471)
[2018.01.22-04.52.31:738][354]LogModuleManager: Shutting down and abandoning module AndroidMediaEditor (468)
[2018.01.22-04.52.31:738][354]LogModuleManager: Shutting down and abandoning module CharacterAI (466)
[2018.01.22-04.52.31:738][354]LogModuleManager: Shutting down and abandoning module AudioCapture (464)
[2018.01.22-04.52.31:739][354]LogModuleManager: Shutting down and abandoning module SequenceRecorder (463)
[2018.01.22-04.52.31:741][354]LogModuleManager: Shutting down and abandoning module SmartSnapping (460)
[2018.01.22-04.52.31:741][354]LogModuleManager: Shutting down and abandoning module SessionServices (458)
[2018.01.22-04.52.31:741][354]LogModuleManager: Shutting down and abandoning module ViewportSnapping (456)
[2018.01.22-04.52.31:741][354]LogModuleManager: Shutting down and abandoning module ViewportInteraction (454)
[2018.01.22-04.52.31:741][354]LogModuleManager: Shutting down and abandoning module ClothPainter (452)
[2018.01.22-04.52.31:744][354]LogModuleManager: Shutting down and abandoning module LogVisualizer (450)
[2018.01.22-04.52.31:745][354]LogModuleManager: Shutting down and abandoning module IntroTutorials (448)
[2018.01.22-04.52.31:748][354]LogModuleManager: Shutting down and abandoning module GameProjectGeneration (447)
[2018.01.22-04.52.31:749][354]LogModuleManager: Shutting down and abandoning module EditorLiveStreaming (444)
[2018.01.22-04.52.31:749][354]LogModuleManager: Shutting down and abandoning module IOSPlatformEditor (442)
[2018.01.22-04.52.31:750][354]LogModuleManager: Shutting down and abandoning module HTML5PlatformEditor (440)
[2018.01.22-04.52.31:750][354]LogModuleManager: Shutting down and abandoning module AndroidPlatformEditor (438)
[2018.01.22-04.52.31:750][354]LogModuleManager: Shutting down and abandoning module AndroidDeviceDetection (437)
[2018.01.22-04.52.32:751][354]LogModuleManager: Shutting down and abandoning module IOSRuntimeSettings (434)
[2018.01.22-04.52.32:751][354]LogModuleManager: Shutting down and abandoning module AndroidRuntimeSettings (432)
[2018.01.22-04.52.32:751][354]LogModuleManager: Shutting down and abandoning module InputBindingEditor (430)
[2018.01.22-04.52.32:753][354]LogModuleManager: Shutting down and abandoning module MergeActors (428)
[2018.01.22-04.52.32:753][354]LogModuleManager: Shutting down and abandoning module SizeMap (426)
[2018.01.22-04.52.32:753][354]LogModuleManager: Shutting down and abandoning module TreeMap (424)
[2018.01.22-04.52.32:754][354]LogModuleManager: Shutting down and abandoning module ReferenceViewer (422)
[2018.01.22-04.52.32:754][354]LogModuleManager: Shutting down and abandoning module LocalizationDashboard (420)
[2018.01.22-04.52.32:755][354]LogModuleManager: Shutting down and abandoning module LocalizationService (419)
[2018.01.22-04.52.32:756][354]LogModuleManager: Shutting down and abandoning module HardwareTargeting (416)
[2018.01.22-04.52.32:756][354]LogModuleManager: Shutting down and abandoning module DeviceProfileEditor (414)
[2018.01.22-04.52.32:756][354]LogModuleManager: Shutting down and abandoning module UndoHistory (412)
[2018.01.22-04.52.32:757][354]LogModuleManager: Shutting down and abandoning module UserFeedback (410)
[2018.01.22-04.52.32:757][354]LogModuleManager: Shutting down and abandoning module XmlParser (408)
[2018.01.22-04.52.32:757][354]LogModuleManager: Shutting down and abandoning module Blutility (406)
[2018.01.22-04.52.32:757][354]LogModuleManager: Shutting down and abandoning module ProjectSettingsViewer (404)
[2018.01.22-04.52.32:758][354]LogModuleManager: Shutting down and abandoning module ProjectTargetPlatformEditor (403)
[2018.01.22-04.52.32:758][354]LogModuleManager: Shutting down and abandoning module EditorSettingsViewer (400)
[2018.01.22-04.52.32:758][354]LogModuleManager: Shutting down and abandoning module SettingsEditor (398)
[2018.01.22-04.52.32:759][354]LogModuleManager: Shutting down and abandoning module ProjectLauncher (396)
[2018.01.22-04.52.32:760][354]LogModuleManager: Shutting down and abandoning module SessionFrontend (394)
[2018.01.22-04.52.32:761][354]LogModuleManager: Shutting down and abandoning module ProfilerClient (392)
[2018.01.22-04.52.32:762][354]LogModuleManager: Shutting down and abandoning module DeviceManager (390)
[2018.01.22-04.52.32:763][354]LogModuleManager: Shutting down and abandoning module TargetDeviceServices (389)
[2018.01.22-04.52.32:826][354]LogModuleManager: Shutting down and abandoning module AutomationController (386)
[2018.01.22-04.52.32:826][354]LogModuleManager: Shutting down and abandoning module AutomationWindow (384)
[2018.01.22-04.52.32:828][354]LogModuleManager: Shutting down and abandoning module Layers (382)
[2018.01.22-04.52.32:830][354]LogModuleManager: Shutting down and abandoning module ComponentVisualizers (380)
[2018.01.22-04.52.32:830][354]LogModuleManager: Shutting down and abandoning module DetailCustomizations (378)
[2018.01.22-04.52.32:832][354]LogModuleManager: Shutting down and abandoning module PackagesDialog (376)
[2018.01.22-04.52.32:833][354]LogModuleManager: Shutting down and abandoning module Persona (374)
[2018.01.22-04.52.32:835][354]LogModuleManager: Shutting down and abandoning module AdvancedPreviewScene (373)
[2018.01.22-04.52.32:835][354]LogModuleManager: Shutting down and abandoning module AnimGraph (371)
[2018.01.22-04.52.32:835][354]LogModuleManager: Shutting down and abandoning module Kismet (368)
[2018.01.22-04.52.32:840][354]LogModuleManager: Shutting down and abandoning module ClassViewer (366)
[2018.01.22-04.52.32:840][354]LogModuleManager: Shutting down and abandoning module Toolbox (364)
[2018.01.22-04.52.32:840][354]LogModuleManager: Shutting down and abandoning module ModuleUI (362)
[2018.01.22-04.52.32:841][354]LogModuleManager: Shutting down and abandoning module MovieSceneTools (360)
[2018.01.22-04.52.32:843][354]LogModuleManager: Shutting down and abandoning module OutputLog (358)
[2018.01.22-04.52.32:844][354]LogModuleManager: Shutting down and abandoning module GammaUI (356)
[2018.01.22-04.52.32:845][354]LogModuleManager: Shutting down and abandoning module Documentation (354)
[2018.01.22-04.52.32:845][354]LogModuleManager: Shutting down and abandoning module MovieSceneTracks (352)
[2018.01.22-04.52.32:845][354]LogModuleManager: Shutting down and abandoning module MovieScene (350)
[2018.01.22-04.52.32:845][354]LogModuleManager: Shutting down and abandoning module Niagara (348)
[2018.01.22-04.52.32:845][354]LogModuleManager: Shutting down and abandoning module NiagaraEditor (347)
[2018.01.22-04.52.32:847][354]LogModuleManager: Shutting down and abandoning module StreamingPauseRendering (344)
[2018.01.22-04.52.32:847][354]LogModuleManager: Shutting down and abandoning module AnalyticsET (342)
[2018.01.22-04.52.32:847][354]LogModuleManager: Shutting down and abandoning module PortalServices (340)
[2018.01.22-04.52.32:847][354]LogModuleManager: Shutting down and abandoning module PortalRpc (338)
[2018.01.22-04.52.32:848][354]LogModuleManager: Shutting down and abandoning module MessagingRpc (336)
[2018.01.22-04.52.32:848][354]LogModuleManager: Shutting down and abandoning module AIModule (334)
[2018.01.22-04.52.32:848][354]LogModuleManager: Shutting down and abandoning module GameplayDebugger (333)
[2018.01.22-04.52.32:848][354]LogModuleManager: Shutting down and abandoning module AITestSuite (331)
[2018.01.22-04.52.32:848][354]LogModuleManager: Shutting down and abandoning module ProfilerService (328)
[2018.01.22-04.52.32:920][354]LogModuleManager: Shutting down and abandoning module TaskGraph (326)
[2018.01.22-04.52.32:922][354]LogModuleManager: Shutting down and abandoning module SteamVRController (324)
[2018.01.22-04.52.32:922][354]LogModuleManager: Shutting down and abandoning module SteamVR (322)
[2018.01.22-04.52.32:922][354]LogModuleManager: Shutting down and abandoning module ProceduralMeshComponentEditor (320)
[2018.01.22-04.52.32:922][354]LogModuleManager: Shutting down and abandoning module ProceduralMeshComponent (318)
[2018.01.22-04.52.32:923][354]LogModuleManager: Shutting down and abandoning module OculusLibrary (316)
[2018.01.22-04.52.32:923][354]LogModuleManager: Shutting down and abandoning module OculusInput (314)
[2018.01.22-04.52.32:923][354]LogModuleManager: Shutting down and abandoning module MobilePatchingUtils (312)
[2018.01.22-04.52.32:923][354]LogModuleManager: Shutting down and abandoning module CustomMeshComponent (310)
[2018.01.22-04.52.32:923][354]LogModuleManager: Shutting down and abandoning module CableComponent (308)
[2018.01.22-04.52.32:923][354]LogModuleManager: Shutting down and abandoning module ArchVisCharacter (306)
[2018.01.22-04.52.32:923][354]LogModuleManager: Shutting down and abandoning module AndroidPermission (304)
[2018.01.22-04.52.32:923][354]LogModuleManager: Shutting down and abandoning module MediaPlayerEditor (300)
[2018.01.22-04.52.32:926][354]LogModuleManager: Shutting down and abandoning module HTML5Networking (298)
[2018.01.22-04.52.32:926][354]LogModuleManager: Shutting down and abandoning module AlembicImporter (296)
[2018.01.22-04.52.32:927][354]LogModuleManager: Shutting down and abandoning module AlembicLibrary (295)
[2018.01.22-04.52.32:927][354]LogModuleManager: Shutting down and abandoning module GeometryCache (294)
[2018.01.22-04.52.32:927][354]LogModuleManager: Shutting down and abandoning module GeometryCacheEd (293)
[2018.01.22-04.52.32:927][354]LogModuleManager: Shutting down and abandoning module SuperSearchEditor (288)
[2018.01.22-04.52.32:927][354]LogModuleManager: Shutting down and abandoning module SuperSearch (287)
[2018.01.22-04.52.32:927][354]LogModuleManager: Shutting down and abandoning module SpeedTreeImporter (284)
[2018.01.22-04.52.32:927][354]LogModuleManager: Shutting down and abandoning module PluginBrowser (282)
[2018.01.22-04.52.32:929][354]LogModuleManager: Shutting down and abandoning module MobileLauncherProfileWizard (280)
[2018.01.22-04.52.32:931][354]LogModuleManager: Shutting down and abandoning module VisualStudioSourceCodeAccess (278)
[2018.01.22-04.52.32:931][354]LogModuleManager: Shutting down and abandoning module DesktopPlatform (277)
[2018.01.22-04.52.32:931][354]LogModuleManager: Shutting down and abandoning module UObjectPlugin (274)
[2018.01.22-04.52.32:931][354]LogModuleManager: Shutting down and abandoning module SubversionSourceControl (272)
[2018.01.22-04.52.32:932][354]LogModuleManager: Shutting down and abandoning module PerforceSourceControl (270)
[2018.01.22-04.52.32:933][354]LogModuleManager: Shutting down and abandoning module GitSourceControl (268)
[2018.01.22-04.52.32:934][354]LogModuleManager: Shutting down and abandoning module SourceControl (267)
[2018.01.22-04.52.32:934][354]LogModuleManager: Shutting down and abandoning module LightPropagationVolumeEditor (264)
[2018.01.22-04.52.32:934][354]LogModuleManager: Shutting down and abandoning module PaperTiledImporter (262)
[2018.01.22-04.52.32:934][354]LogModuleManager: Shutting down and abandoning module PaperSpriteSheetImporter (260)
[2018.01.22-04.52.32:934][354]LogModuleManager: Shutting down and abandoning module Paper2DEditor (258)
[2018.01.22-04.52.32:935][354]LogModuleManager: Shutting down and abandoning module MeshPaint (257)
[2018.01.22-04.52.32:936][354]LogModuleManager: Shutting down and abandoning module LevelEditor (255)
[2018.01.22-04.52.32:938][354]LogModuleManager: Shutting down and abandoning module PixelInspectorModule (254)
[2018.01.22-04.52.32:939][354]LogModuleManager: Shutting down and abandoning module MainFrame (252)
[2018.01.22-04.52.32:939][354]LogModuleManager: Shutting down and abandoning module HotReload (251)
[2018.01.22-04.52.32:940][354]LogModuleManager: Shutting down and abandoning module PhysXVehiclesEditor (246)
[2018.01.22-04.52.32:941][354]LogModuleManager: Shutting down and abandoning module PhysXVehicles (244)
[2018.01.22-04.52.32:941][354]LogModuleManager: Shutting down and abandoning module LocationServicesBPLibrary (242)
[2018.01.22-04.52.32:941][354]LogModuleManager: Shutting down and abandoning module ImmediatePhysicsEditor (240)
[2018.01.22-04.52.32:941][354]LogModuleManager: Shutting down and abandoning module ImmediatePhysics (238)
[2018.01.22-04.52.32:942][354]LogModuleManager: Shutting down and abandoning module UdpMessaging (236)
[2018.01.22-04.52.33:042][354]LogModuleManager: Shutting down and abandoning module TcpMessaging (234)
[2018.01.22-04.52.33:145][354]LogModuleManager: Shutting down and abandoning module GameplayTagsEditor (232)
[2018.01.22-04.52.33:147][354]LogModuleManager: Shutting down and abandoning module FacialAnimationEditor (230)
[2018.01.22-04.52.33:147][354]LogModuleManager: Shutting down and abandoning module FacialAnimation (228)
[2018.01.22-04.52.33:147][354]LogModuleManager: Shutting down and abandoning module AssetManagerEditor (226)
[2018.01.22-04.52.33:149][354]LogModuleManager: Shutting down and abandoning module GraphEditor (225)
[2018.01.22-04.52.33:149][354]LogModuleManager: Shutting down and abandoning module ContentBrowser (223)
[2018.01.22-04.52.33:150][354]LogModuleManager: Shutting down and abandoning module LightPropagationVolumeRuntime (220)
[2018.01.22-04.52.33:150][354]LogModuleManager: Shutting down and abandoning module Paper2D (218)
[2018.01.22-04.52.33:150][354]LogModuleManager: Shutting down and abandoning module WindowsMoviePlayer (216)
[2018.01.22-04.52.33:150][354]LogModuleManager: Shutting down and abandoning module WmfMedia (214)
[2018.01.22-04.52.33:153][354]LogModuleManager: Shutting down and abandoning module ClothingSystemEditor (212)
[2018.01.22-04.52.33:153][354]LogModuleManager: Shutting down and abandoning module ClothingSystemRuntime (210)
[2018.01.22-04.52.33:154][354]LogModuleManager: Shutting down and abandoning module MediaAssets (208)
[2018.01.22-04.52.33:154][354]LogModuleManager: Shutting down and abandoning module GameLiveStreaming (206)
[2018.01.22-04.52.33:154][354]LogModuleManager: Shutting down and abandoning module VREditor (204)
[2018.01.22-04.52.33:155][354]LogModuleManager: Shutting down and abandoning module StringTableEditor (202)
[2018.01.22-04.52.33:156][354]LogModuleManager: Shutting down and abandoning module GameplayTasksEditor (200)
[2018.01.22-04.52.33:156][354]LogModuleManager: Shutting down and abandoning module BehaviorTreeEditor (198)
[2018.01.22-04.52.33:159][354]LogModuleManager: Shutting down and abandoning module FunctionalTesting (196)
[2018.01.22-04.52.33:159][354]LogModuleManager: Shutting down and abandoning module CollisionAnalyzer (194)
[2018.01.22-04.52.33:160][354]LogModuleManager: Shutting down and abandoning module UMG (192)
[2018.01.22-04.52.33:161][354]LogModuleManager: Shutting down and abandoning module UMGEditor (191)
[2018.01.22-04.52.33:163][354]LogModuleManager: Shutting down and abandoning module Sequencer (190)
[2018.01.22-04.52.33:165][354]LogModuleManager: Shutting down and abandoning module AssetTools (188)
[2018.01.22-04.52.33:170][354]LogModuleManager: Shutting down and abandoning module MessageLog (187)
[2018.01.22-04.52.33:170][354]LogModuleManager: Shutting down and abandoning module WorkspaceMenuStructure (186)
[2018.01.22-04.52.33:170][354]LogModuleManager: Shutting down and abandoning module SlateReflector (180)
[2018.01.22-04.52.33:174][354]LogModuleManager: Shutting down and abandoning module Slate (178)
[2018.01.22-04.52.33:174][354]LogModuleManager: Shutting down and abandoning module EditorStyle (176)
[2018.01.22-04.52.33:177][354]LogModuleManager: Shutting down and abandoning module SourceCodeAccess (174)
[2018.01.22-04.52.33:177][354]LogModuleManager: Shutting down and abandoning module HeadMountedDisplay (172)
[2018.01.22-04.52.33:177][354]LogModuleManager: Shutting down and abandoning module XAudio2 (170)
[2018.01.22-04.52.33:177][354]LogModuleManager: Shutting down and abandoning module Networking (168)
[2018.01.22-04.52.33:177][354]LogModuleManager: Shutting down and abandoning module Core (164)
[2018.01.22-04.52.33:177][354]LogModuleManager: Shutting down and abandoning module AssetRegistry (162)
[2018.01.22-04.52.33:376][354]LogDirectoryWatcher: A directory notification for '../../../Engine/Content/' was aborted.
[2018.01.22-04.52.33:376][354]LogDirectoryWatcher: A directory notification for '../../../../../../Desktop/Oblivion Games/root_OblivionGames/Content/' was aborted.
[2018.01.22-04.52.33:376][354]LogDirectoryWatcher: A directory notification for '../../../Engine/Plugins/2D/Paper2D/Content/' was aborted.
[2018.01.22-04.52.33:376][354]LogDirectoryWatcher: A directory notification for '../../../Engine/Plugins/Runtime/GearVR/Content/' was aborted.
[2018.01.22-04.52.33:381][354]LogModuleManager: Shutting down and abandoning module DirectoryWatcher (161)
[2018.01.22-04.52.33:382][354]LogModuleManager: Shutting down and abandoning module KismetCompiler (158)
[2018.01.22-04.52.33:382][354]LogModuleManager: Shutting down and abandoning module LevelSequence (156)
[2018.01.22-04.52.33:382][354]LogModuleManager: Shutting down and abandoning module PhysXFormats (154)
[2018.01.22-04.52.33:382][354]LogModuleManager: Shutting down and abandoning module MeshUtilities (152)
[2018.01.22-04.52.33:385][354]LogModuleManager: Shutting down and abandoning module SimplygonSwarm (151)
[2018.01.22-04.52.33:387][354]LogModuleManager: Shutting down and abandoning module SimplygonMeshReduction (149)
[2018.01.22-04.52.33:387][354]LogModuleManager: Shutting down and abandoning module QuadricMeshReduction (147)
[2018.01.22-04.52.33:387][354]LogModuleManager: Shutting down and abandoning module DerivedDataCache (144)
[2018.01.22-04.52.33:447][354]LogDerivedDataCache: Shutdown
[2018.01.22-04.52.33:448][354]LogModuleManager: Shutting down and abandoning module TargetPlatform (142)
[2018.01.22-04.52.33:448][354]LogModuleManager: Shutting down and abandoning module VulkanShaderFormat (141)
[2018.01.22-04.52.33:450][354]LogModuleManager: Shutting down and abandoning module ShaderFormatVectorVM (139)
[2018.01.22-04.52.33:450][354]LogModuleManager: Shutting down and abandoning module ShaderFormatOpenGL (137)
[2018.01.22-04.52.33:452][354]LogModuleManager: Shutting down and abandoning module ShaderFormatD3D (135)
[2018.01.22-04.52.33:452][354]LogModuleManager: Shutting down and abandoning module MetalShaderFormat (133)
[2018.01.22-04.52.33:453][354]LogModuleManager: Shutting down and abandoning module TextureFormatUncompressed (131)
[2018.01.22-04.52.33:453][354]LogModuleManager: Shutting down and abandoning module TextureFormatPVR (129)
[2018.01.22-04.52.33:453][354]LogModuleManager: Shutting down and abandoning module TextureFormatDXT (127)
[2018.01.22-04.52.33:453][354]LogModuleManager: Shutting down and abandoning module TextureFormatIntelISPCTexComp (125)
[2018.01.22-04.52.33:454][354]LogModuleManager: Shutting down and abandoning module TextureFormatASTC (123)
[2018.01.22-04.52.33:454][354]LogModuleManager: Shutting down and abandoning module ImageWrapper (122)
[2018.01.22-04.52.33:454][354]LogModuleManager: Shutting down and abandoning module TextureFormatAndroid (119)
[2018.01.22-04.52.33:454][354]LogModuleManager: Shutting down and abandoning module AudioFormatOpus (117)
[2018.01.22-04.52.33:454][354]LogModuleManager: Shutting down and abandoning module AudioFormatOgg (115)
[2018.01.22-04.52.33:454][354]LogModuleManager: Shutting down and abandoning module AudioFormatADPCM (113)
[2018.01.22-04.52.33:454][354]LogModuleManager: Shutting down and abandoning module LinuxTargetPlatform (111)
[2018.01.22-04.52.33:454][354]LogModuleManager: Shutting down and abandoning module LinuxServerTargetPlatform (109)
[2018.01.22-04.52.33:454][354]LogModuleManager: Shutting down and abandoning module LinuxNoEditorTargetPlatform (107)
[2018.01.22-04.52.33:454][354]LogModuleManager: Shutting down and abandoning module LinuxClientTargetPlatform (105)
[2018.01.22-04.52.33:454][354]LogModuleManager: Shutting down and abandoning module TVOSTargetPlatform (103)
[2018.01.22-04.52.33:454][354]LogModuleManager: Shutting down and abandoning module Messaging (101)
[2018.01.22-04.52.33:454][354]LogModuleManager: Shutting down and abandoning module IOSTargetPlatform (99)
[2018.01.22-04.52.33:454][354]LogModuleManager: Shutting down and abandoning module HTML5TargetPlatform (97)
[2018.01.22-04.52.33:454][354]LogModuleManager: Shutting down and abandoning module Android_PVRTCTargetPlatform (95)
[2018.01.22-04.52.33:454][354]LogModuleManager: Shutting down and abandoning module Android_MultiTargetPlatform (93)
[2018.01.22-04.52.33:454][354]LogModuleManager: Shutting down and abandoning module Android_ETC2TargetPlatform (91)
[2018.01.22-04.52.33:454][354]LogModuleManager: Shutting down and abandoning module Android_ETC1TargetPlatform (89)
[2018.01.22-04.52.33:454][354]LogModuleManager: Shutting down and abandoning module Android_DXTTargetPlatform (87)
[2018.01.22-04.52.33:454][354]LogModuleManager: Shutting down and abandoning module Android_ATCTargetPlatform (85)
[2018.01.22-04.52.33:454][354]LogModuleManager: Shutting down and abandoning module Android_ASTCTargetPlatform (83)
[2018.01.22-04.52.33:454][354]LogModuleManager: Shutting down and abandoning module AndroidTargetPlatform (81)
[2018.01.22-04.52.33:454][354]LogModuleManager: Shutting down and abandoning module WindowsTargetPlatform (79)
[2018.01.22-04.52.33:454][354]LogModuleManager: Shutting down and abandoning module WindowsServerTargetPlatform (77)
[2018.01.22-04.52.33:454][354]LogModuleManager: Shutting down and abandoning module WindowsNoEditorTargetPlatform (75)
[2018.01.22-04.52.33:454][354]LogModuleManager: Shutting down and abandoning module WindowsClientTargetPlatform (73)
[2018.01.22-04.52.33:454][354]LogModuleManager: Shutting down and abandoning module MacTargetPlatform (71)
[2018.01.22-04.52.33:454][354]LogModuleManager: Shutting down and abandoning module MacServerTargetPlatform (69)
[2018.01.22-04.52.33:454][354]LogModuleManager: Shutting down and abandoning module MacNoEditorTargetPlatform (67)
[2018.01.22-04.52.33:454][354]LogModuleManager: Shutting down and abandoning module MacClientTargetPlatform (65)
[2018.01.22-04.52.33:454][354]LogModuleManager: Shutting down and abandoning module AllDesktopTargetPlatform (63)
[2018.01.22-04.52.33:454][354]LogModuleManager: Shutting down and abandoning module InputCore (60)
[2018.01.22-04.52.33:454][354]LogModuleManager: Shutting down and abandoning module Settings (58)
[2018.01.22-04.52.33:454][354]LogModuleManager: Shutting down and abandoning module OculusRift (56)
[2018.01.22-04.52.33:455][354]LogModuleManager: Shutting down and abandoning module GearVRController (54)
[2018.01.22-04.52.33:455][354]LogModuleManager: Shutting down and abandoning module GearVR (52)
[2018.01.22-04.52.33:457][354]LogModuleManager: Shutting down and abandoning module ExampleDeviceProfileSelector (50)
[2018.01.22-04.52.33:457][354]LogModuleManager: Shutting down and abandoning module OnlineBlueprintSupport (48)
[2018.01.22-04.52.33:457][354]LogModuleManager: Shutting down and abandoning module OnlineSubsystem (44)
[2018.01.22-04.52.33:457][354]LogOnline:Display: Unloading online subsystem: NULL
[2018.01.22-04.52.33:459][354]LogModuleManager: Shutting down and abandoning module XMPP (43)
[2018.01.22-04.52.33:462][354]LogModuleManager: Shutting down and abandoning module HTTP (41)
[2018.01.22-04.52.33:462][354]LogHttp:Display: Http module shutting down, but needs to wait on 1 outstanding Http requests:
[2018.01.22-04.52.33:462][354]LogHttp:Display: 	verb=[POST] url=[https://datarouter.ol.epicgames.com/datarouter/api/v1/public/data?SessionID=%7B698D89BE-4AA5-FB26-047F-ECBC956F802E%7D&AppID=UEEditor.Rocket.Release&AppVersion=4.16.3-3561208%2B%2B%2BUE4%2BRelease-4.16&UserID=5933fc1144e1546227a373a469598650%7C3bd8848f4e684925b548d3337c2a539a%7C1e34ae0b-c4fc-427d-8a6b-6ecc584c25f9&AppEnvironment=datacollector-binary&UploadType=eteventstream] status=Processing
[2018.01.22-04.52.33:472][354]LogModuleManager: Shutting down and abandoning module SSL (40)
[2018.01.22-04.52.33:476][354]LogModuleManager: Shutting down and abandoning module HTTPChunkInstaller (36)
[2018.01.22-04.52.33:478][354]LogModuleManager: Shutting down and abandoning module AnimationModifiers (34)
[2018.01.22-04.52.33:479][354]LogModuleManager: Shutting down and abandoning module PropertyEditor (33)
[2018.01.22-04.52.33:479][354]LogModuleManager: Shutting down and abandoning module AudioEditor (30)
[2018.01.22-04.52.33:481][354]LogModuleManager: Shutting down and abandoning module TextureCompressor (28)
[2018.01.22-04.52.33:481][354]LogModuleManager: Shutting down and abandoning module ShaderCore (26)
[2018.01.22-04.52.33:481][354]LogModuleManager: Shutting down and abandoning module Landscape (24)
[2018.01.22-04.52.33:481][354]LogModuleManager: Shutting down and abandoning module SlateRHIRenderer (22)
[2018.01.22-04.52.33:486][354]LogModuleManager: Shutting down and abandoning module OpenGLDrv (20)
[2018.01.22-04.52.33:488][354]LogModuleManager: Shutting down and abandoning module D3D11RHI (18)
[2018.01.22-04.52.33:488][354]LogModuleManager: Shutting down and abandoning module AnimGraphRuntime (16)
[2018.01.22-04.52.33:489][354]LogModuleManager: Shutting down and abandoning module Renderer (14)
[2018.01.22-04.52.33:489][354]LogModuleManager: Shutting down and abandoning module Engine (12)
[2018.01.22-04.52.33:489][354]LogModuleManager: Shutting down and abandoning module CoreUObject (10)
[2018.01.22-04.52.33:489][354]LogModuleManager: Shutting down and abandoning module NetworkFile (8)
[2018.01.22-04.52.33:489][354]LogModuleManager: Shutting down and abandoning module StreamingFile (6)
[2018.01.22-04.52.33:489][354]LogModuleManager: Shutting down and abandoning module SandboxFile (4)
[2018.01.22-04.52.33:489][354]LogModuleManager: Shutting down and abandoning module PakFile (2)
[2018.01.22-04.52.33:494][354]LogExit: Exiting.
[2018.01.22-04.52.33:525][354]Log file closed, 01/21/18 23:52:33
