Log file open, 01/21/18 00:42:58
LogInit:Display: Running engine for game: OblivionGames
LogPlatformFile: Not using cached read wrapper
LogInit:Display: RandInit(-1761526169) SRandInit(-1761526169).
LogTaskGraph: Started task graph with 5 named threads and 8 total threads with 1 sets of task threads.
LogStats: Stats thread started at 0.088556
LogInit: Using libcurl 7.47.1
LogInit:  - built for x86_64-pc-win32
LogInit:  - supports SSL with OpenSSL/1.0.2g
LogInit:  - supports HTTP deflate (compression) using libz 1.2.8
LogInit:  - other features:
LogInit:      CURL_VERSION_SSL
LogInit:      CURL_VERSION_LIBZ
LogInit:      CURL_VERSION_IPV6
LogInit:      CURL_VERSION_ASYNCHDNS
LogInit:      CURL_VERSION_LARGEFILE
LogInit:      CURL_VERSION_IDN
LogInit:  CurlRequestOptions (configurable via config and command line):
LogInit:  - bVerifyPeer = false  - Libcurl will NOT verify peer certificate
LogInit:  - bUseHttpProxy = false  - Libcurl will NOT use HTTP proxy
LogInit:  - bDontReuseConnections = false  - Libcurl will reuse connections
LogInit:  - CertBundlePath = nullptr  - Libcurl will use whatever was configured at build time.
LogInit: Build: ++UE4+Release-4.16-CL-3561208
LogInit: Engine Version: 4.16.3-3561208+++UE4+Release-4.16
LogInit: Compatible Engine Version: 4.16.0-3452394+++UE4+Release-4.16
LogInit: Net CL: 3452394
LogDevObjectVersion: Number of dev versions registered: 16
LogDevObjectVersion:   Dev-Blueprints (B0D832E4-1F89-4F0D-ACCF-7EB736FD4AA2): 9
LogDevObjectVersion:   Dev-Build (E1C64328-A22C-4D53-A36C-8E866417BD8C): 0
LogDevObjectVersion:   Dev-Core (375EC13C-06E4-48FB-B500-84F0262A717E): 2
LogDevObjectVersion:   Dev-Editor (E4B068ED-F494-42E9-A231-DA0B2E46BB41): 17
LogDevObjectVersion:   Dev-Framework (CFFC743F-43B0-4480-9391-14DF171D2073): 23
LogDevObjectVersion:   Dev-Mobile (B02B49B5-BB20-44E9-A304-32B752E40360): 0
LogDevObjectVersion:   Dev-Networking (A4E4105C-59A1-49B5-A7C5-40C4547EDFEE): 0
LogDevObjectVersion:   Dev-Online (39C831C9-5AE6-47DC-9A44-9C173E1C8E7C): 0
LogDevObjectVersion:   Dev-Physics (78F01B33-EBEA-4F98-B9B4-84EACCB95AA2): 0
LogDevObjectVersion:   Dev-Platform (6631380F-2D4D-43E0-8009-CF276956A95A): 0
LogDevObjectVersion:   Dev-Rendering (12F88B9F-8875-4AFC-A67C-D90C383ABD29): 15
LogDevObjectVersion:   Dev-Sequencer (7B5AE74C-D270-4C10-A958-57980B212A5A): 4
LogDevObjectVersion:   Dev-VR (D7296918-1DD6-4BDD-9DE2-64A83CC13884): 0
LogDevObjectVersion:   Dev-LoadTimes (C2A15278-BFE7-4AFE-6C17-90FF531DF755): 1
LogDevObjectVersion:   Private-Geometry (6EACA3D4-40EC-4CC1-B786-8BED09428FC5): 1
LogDevObjectVersion:   Dev-AnimPhys (29E575DD-E0A3-4627-9D10-D276232CDCEA): 3
LogInit: Compiled (64-bit): Jul 28 2017 11:49:47
LogInit: Compiled with Visual C++: 19.00.24215.01
LogInit: Build Configuration: Development
LogInit: Branch Name: ++UE4+Release-4.16
LogInit: Command line:  
LogInit: Base directory: D:/Program Files (x86)/Epic Games/UE_4.16/Engine/Binaries/Win64/
LogInit: Installed Engine Build: 1
LogInit: Presizing for max 8388607 objects, including 0 objects not considered by GC, pre-allocating 0 bytes for permanent pool.
LogInit: Object subsystem initialized
[2018.01.21-05.42.59:078][  0]LogInit: Selected Device Profile: [Windows]
[2018.01.21-05.42.59:078][  0]LogInit: Applying CVar settings loaded from the selected device profile: [Windows]
[2018.01.21-05.42.59:088][  0]LogInit: Computer: FELIXPC
[2018.01.21-05.42.59:088][  0]LogInit: User: Felix
[2018.01.21-05.42.59:088][  0]LogInit: CPU Page size=4096, Cores=4
[2018.01.21-05.42.59:088][  0]LogInit: High frequency timer resolution =3.507522 MHz
[2018.01.21-05.42.59:089][  0]LogMemory: Memory total: Physical=16.0GB (16GB approx)
[2018.01.21-05.42.59:089][  0]LogMemory: Platform Memory Stats for Windows
[2018.01.21-05.42.59:089][  0]LogMemory: Process Physical Memory: 272.45 MB used, 272.45 MB peak
[2018.01.21-05.42.59:089][  0]LogMemory: Process Virtual Memory: 261.17 MB used, 261.17 MB peak
[2018.01.21-05.42.59:089][  0]LogMemory: Physical Memory: 9656.55 MB used,  6678.66 MB free, 16335.21 MB total
[2018.01.21-05.42.59:089][  0]LogMemory: Virtual Memory: 671.82 MB used,  6678.66 MB free, 134217728.00 MB total
[2018.01.21-05.42.59:154][  0]LogInit: Using OS detected language (en-US).
[2018.01.21-05.42.59:154][  0]LogInit: Using OS detected locale (en-US).
[2018.01.21-05.42.59:156][  0]LogTextLocalizationManager: No specific localization for 'en-US' exists, so the 'en' localization will be used.
[2018.01.21-05.43.00:032][  0]LogD3D11RHI: D3D11 adapters:
[2018.01.21-05.43.00:084][  0]LogD3D11RHI:    0. 'NVIDIA GeForce GTX 750 Ti' (Feature Level 11_0)
[2018.01.21-05.43.00:084][  0]LogD3D11RHI:       2017/0/8167 MB DedicatedVideo/DedicatedSystem/SharedSystem, Outputs:3, VendorId:0x10de
[2018.01.21-05.43.00:085][  0]LogD3D11RHI:    1. 'Microsoft Basic Render Driver' (Feature Level 11_0)
[2018.01.21-05.43.00:085][  0]LogD3D11RHI:       0/0/8167 MB DedicatedVideo/DedicatedSystem/SharedSystem, Outputs:0, VendorId:0x1414
[2018.01.21-05.43.00:086][  0]LogD3D11RHI: Chosen D3D11 Adapter: 0
[2018.01.21-05.43.00:124][  0]LogD3D11RHI: Creating new Direct3DDevice
[2018.01.21-05.43.00:124][  0]LogD3D11RHI:     GPU DeviceId: 0x1380 (for the marketing name, search the web for "GPU Device Id")
[2018.01.21-05.43.00:124][  0]LogWindows: EnumDisplayDevices:
[2018.01.21-05.43.00:124][  0]LogWindows:    0. 'NVIDIA GeForce GTX 750 Ti' (P:1 D:1)
[2018.01.21-05.43.00:124][  0]LogWindows:    1. 'NVIDIA GeForce GTX 750 Ti' (P:0 D:1)
[2018.01.21-05.43.00:124][  0]LogWindows:    2. 'NVIDIA GeForce GTX 750 Ti' (P:0 D:1)
[2018.01.21-05.43.00:124][  0]LogWindows: DebugString: GetVideoDriverDetailsInvalid PrimaryIsNotTheChoosenAdapter GetVideoDriverDetailsInvalid PrimaryIsNotTheChoosenAdapter GetVideoDriverDetailsInvalid PrimaryIsNotTheChoosenAdapter FoundDriverCount:0 
[2018.01.21-05.43.00:124][  0]LogD3D11RHI:     Adapter Name: NVIDIA GeForce GTX 750 Ti
[2018.01.21-05.43.00:124][  0]LogD3D11RHI:   Driver Version: Unknown (internal:Unknown, unified:Unknown)
[2018.01.21-05.43.00:124][  0]LogD3D11RHI:      Driver Date: Unknown
[2018.01.21-05.43.00:124][  0]LogRHI: Texture pool is 1361 MB (70% of 1945 MB)
[2018.01.21-05.43.00:154][  0]LogD3D11RHI: Async texture creation enabled
[2018.01.21-05.43.00:168][  0]LogD3D11RHI: GPU Timing Frequency: 1000.000000 (Debug: 2 1)
[2018.01.21-05.43.00:217][  0]LogShaderCompilers: Guid format shader working directory is -15 characters bigger than the processId version (../../../../../../Desktop/Oblivion Games/root_OblivionGames/Intermediate/Shaders/WorkingDirectory/165640/).
[2018.01.21-05.43.00:217][  0]LogShaderCompilers: Cleaned the shader compiler working directory 'C:/Users/Felix/AppData/Local/Temp/UnrealShaderWorkingDir/A525E418454E2D3F5D7246AA6D6C5BA2/'.
[2018.01.21-05.43.00:217][  0]LogShaderCompilers:Display: Using Local Shader Compiler.
[2018.01.21-05.43.01:278][  0]LogTemp:Display: Loaded TP AllDesktopTargetPlatform
[2018.01.21-05.43.01:333][  0]LogTemp:Display: Loaded TP MacClientTargetPlatform
[2018.01.21-05.43.01:377][  0]LogTemp:Display: Loaded TP MacNoEditorTargetPlatform
[2018.01.21-05.43.01:424][  0]LogTemp:Display: Loaded TP MacServerTargetPlatform
[2018.01.21-05.43.01:469][  0]LogTemp:Display: Loaded TP MacTargetPlatform
[2018.01.21-05.43.01:522][  0]LogTemp:Display: Loaded TP WindowsClientTargetPlatform
[2018.01.21-05.43.01:575][  0]LogTemp:Display: Loaded TP WindowsNoEditorTargetPlatform
[2018.01.21-05.43.01:622][  0]LogTemp:Display: Loaded TP WindowsServerTargetPlatform
[2018.01.21-05.43.01:666][  0]LogTemp:Display: Loaded TP WindowsTargetPlatform
[2018.01.21-05.43.01:712][  0]LogTemp:Display: Loaded TP AndroidTargetPlatform
[2018.01.21-05.43.01:765][  0]LogTemp:Display: Loaded TP Android_ASTCTargetPlatform
[2018.01.21-05.43.01:815][  0]LogTemp:Display: Loaded TP Android_ATCTargetPlatform
[2018.01.21-05.43.01:862][  0]LogTemp:Display: Loaded TP Android_DXTTargetPlatform
[2018.01.21-05.43.01:909][  0]LogTemp:Display: Loaded TP Android_ETC1TargetPlatform
[2018.01.21-05.43.01:953][  0]LogTemp:Display: Loaded TP Android_ETC2TargetPlatform
[2018.01.21-05.43.02:047][  0]LogTemp:Display: Loaded TP Android_MultiTargetPlatform
[2018.01.21-05.43.02:047][  0]LogTemp:Display: Loaded TP Android_PVRTCTargetPlatform
[2018.01.21-05.43.02:092][  0]LogTemp:Display: Loaded TP HTML5TargetPlatform
[2018.01.21-05.43.02:181][  0]LogTemp:Display: Loaded TP IOSTargetPlatform
[2018.01.21-05.43.02:207][  0]LogTemp:Display: Loaded TP TVOSTargetPlatform
[2018.01.21-05.43.02:252][  0]LogTemp:Display: Loaded TP LinuxClientTargetPlatform
[2018.01.21-05.43.02:296][  0]LogTemp:Display: Loaded TP LinuxNoEditorTargetPlatform
[2018.01.21-05.43.02:344][  0]LogTemp:Display: Loaded TP LinuxServerTargetPlatform
[2018.01.21-05.43.02:389][  0]LogTemp:Display: Loaded TP LinuxTargetPlatform
[2018.01.21-05.43.02:389][  0]LogTargetPlatformManager:Display: Building Assets For Windows
[2018.01.21-05.43.02:855][  0]LogDerivedDataCache:Display: Max Cache Size: 512 MB
[2018.01.21-05.43.02:934][  0]LogDerivedDataCache: Loaded boot cache 0.08s 90MB C:/Users/Felix/AppData/Local/UnrealEngine/4.16/DerivedDataCache/Boot.ddc.
[2018.01.21-05.43.02:934][  0]LogDerivedDataCache:Display: Loaded Boot cache: C:/Users/Felix/AppData/Local/UnrealEngine/4.16/DerivedDataCache/Boot.ddc
[2018.01.21-05.43.02:934][  0]LogDerivedDataCache: FDerivedDataBackendGraph:  Pak pak cache file ../../../../../../Desktop/Oblivion Games/root_OblivionGames/DerivedDataCache/DDC.ddp not found, will not use a pak cache.
[2018.01.21-05.43.02:934][  0]LogDerivedDataCache: Unable to find inner node Pak for hierarchical cache Hierarchy.
[2018.01.21-05.43.02:934][  0]LogDerivedDataCache: FDerivedDataBackendGraph:  CompressedPak pak cache file ../../../../../../Desktop/Oblivion Games/root_OblivionGames/DerivedDataCache/Compressed.ddp not found, will not use a pak cache.
[2018.01.21-05.43.02:934][  0]LogDerivedDataCache: Unable to find inner node CompressedPak for hierarchical cache Hierarchy.
[2018.01.21-05.43.02:949][  0]LogDerivedDataCache:Display: Pak cache opened for reading ../../../Engine/DerivedDataCache/Compressed.ddp.
[2018.01.21-05.43.02:960][  0]LogDerivedDataCache: Using Local data cache path C:/Users/Felix/AppData/Local/UnrealEngine/Common/DerivedDataCache: Writable
[2018.01.21-05.43.02:970][  0]LogMaterial: Verifying Global Shaders for PCD3D_SM5
[2018.01.21-05.43.02:970][  0]LogSlate: Using Freetype 2.6.0
[2018.01.21-05.43.02:970][  0]LogSlate: SlateFontCache - WITH_FREETYPE: 1, WITH_HARFBUZZ: 1
[2018.01.21-05.43.02:970][  0]LogSlate: SlateFontCache - WITH_FREETYPE: 1, WITH_HARFBUZZ: 1
[2018.01.21-05.43.03:274][  0]LogInit: Selected Device Profile: [Windows]
[2018.01.21-05.43.03:337][  0]LogContentStreaming: Texture pool size is 0.00 MB
[2018.01.21-05.43.03:481][  0]LogMeshUtilities: Using QuadricMeshReduction for automatic static mesh reduction
[2018.01.21-05.43.03:520][  0]LogSimplygon: Simplygon DLL not present - disabling.
[2018.01.21-05.43.03:566][  0]LogMeshUtilities: Using SimplygonSwarm for distributed automatic mesh merging
[2018.01.21-05.43.03:566][  0]LogMeshUtilities: No automatic skeletal mesh reduction module available
[2018.01.21-05.43.03:566][  0]LogMeshUtilities: No automatic mesh merging module available
[2018.01.21-05.43.04:068][  0]LogNetVersion: OblivionGames , NetCL: 3452394, EngineNetVer: 2, GameNetVer: 0 (Checksum: 1932256307)
[2018.01.21-05.43.04:123][  0]LogAssetRegistry: FAssetRegistry took 0.0251 seconds to start up
[2018.01.21-05.43.04:185][  0]LogPackageLocalizationCache: Processed 4 localized package path(s) for 2 prioritized culture(s) in 0.033736 seconds
[2018.01.21-05.43.04:191][  0]LogUObjectArray: 34194 objects as part of root set at end of initial load.
[2018.01.21-05.43.04:191][  0]LogUObjectAllocator: 7260424 out of 0 bytes used by permanent object pool.
[2018.01.21-05.43.04:191][  0]LogUObjectArray: CloseDisregardForGC: 0/0 objects in disregard for GC pool
[2018.01.21-05.43.04:248][  0]LogInit: WinSock: version 1.1 (2.2), MaxSocks=32767, MaxUdp=65467
[2018.01.21-05.43.06:433][  0]LogTcpMessaging: Initializing TcpMessaging bridge
[2018.01.21-05.43.06:472][  0]LogUdpMessaging: Initializing bridge on interface 0.0.0.0:0 to multicast group 230.0.0.1:6666.
[2018.01.21-05.43.06:976][  0]LogMaterial: Uniform references updated for custom material expression Custom.
[2018.01.21-05.43.07:337][  0]SourceControl: Info Source control is disabled
[2018.01.21-05.43.07:338][  0]SourceControl: Info Source control is disabled
[2018.01.21-05.43.07:383][  0]SourceControl: Info Source control is disabled
[2018.01.21-05.43.07:428][  0]SourceControl: Info Source control is disabled
[2018.01.21-05.43.08:043][  0]LogAndroidPermission: UAndroidPermissionCallbackProxy::GetInstance
[2018.01.21-05.43.08:623][  0]LogEngine: Initializing Engine...
[2018.01.21-05.43.08:624][  0]LogHMD: Failed to initialize OpenVR with code 110
[2018.01.21-05.43.08:790][  0]LogStats: UGameplayTagsManager::ConstructGameplayTagTree: Construct from data asset -  0.000 s
[2018.01.21-05.43.08:790][  0]LogStats: UGameplayTagsManager::ConstructGameplayTagTree: GameplayTagTreeChangedEvent.Broadcast -  0.000 s
[2018.01.21-05.43.08:908][  0]LogAIModule: Creating AISystem for world Untitled
[2018.01.21-05.43.08:918][  0]LogInit: XAudio2 using 'Speakers / Headphones (Realtek High Definition Audio)' : 2 channels at 48 kHz using 32 bits per sample (channel mask 0x3)
[2018.01.21-05.43.08:937][  0]LogInit: FAudioDevice initialized.
[2018.01.21-05.43.08:983][  0]LogDerivedDataCache: Saved boot cache 0.05s 90MB C:/Users/Felix/AppData/Local/UnrealEngine/4.16/DerivedDataCache/Boot.ddc.
[2018.01.21-05.43.08:990][  0]LogInit: Texture streaming: Enabled
[2018.01.21-05.43.09:077][  0]LogEngineSessionManager: EngineSessionManager initialized
[2018.01.21-05.43.09:301][  0]LogInit: Transaction tracking system initialized
[2018.01.21-05.43.09:620][  0]BlueprintLog: New page: Editor Load
[2018.01.21-05.43.10:477][  0]LocalizationService: Info Localization service is disabled
[2018.01.21-05.43.11:099][  0]LogConsoleResponse:Display: 
[2018.01.21-05.43.11:224][  0]LogCook:Display: Max memory allowance for cook 16384mb min free memory 0mb
[2018.01.21-05.43.11:224][  0]LogCook:Display: Mobile HDR setting 1
[2018.01.21-05.43.11:590][  0]LogFileCache: Scanning file cache for directory 'D:/Desktop/Oblivion Games/root_OblivionGames/Content/' took 0.01s
[2018.01.21-05.43.12:157][  0]SourceControl: Info Source control is disabled
[2018.01.21-05.43.12:157][  0]Cmd: MAP LOAD FILE="../../../../../../Desktop/Oblivion Games/root_OblivionGames/Content/Assets/Maps/ThirdPersonExampleMap.umap" TEMPLATE=0 SHOWPROGRESS=1 FEATURELEVEL=3
[2018.01.21-05.43.12:186][  0]LogWindowsTextInputMethodSystem:Display: IME system now deactivated.
[2018.01.21-05.43.12:186][  0]LogWindowsTextInputMethodSystem:Display: IME system now deactivated.
[2018.01.21-05.43.12:193][  0]LogSlate: Took 0.000182 seconds to synchronously load lazily loaded font '../../../Engine/Content/Slate/Fonts/Roboto-Regular.ttf' (155K)
[2018.01.21-05.43.14:162][  0]LogWindowsTextInputMethodSystem:Display: IME system now deactivated.
[2018.01.21-05.43.14:162][  0]LogWindowsTextInputMethodSystem:Display: IME system now deactivated.
[2018.01.21-05.43.14:164][  0]LogWindowsTextInputMethodSystem:Display: IME system now deactivated.
[2018.01.21-05.43.14:165][  0]LogWindowsTextInputMethodSystem:Display: IME system now deactivated.
[2018.01.21-05.43.14:166][  0]LightingResults: New page: Lighting Build
[2018.01.21-05.43.14:201][  0]MapCheck: New page: Map Check
[2018.01.21-05.43.14:201][  0]LightingResults: New page: Lighting Build
[2018.01.21-05.43.14:213][  0]LogAIModule: Creating AISystem for world Untitled
[2018.01.21-05.43.14:214][  0]LoadErrors: New page: New Map
[2018.01.21-05.43.14:437][  0]LogCollectionManager: Loaded 0 collections in 0.001579 seconds
[2018.01.21-05.43.14:596][  0]LogFileCache: Scanning file cache for directory 'D:/Desktop/Oblivion Games/root_OblivionGames/Saved/Collections/' took 0.01s
[2018.01.21-05.43.14:596][  0]LogFileCache: Scanning file cache for directory 'D:/Desktop/Oblivion Games/root_OblivionGames/Content/Developers/Felix/Collections/' took 0.01s
[2018.01.21-05.43.14:596][  0]LogFileCache: Scanning file cache for directory 'D:/Desktop/Oblivion Games/root_OblivionGames/Content/Collections/' took 0.01s
[2018.01.21-05.43.14:596][  0]LogCollectionManager: Rebuilt the GUID cache for 0 collections in 0.000002 seconds
[2018.01.21-05.43.14:606][  0]LogContentBrowser: Native class hierarchy populated in 0.0097 seconds. Added 2329 classes and 491 folders.
[2018.01.21-05.43.14:672][  0]LogContentBrowser: Native class hierarchy updated for 'WidgetCarousel' in 0.0005 seconds. Added 0 classes and 0 folders.
[2018.01.21-05.43.14:709][  0]LogContentBrowser: Native class hierarchy updated for 'AddContentDialog' in 0.0005 seconds. Added 0 classes and 0 folders.
[2018.01.21-05.43.14:749][  0]LogContentBrowser: Native class hierarchy updated for 'SceneOutliner' in 0.0008 seconds. Added 1 classes and 2 folders.
[2018.01.21-05.43.14:798][  0]LogCrashTracker: Crashtracker disabled due to settings.
[2018.01.21-05.43.14:807][  0]LogSlate: Took 0.000156 seconds to synchronously load lazily loaded font '../../../Engine/Content/Slate/Fonts/Roboto-Bold.ttf' (160K)
[2018.01.21-05.43.14:813][  0]LogSlate: Took 0.000227 seconds to synchronously load lazily loaded font '../../../Engine/Content/Editor/Slate/Fonts/FontAwesome.ttf' (139K)
[2018.01.21-05.43.14:907][  0]LogRenderer: Reallocating scene render targets to support 1088x504 NumSamples 1 (Frame:1).
[2018.01.21-05.43.15:003][  0]LogUObjectGlobals:Warning: Failed to find object 'Class None.'
[2018.01.21-05.43.15:066][  0]LogContentBrowser: Native class hierarchy updated for 'HierarchicalLODOutliner' in 0.0008 seconds. Added 1 classes and 2 folders.
[2018.01.21-05.43.15:066][  0]LogLoad: (Engine Initialization) Total time: 17.51 seconds
[2018.01.21-05.43.15:066][  0]LogLoad: (Engine Initialization) Total Blueprint compile time: 0.04 seconds
[2018.01.21-05.43.15:066][  0]LogExternalProfiler: Found external profiler: VSPerf
[2018.01.21-05.43.15:066][  0]LogExternalProfiler: Using external profiler: VSPerf
[2018.01.21-05.43.15:078][  0]LogOcInput: OculusInput pre-init called
[2018.01.21-05.43.15:078][  0]LogHMD: Starting GearVRController plugin
[2018.01.21-05.43.15:096][  0]LogContentStreaming: Texture pool size now 1000 MB
[2018.01.21-05.43.15:135][  1]LogAssetRegistry: Asset discovery search completed in 11.0336 seconds
[2018.01.21-05.43.15:137][  1]LogCollectionManager: Rebuilt the object cache for 0 collections in 0.000001 seconds (found 0 objects)
[2018.01.21-05.43.15:137][  1]LogCollectionManager: Fixed up redirectors for 0 collections in 0.000021 seconds (updated 0 objects)
[2018.01.21-05.43.18:669][419]LogSlate: Took 0.000111 seconds to synchronously load lazily loaded font '../../../Engine/Content/Slate/Fonts/Roboto-Light.ttf' (159K)
[2018.01.21-05.43.33:072][122]LogSlate: Took 0.000136 seconds to synchronously load lazily loaded font '../../../Engine/Content/Slate/Fonts/Roboto-Light.ttf' (159K)
[2018.01.21-05.43.34:892][122]LogSavePackage: Save=7.39ms
[2018.01.21-05.43.34:892][122]LogSavePackage: Moving '../../../../../../Desktop/Oblivion Games/root_OblivionGames/Saved/MAP_Arena8969AF42413DDEBB6983018435671EA0.tmp' to '../../../../../../Desktop/Oblivion Games/root_OblivionGames/Content/Assets/Maps/MAP_Arena.umap'
[2018.01.21-05.43.34:894][122]LogSavePackage:Display: Finished SavePackage ../../../../../../Desktop/Oblivion Games/root_OblivionGames/Content/Assets/Maps/MAP_Arena.umap
[2018.01.21-05.43.34:894][122]LogFileHelpers: Saving map 'MAP_Arena' took 0.063
[2018.01.21-05.43.34:895][122]Cmd: MAP LOAD FILE="../../../../../../Desktop/Oblivion Games/root_OblivionGames/Content/Assets/Maps/MAP_Arena.umap" TEMPLATE=0 SHOWPROGRESS=1 FEATURELEVEL=3
[2018.01.21-05.43.34:895][122]LightingResults: New page: Lighting Build
[2018.01.21-05.43.34:896][122]LoadErrors: New page: Loading map: MAP_Arena.umap
[2018.01.21-05.43.34:897][122]MapCheck: New page: Map Check
[2018.01.21-05.43.34:897][122]LightingResults: New page: Lighting Build
[2018.01.21-05.43.34:906][122]LogEditorServer: Finished looking for orphan Actors (0.000 secs)
[2018.01.21-05.43.34:906][122]LogAIModule: Creating AISystem for world MAP_Arena
[2018.01.21-05.43.34:917][122]LogSlate: Took 0.000183 seconds to synchronously load lazily loaded font '../../../Engine/Content/Slate/Fonts/Roboto-Regular.ttf' (155K)
[2018.01.21-05.43.34:943][122]Cmd: MAP CHECKDEP NOCLEARLOG
[2018.01.21-05.43.34:983][122]MapCheck: Info Map check complete: 0 Error(s), 0 Warning(s), took 39.737ms to complete.
[2018.01.21-05.43.34:984][122]LogFileHelpers: Loading map 'MAP_Arena' took 0.089
[2018.01.21-05.43.36:360][282]Cmd: MAP LOAD FILE="../../../../../../Desktop/Oblivion Games/root_OblivionGames/Content/Assets/Maps/MAP_Arena.umap" TEMPLATE=0 SHOWPROGRESS=1 FEATURELEVEL=3
[2018.01.21-05.43.36:360][282]LightingResults: New page: Lighting Build
[2018.01.21-05.43.36:360][282]LoadErrors: New page: Loading map: MAP_Arena.umap
[2018.01.21-05.43.36:361][282]MapCheck: New page: Map Check
[2018.01.21-05.43.36:361][282]LightingResults: New page: Lighting Build
[2018.01.21-05.43.36:371][282]LogAIModule: Creating AISystem for world MAP_Arena
[2018.01.21-05.43.36:372][282]LogEditorServer: Finished looking for orphan Actors (0.000 secs)
[2018.01.21-05.43.36:407][282]Cmd: MAP CHECKDEP NOCLEARLOG
[2018.01.21-05.43.36:447][282]MapCheck: Info Map check complete: 0 Error(s), 0 Warning(s), took 40.706ms to complete.
[2018.01.21-05.43.36:448][282]LogFileHelpers: Loading map 'MAP_Arena' took 0.089
[2018.01.21-05.43.42:911][ 44]LogActorFactory: Actor Factory created TemplateFloor
[2018.01.21-05.43.43:324][ 93]LogActorFactory: Actor Factory created TemplateFloor
