Log file open, 03/23/18 20:12:09
LogInit:Display: Running engine for game: OblivionGames
LogPlatformFile: Not using cached read wrapper
LogInit:Display: RandInit(-2031345816) SRandInit(-2031345816).
LogTaskGraph: Started task graph with 5 named threads and 8 total threads with 1 sets of task threads.
LogStats: Stats thread started at 0.084809
LogInit: Using libcurl 7.47.1
LogInit:  - built for x86_64-pc-win32
LogInit:  - supports SSL with OpenSSL/1.0.2g
LogInit:  - supports HTTP deflate (compression) using libz 1.2.8
LogInit:  - other features:
LogInit:      CURL_VERSION_SSL
LogInit:      CURL_VERSION_LIBZ
LogInit:      CURL_VERSION_IPV6
LogInit:      CURL_VERSION_ASYNCHDNS
LogInit:      CURL_VERSION_LARGEFILE
LogInit:      CURL_VERSION_IDN
LogInit:  CurlRequestOptions (configurable via config and command line):
LogInit:  - bVerifyPeer = false  - Libcurl will NOT verify peer certificate
LogInit:  - bUseHttpProxy = false  - Libcurl will NOT use HTTP proxy
LogInit:  - bDontReuseConnections = false  - Libcurl will reuse connections
LogInit:  - CertBundlePath = nullptr  - Libcurl will use whatever was configured at build time.
LogInit: Build: ++UE4+Release-4.16-CL-3561208
LogInit: Engine Version: 4.16.3-3561208+++UE4+Release-4.16
LogInit: Compatible Engine Version: 4.16.0-3452394+++UE4+Release-4.16
LogInit: Net CL: 3452394
LogDevObjectVersion: Number of dev versions registered: 16
LogDevObjectVersion:   Dev-Blueprints (B0D832E4-1F89-4F0D-ACCF-7EB736FD4AA2): 9
LogDevObjectVersion:   Dev-Build (E1C64328-A22C-4D53-A36C-8E866417BD8C): 0
LogDevObjectVersion:   Dev-Core (375EC13C-06E4-48FB-B500-84F0262A717E): 2
LogDevObjectVersion:   Dev-Editor (E4B068ED-F494-42E9-A231-DA0B2E46BB41): 17
LogDevObjectVersion:   Dev-Framework (CFFC743F-43B0-4480-9391-14DF171D2073): 23
LogDevObjectVersion:   Dev-Mobile (B02B49B5-BB20-44E9-A304-32B752E40360): 0
LogDevObjectVersion:   Dev-Networking (A4E4105C-59A1-49B5-A7C5-40C4547EDFEE): 0
LogDevObjectVersion:   Dev-Online (39C831C9-5AE6-47DC-9A44-9C173E1C8E7C): 0
LogDevObjectVersion:   Dev-Physics (78F01B33-EBEA-4F98-B9B4-84EACCB95AA2): 0
LogDevObjectVersion:   Dev-Platform (6631380F-2D4D-43E0-8009-CF276956A95A): 0
LogDevObjectVersion:   Dev-Rendering (12F88B9F-8875-4AFC-A67C-D90C383ABD29): 15
LogDevObjectVersion:   Dev-Sequencer (7B5AE74C-D270-4C10-A958-57980B212A5A): 4
LogDevObjectVersion:   Dev-VR (D7296918-1DD6-4BDD-9DE2-64A83CC13884): 0
LogDevObjectVersion:   Dev-LoadTimes (C2A15278-BFE7-4AFE-6C17-90FF531DF755): 1
LogDevObjectVersion:   Private-Geometry (6EACA3D4-40EC-4CC1-B786-8BED09428FC5): 1
LogDevObjectVersion:   Dev-AnimPhys (29E575DD-E0A3-4627-9D10-D276232CDCEA): 3
LogInit: Compiled (64-bit): Jul 28 2017 11:49:47
LogInit: Compiled with Visual C++: 19.00.24215.01
LogInit: Build Configuration: Development
LogInit: Branch Name: ++UE4+Release-4.16
LogInit: Command line:  
LogInit: Base directory: C:/Program Files/Epic Games/UE_4.16/Engine/Binaries/Win64/
LogInit: Installed Engine Build: 1
LogInit: Presizing for max 8388607 objects, including 0 objects not considered by GC, pre-allocating 0 bytes for permanent pool.
LogInit: Object subsystem initialized
[2018.03.24-00.12.10:392][  0]LogInit: Selected Device Profile: [Windows]
[2018.03.24-00.12.10:392][  0]LogInit: Applying CVar settings loaded from the selected device profile: [Windows]
[2018.03.24-00.12.10:419][  0]LogInit: Computer: DESKTOP-T6HC0M1
[2018.03.24-00.12.10:419][  0]LogInit: User: MarieSo
[2018.03.24-00.12.10:419][  0]LogInit: CPU Page size=4096, Cores=4
[2018.03.24-00.12.10:419][  0]LogInit: High frequency timer resolution =3.906244 MHz
[2018.03.24-00.12.10:419][  0]LogMemory: Memory total: Physical=15.9GB (16GB approx)
[2018.03.24-00.12.10:419][  0]LogMemory: Platform Memory Stats for Windows
[2018.03.24-00.12.10:419][  0]LogMemory: Process Physical Memory: 274.10 MB used, 274.10 MB peak
[2018.03.24-00.12.10:419][  0]LogMemory: Process Virtual Memory: 262.87 MB used, 262.87 MB peak
[2018.03.24-00.12.10:419][  0]LogMemory: Physical Memory: 5704.87 MB used,  10539.95 MB free, 16244.82 MB total
[2018.03.24-00.12.10:419][  0]LogMemory: Virtual Memory: 678.40 MB used,  10539.95 MB free, 134217728.00 MB total
[2018.03.24-00.12.10:504][  0]LogInit: Using OS detected language (en-US).
[2018.03.24-00.12.10:504][  0]LogInit: Using OS detected locale (en-US).
[2018.03.24-00.12.10:506][  0]LogTextLocalizationManager: No specific localization for 'en-US' exists, so the 'en' localization will be used.
[2018.03.24-00.12.11:253][  0]LogD3D11RHI: D3D11 adapters:
[2018.03.24-00.12.11:297][  0]LogD3D11RHI:    0. 'NVIDIA GeForce GTX 960' (Feature Level 11_0)
[2018.03.24-00.12.11:297][  0]LogD3D11RHI:       2007/0/8122 MB DedicatedVideo/DedicatedSystem/SharedSystem, Outputs:1, VendorId:0x10de
[2018.03.24-00.12.11:301][  0]LogD3D11RHI:    1. 'Intel(R) HD Graphics 4600' (Feature Level 11_0)
[2018.03.24-00.12.11:301][  0]LogD3D11RHI:       112/0/2048 MB DedicatedVideo/DedicatedSystem/SharedSystem, Outputs:0, VendorId:0x8086
[2018.03.24-00.12.11:303][  0]LogD3D11RHI:    2. 'Microsoft Basic Render Driver' (Feature Level 11_0)
[2018.03.24-00.12.11:303][  0]LogD3D11RHI:       0/0/8122 MB DedicatedVideo/DedicatedSystem/SharedSystem, Outputs:0, VendorId:0x1414
[2018.03.24-00.12.11:303][  0]LogD3D11RHI: Chosen D3D11 Adapter: 0
[2018.03.24-00.12.11:309][  0]LogD3D11RHI: Creating new Direct3DDevice
[2018.03.24-00.12.11:309][  0]LogD3D11RHI:     GPU DeviceId: 0x1401 (for the marketing name, search the web for "GPU Device Id")
[2018.03.24-00.12.11:309][  0]LogWindows: EnumDisplayDevices:
[2018.03.24-00.12.11:309][  0]LogWindows:    0. 'NVIDIA GeForce GTX 960' (P:1 D:1)
[2018.03.24-00.12.11:309][  0]LogWindows:    1. 'NVIDIA GeForce GTX 960' (P:0 D:0)
[2018.03.24-00.12.11:309][  0]LogWindows:    2. 'NVIDIA GeForce GTX 960' (P:0 D:0)
[2018.03.24-00.12.11:309][  0]LogWindows:    3. 'NVIDIA GeForce GTX 960' (P:0 D:0)
[2018.03.24-00.12.11:309][  0]LogWindows:    4. 'Intel(R) HD Graphics 4600' (P:0 D:0)
[2018.03.24-00.12.11:310][  0]LogWindows:    5. 'Intel(R) HD Graphics 4600' (P:0 D:0)
[2018.03.24-00.12.11:310][  0]LogWindows:    6. 'Intel(R) HD Graphics 4600' (P:0 D:0)
[2018.03.24-00.12.11:310][  0]LogWindows: DebugString: GetVideoDriverDetailsInvalid PrimaryIsNotTheChoosenAdapter GetVideoDriverDetailsInvalid PrimaryIsNotTheChoosenAdapter GetVideoDriverDetailsInvalid PrimaryIsNotTheChoosenAdapter GetVideoDriverDetailsInvalid PrimaryIsNotTheChoosenAdapter GetVideoDriverDetailsInvalid PrimaryIsNotTheChoosenAdapter GetVideoDriverDetailsInvalid PrimaryIsNotTheChoosenAdapter GetVideoDriverDetailsInvalid PrimaryIsNotTheChoosenAdapter FoundDriverCount:0 
[2018.03.24-00.12.11:310][  0]LogD3D11RHI:     Adapter Name: NVIDIA GeForce GTX 960
[2018.03.24-00.12.11:310][  0]LogD3D11RHI:   Driver Version: Unknown (internal:Unknown, unified:Unknown)
[2018.03.24-00.12.11:310][  0]LogD3D11RHI:      Driver Date: Unknown
[2018.03.24-00.12.11:310][  0]LogRHI: Texture pool is 1361 MB (70% of 1945 MB)
[2018.03.24-00.12.11:338][  0]LogD3D11RHI: Async texture creation enabled
[2018.03.24-00.12.11:673][  0]LogD3D11RHI: GPU Timing Frequency: 1000.000000 (Debug: 2 2)
[2018.03.24-00.12.11:674][  0]LogShaderCompilers: Guid format shader working directory is -25 characters bigger than the processId version (../../../../../../Users/Marie-So/Documents/Session 3/GitHub/OblivionGames/Intermediate/Shaders/WorkingDirectory/13076/).
[2018.03.24-00.12.11:674][  0]LogShaderCompilers: Cleaned the shader compiler working directory 'C:/Users/Marie-So/AppData/Local/Temp/UnrealShaderWorkingDir/BB6086B8455D35EFD018B7A114132B44/'.
[2018.03.24-00.12.11:674][  0]LogShaderCompilers:Display: Using Local Shader Compiler.
[2018.03.24-00.12.12:655][  0]LogTemp:Display: Loaded TP AllDesktopTargetPlatform
[2018.03.24-00.12.12:700][  0]LogTemp:Display: Loaded TP MacClientTargetPlatform
[2018.03.24-00.12.12:744][  0]LogTemp:Display: Loaded TP MacNoEditorTargetPlatform
[2018.03.24-00.12.12:788][  0]LogTemp:Display: Loaded TP MacServerTargetPlatform
[2018.03.24-00.12.12:855][  0]LogTemp:Display: Loaded TP MacTargetPlatform
[2018.03.24-00.12.12:925][  0]LogTemp:Display: Loaded TP WindowsClientTargetPlatform
[2018.03.24-00.12.12:993][  0]LogTemp:Display: Loaded TP WindowsNoEditorTargetPlatform
[2018.03.24-00.12.13:052][  0]LogTemp:Display: Loaded TP WindowsServerTargetPlatform
[2018.03.24-00.12.13:112][  0]LogTemp:Display: Loaded TP WindowsTargetPlatform
[2018.03.24-00.12.13:190][  0]LogTemp:Display: Loaded TP AndroidTargetPlatform
[2018.03.24-00.12.13:248][  0]LogTemp:Display: Loaded TP Android_ASTCTargetPlatform
[2018.03.24-00.12.13:291][  0]LogTemp:Display: Loaded TP Android_ATCTargetPlatform
[2018.03.24-00.12.13:335][  0]LogTemp:Display: Loaded TP Android_DXTTargetPlatform
[2018.03.24-00.12.13:402][  0]LogTemp:Display: Loaded TP Android_ETC1TargetPlatform
[2018.03.24-00.12.13:452][  0]LogTemp:Display: Loaded TP Android_ETC2TargetPlatform
[2018.03.24-00.12.13:540][  0]LogTemp:Display: Loaded TP Android_MultiTargetPlatform
[2018.03.24-00.12.13:540][  0]LogTemp:Display: Loaded TP Android_PVRTCTargetPlatform
[2018.03.24-00.12.13:577][  0]LogTemp:Display: Loaded TP HTML5TargetPlatform
[2018.03.24-00.12.13:679][  0]LogTemp:Display: Loaded TP IOSTargetPlatform
[2018.03.24-00.12.13:760][  0]LogTemp:Display: Loaded TP TVOSTargetPlatform
[2018.03.24-00.12.13:852][  0]LogTemp:Display: Loaded TP LinuxClientTargetPlatform
[2018.03.24-00.12.13:919][  0]LogTemp:Display: Loaded TP LinuxNoEditorTargetPlatform
[2018.03.24-00.12.13:969][  0]LogTemp:Display: Loaded TP LinuxServerTargetPlatform
[2018.03.24-00.12.14:037][  0]LogTemp:Display: Loaded TP LinuxTargetPlatform
[2018.03.24-00.12.14:037][  0]LogTargetPlatformManager:Display: Building Assets For Windows
[2018.03.24-00.12.14:629][  0]LogDerivedDataCache:Display: Max Cache Size: 512 MB
[2018.03.24-00.12.14:702][  0]LogDerivedDataCache: Loaded boot cache 0.07s 90MB C:/Users/Marie-So/AppData/Local/UnrealEngine/4.16/DerivedDataCache/Boot.ddc.
[2018.03.24-00.12.14:702][  0]LogDerivedDataCache:Display: Loaded Boot cache: C:/Users/Marie-So/AppData/Local/UnrealEngine/4.16/DerivedDataCache/Boot.ddc
[2018.03.24-00.12.14:702][  0]LogDerivedDataCache: FDerivedDataBackendGraph:  Pak pak cache file ../../../../../../Users/Marie-So/Documents/Session 3/GitHub/OblivionGames/DerivedDataCache/DDC.ddp not found, will not use a pak cache.
[2018.03.24-00.12.14:702][  0]LogDerivedDataCache: Unable to find inner node Pak for hierarchical cache Hierarchy.
[2018.03.24-00.12.14:702][  0]LogDerivedDataCache: FDerivedDataBackendGraph:  CompressedPak pak cache file ../../../../../../Users/Marie-So/Documents/Session 3/GitHub/OblivionGames/DerivedDataCache/Compressed.ddp not found, will not use a pak cache.
[2018.03.24-00.12.14:702][  0]LogDerivedDataCache: Unable to find inner node CompressedPak for hierarchical cache Hierarchy.
[2018.03.24-00.12.14:715][  0]LogDerivedDataCache:Display: Pak cache opened for reading ../../../Engine/DerivedDataCache/Compressed.ddp.
[2018.03.24-00.12.14:727][  0]LogDerivedDataCache: Using Local data cache path C:/Users/Marie-So/AppData/Local/UnrealEngine/Common/DerivedDataCache: Writable
[2018.03.24-00.12.14:734][  0]LogMaterial: Verifying Global Shaders for PCD3D_SM5
[2018.03.24-00.12.14:735][  0]LogSlate: Using Freetype 2.6.0
[2018.03.24-00.12.14:735][  0]LogSlate: SlateFontCache - WITH_FREETYPE: 1, WITH_HARFBUZZ: 1
[2018.03.24-00.12.14:735][  0]LogSlate: SlateFontCache - WITH_FREETYPE: 1, WITH_HARFBUZZ: 1
[2018.03.24-00.12.15:083][  0]LogInit: Selected Device Profile: [Windows]
[2018.03.24-00.12.15:154][  0]LogContentStreaming: Texture pool size is 0.00 MB
[2018.03.24-00.12.15:285][  0]LogMeshUtilities: Using QuadricMeshReduction for automatic static mesh reduction
[2018.03.24-00.12.15:325][  0]LogSimplygon: Simplygon DLL not present - disabling.
[2018.03.24-00.12.15:368][  0]LogMeshUtilities: Using SimplygonSwarm for distributed automatic mesh merging
[2018.03.24-00.12.15:368][  0]LogMeshUtilities: No automatic skeletal mesh reduction module available
[2018.03.24-00.12.15:368][  0]LogMeshUtilities: No automatic mesh merging module available
[2018.03.24-00.12.15:818][  0]LogNetVersion: OblivionGames , NetCL: 3452394, EngineNetVer: 2, GameNetVer: 0 (Checksum: 1932256307)
[2018.03.24-00.12.15:874][  0]LogAssetRegistry: FAssetRegistry took 0.0254 seconds to start up
[2018.03.24-00.12.15:945][  0]LogPackageLocalizationCache: Processed 4 localized package path(s) for 2 prioritized culture(s) in 0.050940 seconds
[2018.03.24-00.12.15:949][  0]LogUObjectArray: 34194 objects as part of root set at end of initial load.
[2018.03.24-00.12.15:949][  0]LogUObjectAllocator: 7260416 out of 0 bytes used by permanent object pool.
[2018.03.24-00.12.15:949][  0]LogUObjectArray: CloseDisregardForGC: 0/0 objects in disregard for GC pool
[2018.03.24-00.12.16:012][  0]LogInit: WinSock: version 1.1 (2.2), MaxSocks=32767, MaxUdp=65467
[2018.03.24-00.12.18:770][  0]LogSubstanceCoreModule: Substance [CPU] Engine Loaded, Max Texture Size = 2048
[2018.03.24-00.12.18:796][  0]LogTcpMessaging: Initializing TcpMessaging bridge
[2018.03.24-00.12.18:832][  0]LogUdpMessaging: Initializing bridge on interface 0.0.0.0:0 to multicast group 230.0.0.1:6666.
[2018.03.24-00.12.19:634][  0]LogMaterial: Uniform references updated for custom material expression Custom.
[2018.03.24-00.12.20:248][  0]SourceControl: Info Source control is disabled
[2018.03.24-00.12.20:250][  0]SourceControl: Info Source control is disabled
[2018.03.24-00.12.20:356][  0]SourceControl: Info Source control is disabled
[2018.03.24-00.12.20:491][  0]SourceControl: Info Source control is disabled
[2018.03.24-00.12.21:377][  0]LogAndroidPermission: UAndroidPermissionCallbackProxy::GetInstance
[2018.03.24-00.12.22:074][  0]LogEngine: Initializing Engine...
[2018.03.24-00.12.22:075][  0]LogHMD: Failed to initialize OpenVR with code 110
[2018.03.24-00.12.22:276][  0]LogStats: UGameplayTagsManager::ConstructGameplayTagTree: Construct from data asset -  0.000 s
[2018.03.24-00.12.22:276][  0]LogStats: UGameplayTagsManager::ConstructGameplayTagTree: GameplayTagTreeChangedEvent.Broadcast -  0.000 s
[2018.03.24-00.12.22:434][  0]LogAIModule: Creating AISystem for world Untitled
[2018.03.24-00.12.22:446][  0]LogInit: XAudio2 using 'Headphones (High Definition Audio Device)' : 2 channels at 48 kHz using 16 bits per sample (channel mask 0x3)
[2018.03.24-00.12.22:464][  0]LogInit: FAudioDevice initialized.
[2018.03.24-00.12.22:501][  0]LogDerivedDataCache: Saved boot cache 0.04s 90MB C:/Users/Marie-So/AppData/Local/UnrealEngine/4.16/DerivedDataCache/Boot.ddc.
[2018.03.24-00.12.22:515][  0]LogInit: Texture streaming: Enabled
[2018.03.24-00.12.22:605][  0]LogEngineSessionManager: EngineSessionManager initialized
[2018.03.24-00.12.22:818][  0]LogInit: Transaction tracking system initialized
[2018.03.24-00.12.23:138][  0]BlueprintLog: New page: Editor Load
[2018.03.24-00.12.24:237][  0]LocalizationService: Info Localization service is disabled
[2018.03.24-00.12.25:084][  0]LogConsoleResponse:Display: 
[2018.03.24-00.12.25:208][  0]LogCook:Display: Max memory allowance for cook 16384mb min free memory 0mb
[2018.03.24-00.12.25:208][  0]LogCook:Display: Mobile HDR setting 1
[2018.03.24-00.12.26:330][  0]LogFileCache: Scanning file cache for directory 'C:/Users/Marie-So/Documents/Session 3/GitHub/OblivionGames/Content/' took 0.02s
[2018.03.24-00.12.26:372][  0]SourceControl: Info Source control is disabled
[2018.03.24-00.12.26:372][  0]Cmd: MAP LOAD FILE="../../../../../../Users/Marie-So/Documents/Session 3/GitHub/OblivionGames/Content/Assets/Maps/MAP_MAINMENU.umap" TEMPLATE=0 SHOWPROGRESS=1 FEATURELEVEL=3
[2018.03.24-00.12.26:373][  0]LightingResults: New page: Lighting Build
[2018.03.24-00.12.26:410][  0]MapCheck: New page: Map Check
[2018.03.24-00.12.26:410][  0]LightingResults: New page: Lighting Build
[2018.03.24-00.12.26:704][  0]LogLinker:Warning: Can't find file '/Game/Assets/Materials/Substance/Ice_Jagged/Ice_Jagged'
[2018.03.24-00.12.26:704][  0]LoadErrors: Info Failed to load /Game/Assets/Effects/Particles/P_Gloves_SparksRight_Side.P_Gloves_SparksRight_Side Referenced by P_Gloves_SparksRight_Side_GEN_VARIABLE
[2018.03.24-00.12.26:704][  0]LogLinker:Warning: Can't find file for asset '/Game/Assets/Materials/Substance/Ice_Jagged/Ice_Jagged' while loading ../../../../../../Users/Marie-So/Documents/Session 3/GitHub/OblivionGames/Content/Assets/Materials/Substance/Ice_Jagged/Ice_Jagged_INST.uasset.
[2018.03.24-00.12.26:704][  0]LoadErrors: Info Failed to load /Game/Assets/Effects/Particles/P_Gloves_SparksRight_Side.P_Gloves_SparksRight_Side Referenced by P_Gloves_SparksRight_Side_GEN_VARIABLE
[2018.03.24-00.12.26:704][  0]LoadErrors:Error: Error /Game/Assets/Materials/Substance/Ice_Jagged/Ice_Jagged_INST : Can't find file for asset. /Game/Assets/Materials/Substance/Ice_Jagged/Ice_Jagged
[2018.03.24-00.12.26:704][  0]LogLinker:Warning: Can't find file '/Game/Assets/Materials/Substance/Ice_Jagged/Ice_Jagged'
[2018.03.24-00.12.26:704][  0]LoadErrors: Info Failed to load /Game/Assets/Effects/Particles/P_Gloves_SparksRight_Side.P_Gloves_SparksRight_Side Referenced by P_Gloves_SparksRight_Side_GEN_VARIABLE
[2018.03.24-00.12.26:705][  0]LogLinker:Warning: Can't find file for asset '/Game/Assets/Materials/Substance/Ice_Jagged/Ice_Jagged' while loading ../../../../../../Users/Marie-So/Documents/Session 3/GitHub/OblivionGames/Content/Assets/Materials/Substance/Ice_Jagged/Ice_Jagged_INST.uasset.
[2018.03.24-00.12.26:705][  0]LoadErrors: Info Failed to load /Game/Assets/Effects/Particles/P_Gloves_SparksRight_Side.P_Gloves_SparksRight_Side Referenced by P_Gloves_SparksRight_Side_GEN_VARIABLE
[2018.03.24-00.12.26:705][  0]LoadErrors:Error: Error /Game/Assets/Materials/Substance/Ice_Jagged/Ice_Jagged_INST : Can't find file for asset. /Game/Assets/Materials/Substance/Ice_Jagged/Ice_Jagged
[2018.03.24-00.12.26:873][  0]LogBlueprint:Warning: [BP_ActivatableAltar] 'SK_Character' variable not found. Base class was probably changed.
[2018.03.24-00.12.26:874][  0]LogBlueprint:Warning: [BP_ActivatableAltar] 'CharacterCamera' variable not found. Base class was probably changed.
[2018.03.24-00.12.27:452][  0]LogLinker:Warning: Can't find file '/Game/Assets/Materials/Substance/Ice_Jagged/Ice_Jagged'
[2018.03.24-00.12.27:452][  0]LoadErrors: Info Failed to load /Game/Assets/Materials/Substance/Ice_Jagged/Ice_Jagged.Ice_Jagged Referenced by Ice_Jagged_INST
[2018.03.24-00.12.27:452][  0]LogLinker:Warning: Can't find file for asset '/Game/Assets/Materials/Substance/Ice_Jagged/Ice_Jagged' while loading NULL.
[2018.03.24-00.12.27:452][  0]LoadErrors: Info Failed to load /Game/Assets/Materials/Substance/Ice_Jagged/Ice_Jagged.Ice_Jagged Referenced by Ice_Jagged_INST
[2018.03.24-00.12.27:452][  0]LogLinker:Warning: Can't find file '/Game/Assets/Materials/Substance/Ice_Jagged/Ice_Jagged'
[2018.03.24-00.12.27:452][  0]LoadErrors: Info Failed to load /Game/Assets/Materials/Substance/Ice_Jagged/Ice_Jagged.Ice_Jagged Referenced by Ice_Jagged_INST
[2018.03.24-00.12.27:452][  0]LogLinker:Warning: Can't find file for asset '/Game/Assets/Materials/Substance/Ice_Jagged/Ice_Jagged' while loading NULL.
[2018.03.24-00.12.27:452][  0]LoadErrors: Info Failed to load /Game/Assets/Materials/Substance/Ice_Jagged/Ice_Jagged.Ice_Jagged Referenced by Ice_Jagged_INST
[2018.03.24-00.12.28:079][  0]LogAIModule: Creating AISystem for world MAP_MAINMENU
[2018.03.24-00.12.28:089][  0]LogEditorServer: Finished looking for orphan Actors (0.000 secs)
[2018.03.24-00.12.28:108][  0]Cmd: MAP CHECKDEP NOCLEARLOG
[2018.03.24-00.12.28:175][  0]MapCheck: Info Map check complete: 0 Error(s), 0 Warning(s), took 66.85ms to complete.
[2018.03.24-00.12.28:175][  0]LogFileHelpers: Loading map 'MAP_MAINMENU' took 1.803
[2018.03.24-00.12.28:365][  0]LogCollectionManager: Loaded 0 collections in 0.001134 seconds
[2018.03.24-00.12.28:451][  0]LogFileCache: Scanning file cache for directory 'C:/Users/Marie-So/Documents/Session 3/GitHub/OblivionGames/Saved/Collections/' took 0.01s
[2018.03.24-00.12.28:451][  0]LogFileCache: Scanning file cache for directory 'C:/Users/Marie-So/Documents/Session 3/GitHub/OblivionGames/Content/Developers/MarieSo/Collections/' took 0.01s
[2018.03.24-00.12.28:451][  0]LogFileCache: Scanning file cache for directory 'C:/Users/Marie-So/Documents/Session 3/GitHub/OblivionGames/Content/Collections/' took 0.01s
[2018.03.24-00.12.28:451][  0]LogCollectionManager: Rebuilt the GUID cache for 0 collections in 0.000002 seconds
[2018.03.24-00.12.28:458][  0]LogContentBrowser: Native class hierarchy populated in 0.0074 seconds. Added 2343 classes and 497 folders.
[2018.03.24-00.12.28:518][  0]LogContentBrowser: Native class hierarchy updated for 'WidgetCarousel' in 0.0004 seconds. Added 0 classes and 0 folders.
[2018.03.24-00.12.28:549][  0]LogContentBrowser: Native class hierarchy updated for 'AddContentDialog' in 0.0004 seconds. Added 0 classes and 0 folders.
[2018.03.24-00.12.28:589][  0]LogContentBrowser: Native class hierarchy updated for 'SceneOutliner' in 0.0004 seconds. Added 1 classes and 2 folders.
[2018.03.24-00.12.28:634][  0]LogContentBrowser: Native class hierarchy updated for 'WorldBrowser' in 0.0005 seconds. Added 1 classes and 3 folders.
[2018.03.24-00.12.28:707][  0]LogCrashTracker: Crashtracker disabled due to settings.
[2018.03.24-00.12.28:713][  0]LogSlate: Took 0.000231 seconds to synchronously load lazily loaded font '../../../Engine/Content/Slate/Fonts/Roboto-Regular.ttf' (155K)
[2018.03.24-00.12.28:715][  0]LogSlate: Took 0.000147 seconds to synchronously load lazily loaded font '../../../Engine/Content/Slate/Fonts/Roboto-Bold.ttf' (160K)
[2018.03.24-00.12.28:718][  0]LogSlate: Took 0.000179 seconds to synchronously load lazily loaded font '../../../Engine/Content/Editor/Slate/Fonts/FontAwesome.ttf' (139K)
[2018.03.24-00.12.28:790][  0]LogRenderer: Reallocating scene render targets to support 1208x576 NumSamples 1 (Frame:1).
[2018.03.24-00.12.29:013][  0]LogUObjectGlobals:Warning: Failed to find object 'Class None.'
[2018.03.24-00.12.29:097][  0]LogContentBrowser: Native class hierarchy updated for 'HierarchicalLODOutliner' in 0.0007 seconds. Added 1 classes and 2 folders.
[2018.03.24-00.12.29:097][  0]LogLoad: (Engine Initialization) Total time: 20.31 seconds
[2018.03.24-00.12.29:097][  0]LogLoad: (Engine Initialization) Total Blueprint compile time: 0.41 seconds
[2018.03.24-00.12.29:097][  0]LogExternalProfiler: No external profilers were discovered.  External profiling features will not be available.
[2018.03.24-00.12.29:439][  0]LogOcInput: OculusInput pre-init called
[2018.03.24-00.12.29:439][  0]LogHMD: Starting GearVRController plugin
[2018.03.24-00.12.29:476][  0]LogContentStreaming: Texture pool size now 1000 MB
[2018.03.24-00.12.29:546][  0]LogSlate: Took 0.000147 seconds to synchronously load lazily loaded font '../../../Engine/Content/Slate/Fonts/Roboto-Light.ttf' (159K)
[2018.03.24-00.12.29:772][  1]LogFileCache: Retrieving MD5 hashes for directory 'C:/Users/Marie-So/Documents/Session 3/GitHub/OblivionGames/Content/' took 0.32s
[2018.03.24-00.12.30:233][  3]LogSlate: Took 0.000154 seconds to synchronously load lazily loaded font '../../../Engine/Content/Slate/Fonts/Roboto-Light.ttf' (159K)
[2018.03.24-00.12.30:574][  3]LogAssetRegistry: Asset discovery search completed in 14.7222 seconds
[2018.03.24-00.12.30:576][  3]LogCollectionManager: Rebuilt the object cache for 0 collections in 0.000001 seconds (found 0 objects)
[2018.03.24-00.12.30:576][  3]LogCollectionManager: Fixed up redirectors for 0 collections in 0.000021 seconds (updated 0 objects)
[2018.03.24-00.12.30:638][  4]LogRenderer: Reallocating scene render targets to support 1432x924 NumSamples 1 (Frame:1).
[2018.03.24-00.12.35:892][149]LogLinker:Warning: Can't find file '/Game/Assets/Materials/Substance/Ice_Rough/Ice_Rough'
[2018.03.24-00.12.35:893][149]LogLinker:Warning: Can't find file for asset '/Game/Assets/Materials/Substance/Ice_Rough/Ice_Rough' while loading ../../../../../../Users/Marie-So/Documents/Session 3/GitHub/OblivionGames/Content/Assets/Materials/Substance/Ice_Rough/Ice_Rough_INST.uasset.
[2018.03.24-00.12.35:893][149]LoadErrors:Error: Error /Game/Assets/Materials/Substance/Ice_Rough/Ice_Rough_INST : Can't find file for asset. /Game/Assets/Materials/Substance/Ice_Rough/Ice_Rough
[2018.03.24-00.12.35:894][149]LogLinker:Warning: Can't find file '/Game/Assets/Materials/Substance/Ice_Rough/Ice_Rough'
[2018.03.24-00.12.35:894][149]LogLinker:Warning: Can't find file for asset '/Game/Assets/Materials/Substance/Ice_Rough/Ice_Rough' while loading ../../../../../../Users/Marie-So/Documents/Session 3/GitHub/OblivionGames/Content/Assets/Materials/Substance/Ice_Rough/Ice_Rough_INST.uasset.
[2018.03.24-00.12.35:989][149]LogLinker:Warning: Can't find file '/Game/Assets/Materials/Substance/Snow/Snow'
[2018.03.24-00.12.35:989][149]LogLinker:Warning: Can't find file for asset '/Game/Assets/Materials/Substance/Snow/Snow' while loading ../../../../../../Users/Marie-So/Documents/Session 3/GitHub/OblivionGames/Content/Assets/Materials/Substance/Snow/Snow_INST.uasset.
[2018.03.24-00.12.35:989][149]LoadErrors:Error: Error /Game/Assets/Materials/Substance/Snow/Snow_INST : Can't find file for asset. /Game/Assets/Materials/Substance/Snow/Snow
[2018.03.24-00.12.35:990][149]LogLinker:Warning: Can't find file '/Game/Assets/Materials/Substance/Snow/Snow'
[2018.03.24-00.12.35:990][149]LogLinker:Warning: Can't find file for asset '/Game/Assets/Materials/Substance/Snow/Snow' while loading ../../../../../../Users/Marie-So/Documents/Session 3/GitHub/OblivionGames/Content/Assets/Materials/Substance/Snow/Snow_INST.uasset.
[2018.03.24-00.12.36:070][149]LogLinker:Warning: Can't find file '/Game/Assets/Materials/Substance/Ice/Ice'
[2018.03.24-00.12.36:070][149]LogLinker:Warning: Can't find file for asset '/Game/Assets/Materials/Substance/Ice/Ice' while loading ../../../../../../Users/Marie-So/Documents/Session 3/GitHub/OblivionGames/Content/Assets/Materials/Substance/Ice/Ice_INST.uasset.
[2018.03.24-00.12.36:070][149]LoadErrors:Error: Error /Game/Assets/Materials/Substance/Ice/Ice_INST : Can't find file for asset. /Game/Assets/Materials/Substance/Ice/Ice
[2018.03.24-00.12.36:071][149]LogLinker:Warning: Can't find file '/Game/Assets/Materials/Substance/Ice/Ice'
[2018.03.24-00.12.36:071][149]LogLinker:Warning: Can't find file for asset '/Game/Assets/Materials/Substance/Ice/Ice' while loading ../../../../../../Users/Marie-So/Documents/Session 3/GitHub/OblivionGames/Content/Assets/Materials/Substance/Ice/Ice_INST.uasset.
[2018.03.24-00.12.36:138][149]LogLinker:Warning: Can't find file '/Game/Assets/Materials/Substance/Rough_Snow/Rough_Snow'
[2018.03.24-00.12.36:138][149]LogLinker:Warning: Can't find file for asset '/Game/Assets/Materials/Substance/Rough_Snow/Rough_Snow' while loading ../../../../../../Users/Marie-So/Documents/Session 3/GitHub/OblivionGames/Content/Assets/Materials/Substance/Rough_Snow/Rough_Snow_INST.uasset.
[2018.03.24-00.12.36:138][149]LoadErrors:Error: Error /Game/Assets/Materials/Substance/Rough_Snow/Rough_Snow_INST : Can't find file for asset. /Game/Assets/Materials/Substance/Rough_Snow/Rough_Snow
[2018.03.24-00.12.36:139][149]LogLinker:Warning: Can't find file '/Game/Assets/Materials/Substance/Rough_Snow/Rough_Snow'
[2018.03.24-00.12.36:139][149]LogLinker:Warning: Can't find file for asset '/Game/Assets/Materials/Substance/Rough_Snow/Rough_Snow' while loading ../../../../../../Users/Marie-So/Documents/Session 3/GitHub/OblivionGames/Content/Assets/Materials/Substance/Rough_Snow/Rough_Snow_INST.uasset.
[2018.03.24-00.12.36:484][149]LogLinker:Warning: Can't find file '/Game/Assets/Materials/Substance/Ice_Rock/Ice_Rock_INST'
[2018.03.24-00.12.36:484][149]LogLinker:Warning: Can't find file for asset '/Game/Assets/Materials/Substance/Ice_Rock/Ice_Rock_INST' while loading ../../../../../../Users/Marie-So/Documents/Session 3/GitHub/OblivionGames/Content/Assets/Materials/Substance/Ice_Rock/Ice_Rock_INST_roughness.uasset.
[2018.03.24-00.12.36:484][149]LoadErrors:Error: Error /Game/Assets/Materials/Substance/Ice_Rock/Ice_Rock_INST_roughness : Can't find file for asset. /Game/Assets/Materials/Substance/Ice_Rock/Ice_Rock_INST
[2018.03.24-00.12.36:484][149]LogLinker:Warning: Can't find file '/Game/Assets/Materials/Substance/Ice_Rock/Ice_Rock_INST'
[2018.03.24-00.12.36:485][149]LogLinker:Warning: Can't find file for asset '/Game/Assets/Materials/Substance/Ice_Rock/Ice_Rock_INST' while loading ../../../../../../Users/Marie-So/Documents/Session 3/GitHub/OblivionGames/Content/Assets/Materials/Substance/Ice_Rock/Ice_Rock_INST_roughness.uasset.
[2018.03.24-00.12.36:537][149]LogSlate: Took 0.000139 seconds to synchronously load lazily loaded font '../../../Engine/Content/Slate/Fonts/Roboto-Regular.ttf' (155K)
[2018.03.24-00.12.36:624][149]LogLinker:Warning: Can't find file '/Game/Assets/Materials/Substance/Rough_Snow/Rough_Snow'
[2018.03.24-00.12.36:624][149]LoadErrors: Info Failed to load /Game/Assets/Materials/Substance/Rough_Snow/Rough_Snow.Rough_Snow Referenced by Rough_Snow_INST
[2018.03.24-00.12.36:624][149]LogLinker:Warning: Can't find file for asset '/Game/Assets/Materials/Substance/Rough_Snow/Rough_Snow' while loading NULL.
[2018.03.24-00.12.36:625][149]LogLinker:Warning: Can't find file '/Game/Assets/Materials/Substance/Rough_Snow/Rough_Snow'
[2018.03.24-00.12.36:625][149]LogLinker:Warning: Can't find file for asset '/Game/Assets/Materials/Substance/Rough_Snow/Rough_Snow' while loading NULL.
[2018.03.24-00.12.36:629][149]LogLinker:Warning: Can't find file '/Game/Assets/Materials/Substance/Ice/Ice'
[2018.03.24-00.12.36:629][149]LoadErrors: Info Failed to load /Game/Assets/Materials/Substance/Ice/Ice.Ice Referenced by Ice_INST
[2018.03.24-00.12.36:629][149]LogLinker:Warning: Can't find file for asset '/Game/Assets/Materials/Substance/Ice/Ice' while loading NULL.
[2018.03.24-00.12.36:629][149]LogLinker:Warning: Can't find file '/Game/Assets/Materials/Substance/Ice/Ice'
[2018.03.24-00.12.36:629][149]LogLinker:Warning: Can't find file for asset '/Game/Assets/Materials/Substance/Ice/Ice' while loading NULL.
[2018.03.24-00.12.36:634][149]LogLinker:Warning: Can't find file '/Game/Assets/Materials/Substance/Snow/Snow'
[2018.03.24-00.12.36:634][149]LoadErrors: Info Failed to load /Game/Assets/Materials/Substance/Snow/Snow.Snow Referenced by Snow_INST
[2018.03.24-00.12.36:634][149]LogLinker:Warning: Can't find file for asset '/Game/Assets/Materials/Substance/Snow/Snow' while loading NULL.
[2018.03.24-00.12.36:634][149]LogLinker:Warning: Can't find file '/Game/Assets/Materials/Substance/Snow/Snow'
[2018.03.24-00.12.36:634][149]LogLinker:Warning: Can't find file for asset '/Game/Assets/Materials/Substance/Snow/Snow' while loading NULL.
[2018.03.24-00.12.36:637][149]LogLinker:Warning: Can't find file '/Game/Assets/Materials/Substance/Ice_Rough/Ice_Rough'
[2018.03.24-00.12.36:637][149]LoadErrors: Info Failed to load /Game/Assets/Materials/Substance/Ice_Rough/Ice_Rough.Ice_Rough Referenced by Ice_Rough_INST
[2018.03.24-00.12.36:638][149]LogLinker:Warning: Can't find file for asset '/Game/Assets/Materials/Substance/Ice_Rough/Ice_Rough' while loading NULL.
[2018.03.24-00.12.36:638][149]LogLinker:Warning: Can't find file '/Game/Assets/Materials/Substance/Ice_Rough/Ice_Rough'
[2018.03.24-00.12.36:638][149]LogLinker:Warning: Can't find file for asset '/Game/Assets/Materials/Substance/Ice_Rough/Ice_Rough' while loading NULL.
[2018.03.24-00.12.36:664][149]LogLinker:Warning: Can't find file '/Game/Assets/Materials/Substance/Ice_Rock/Ice_Rock_INST'
[2018.03.24-00.12.36:664][149]LoadErrors: Info Failed to load /Game/Assets/Materials/Substance/Ice_Rock/Ice_Rock_INST.Ice_Rock_INST Referenced by Ice_Rock_INST_roughness
[2018.03.24-00.12.36:664][149]LogLinker:Warning: Can't find file for asset '/Game/Assets/Materials/Substance/Ice_Rock/Ice_Rock_INST' while loading NULL.
[2018.03.24-00.12.36:664][149]LogLinker:Warning: Can't find file '/Game/Assets/Materials/Substance/Ice_Rock/Ice_Rock_INST'
[2018.03.24-00.12.36:664][149]LogLinker:Warning: Can't find file for asset '/Game/Assets/Materials/Substance/Ice_Rock/Ice_Rock_INST' while loading NULL.
[2018.03.24-00.12.37:853][149]LogAIModule: Creating AISystem for world MAP_BLOCKING_06
[2018.03.24-00.12.37:987][149]Cmd: MAP LOAD FILE="../../../../../../Users/Marie-So/Documents/Session 3/GitHub/OblivionGames/Content/Assets/Maps/MAP_BLOCKING_06.umap" TEMPLATE=0 SHOWPROGRESS=1 FEATURELEVEL=3
[2018.03.24-00.12.37:987][149]LightingResults: New page: Lighting Build
[2018.03.24-00.12.37:988][149]LoadErrors: New page: Loading map: MAP_BLOCKING_06.umap
[2018.03.24-00.12.37:989][149]MapCheck: New page: Map Check
[2018.03.24-00.12.37:989][149]LightingResults: New page: Lighting Build
[2018.03.24-00.12.38:356][149]LogLinker:Warning: Can't find file '/Game/Assets/Maps/submaps/SUBMAP_MARYSE_BuiltData'
[2018.03.24-00.12.38:356][149]LogLinker:Warning: Can't find file for asset '/Game/Assets/Maps/submaps/SUBMAP_MARYSE_BuiltData' while loading NULL.
[2018.03.24-00.12.38:458][149]LogLinker:Warning: Can't find file '/Game/Assets/Materials/Substance/Ice_Snow/Ice_Snow'
[2018.03.24-00.12.38:458][149]LogLinker:Warning: Can't find file for asset '/Game/Assets/Materials/Substance/Ice_Snow/Ice_Snow' while loading ../../../../../../Users/Marie-So/Documents/Session 3/GitHub/OblivionGames/Content/Assets/Materials/Substance/Ice_Snow/Ice_Snow_INST.uasset.
[2018.03.24-00.12.38:458][149]LoadErrors:Error: Error /Game/Assets/Materials/Substance/Ice_Snow/Ice_Snow_INST : Can't find file for asset. /Game/Assets/Materials/Substance/Ice_Snow/Ice_Snow
[2018.03.24-00.12.38:459][149]LogLinker:Warning: Can't find file '/Game/Assets/Materials/Substance/Ice_Snow/Ice_Snow'
[2018.03.24-00.12.38:459][149]LogLinker:Warning: Can't find file for asset '/Game/Assets/Materials/Substance/Ice_Snow/Ice_Snow' while loading ../../../../../../Users/Marie-So/Documents/Session 3/GitHub/OblivionGames/Content/Assets/Materials/Substance/Ice_Snow/Ice_Snow_INST.uasset.
[2018.03.24-00.12.38:511][149]LogLinker:Warning: Can't find file '/Game/Assets/Maps/submaps/SUBMAP_MARYSE_BuiltData'
[2018.03.24-00.12.38:511][149]LogLinker:Warning: Can't find file for asset '/Game/Assets/Maps/submaps/SUBMAP_MARYSE_BuiltData' while loading NULL.
[2018.03.24-00.12.38:598][149]LogLinker:Warning: Can't find file '/Game/Assets/Maps/submaps/SUBMAP_MARYSE_BuiltData'
[2018.03.24-00.12.38:598][149]LogLinker:Warning: Can't find file for asset '/Game/Assets/Maps/submaps/SUBMAP_MARYSE_BuiltData' while loading NULL.
[2018.03.24-00.12.38:598][149]LogLinker:Warning: Can't find file '/Game/Assets/Maps/submaps/SUBMAP_MARYSE_BuiltData'
[2018.03.24-00.12.38:598][149]LogLinker:Warning: Can't find file for asset '/Game/Assets/Maps/submaps/SUBMAP_MARYSE_BuiltData' while loading NULL.
[2018.03.24-00.12.38:657][149]LogLinker:Warning: Can't find file '/Game/Assets/Maps/submaps/SUBMAP_MARYSE_BuiltData'
[2018.03.24-00.12.38:657][149]LoadErrors: Info Failed to load /Game/Assets/Maps/submaps/SUBMAP_MARYSE_BuiltData.SUBMAP_MARYSE_BuiltData Referenced by PersistentLevel
[2018.03.24-00.12.38:657][149]LogLinker:Warning: Can't find file for asset '/Game/Assets/Maps/submaps/SUBMAP_MARYSE_BuiltData' while loading NULL.
[2018.03.24-00.12.38:688][149]LogLinker:Warning: Can't find file '/Game/Assets/Materials/Substance/Ice_Snow/Ice_Snow'
[2018.03.24-00.12.38:688][149]LoadErrors: Info Failed to load /Game/Assets/Materials/Substance/Ice_Snow/Ice_Snow.Ice_Snow Referenced by Ice_Snow_INST
[2018.03.24-00.12.38:688][149]LogLinker:Warning: Can't find file for asset '/Game/Assets/Materials/Substance/Ice_Snow/Ice_Snow' while loading NULL.
[2018.03.24-00.12.38:689][149]LogLinker:Warning: Can't find file '/Game/Assets/Materials/Substance/Ice_Snow/Ice_Snow'
[2018.03.24-00.12.38:689][149]LogLinker:Warning: Can't find file for asset '/Game/Assets/Materials/Substance/Ice_Snow/Ice_Snow' while loading NULL.
[2018.03.24-00.12.39:242][149]LogMaterial: Missing cached shader map for material Master_M_Snow, compiling. 
[2018.03.24-00.12.39:402][149]LogLinker:Warning: Can't find file '/Game/Assets/Maps/submaps/SUBMAP_Cave_BuiltData'
[2018.03.24-00.12.39:402][149]LogLinker:Warning: Can't find file for asset '/Game/Assets/Maps/submaps/SUBMAP_Cave_BuiltData' while loading NULL.
[2018.03.24-00.12.39:427][149]LogLinker:Warning: Can't find file '/Game/Assets/Maps/submaps/SUBMAP_Cave_BuiltData'
[2018.03.24-00.12.39:427][149]LogLinker:Warning: Can't find file for asset '/Game/Assets/Maps/submaps/SUBMAP_Cave_BuiltData' while loading NULL.
[2018.03.24-00.12.39:480][149]LogLinker:Warning: Can't find file '/Game/Assets/Maps/submaps/SUBMAP_Cave_BuiltData'
[2018.03.24-00.12.39:480][149]LogLinker:Warning: Can't find file for asset '/Game/Assets/Maps/submaps/SUBMAP_Cave_BuiltData' while loading NULL.
[2018.03.24-00.12.39:480][149]LogLinker:Warning: Can't find file '/Game/Assets/Maps/submaps/SUBMAP_Cave_BuiltData'
[2018.03.24-00.12.39:480][149]LogLinker:Warning: Can't find file for asset '/Game/Assets/Maps/submaps/SUBMAP_Cave_BuiltData' while loading NULL.
[2018.03.24-00.12.39:512][149]LogLinker:Warning: Can't find file '/Game/Assets/Maps/submaps/SUBMAP_Cave_BuiltData'
[2018.03.24-00.12.39:512][149]LoadErrors: Info Failed to load /Game/Assets/Maps/submaps/SUBMAP_Cave_BuiltData.SUBMAP_Cave_BuiltData Referenced by PersistentLevel
[2018.03.24-00.12.39:512][149]LogLinker:Warning: Can't find file for asset '/Game/Assets/Maps/submaps/SUBMAP_Cave_BuiltData' while loading NULL.
[2018.03.24-00.12.40:070][149]LogEditorServer: Finished looking for orphan Actors (0.000 secs)
[2018.03.24-00.12.40:264][149]Cmd: MAP CHECKDEP NOCLEARLOG
[2018.03.24-00.12.40:413][149]MapCheck: Info Map check complete: 0 Error(s), 0 Warning(s), took 148.126ms to complete.
[2018.03.24-00.12.40:414][149]LogFileHelpers: Loading map 'MAP_BLOCKING_06' took 2.428
[2018.03.24-00.12.45:539][199]LogShaderCompilers:Warning: Failed to compile Material /Game/Assets/Materials/MasterMaterials/Master_M_Snow.Master_M_Snow for platform PCD3D_SM5, Default Material will be used in game.
[2018.03.24-00.12.45:539][199]LogShaderCompilers:Warning: 	ShadowDepthVertexShader.usf(124,2-33):  err0r X3000: unrecognized identifier 'FVertexFactoryInterpolantsVSToDS'
[2018.03.24-00.12.45:539][199]LogShaderCompilers:Warning: 	HitProxyVertexShader.usf(27,3-34):  err0r X3000: unrecognized identifier 'FVertexFactoryInterpolantsVSToDS'
[2018.03.24-00.12.45:539][199]LogShaderCompilers:Warning: 	LightMapDensityShader.usf(23,3-34):  err0r X3000: unrecognized identifier 'FVertexFactoryInterpolantsVSToDS'
[2018.03.24-00.12.45:539][199]LogShaderCompilers:Warning: 	VelocityShader.usf(49,3-34):  err0r X3000: unrecognized identifier 'FVertexFactoryInterpolantsVSToDS'
[2018.03.24-00.12.45:539][199]LogShaderCompilers:Warning: 	BasePassVertexCommon.usf(30,3-34):  err0r X3000: unrecognized identifier 'FVertexFactoryInterpolantsVSToDS'
[2018.03.24-00.12.45:539][199]LogShaderCompilers:Warning: 	DepthOnlyVertexShader.usf(30,3-34):  err0r X3000: unrecognized identifier 'FVertexFactoryInterpolantsVSToDS'
[2018.03.24-00.12.45:539][199]LogShaderCompilers:Warning: 	DebugViewModeVertexShader.usf(18,3-34):  err0r X3000: unrecognized identifier 'FVertexFactoryInterpolantsVSToDS'
[2018.03.24-00.12.56:597][740]LogEditorViewport: Clicking on Actor (LMB): StaticMeshActor (LP_Stalagtite_LARGE_153)
[2018.03.24-00.12.59:793][888]LogEditorViewport: Clicking on Actor (LMB): StaticMeshActor (LP_Falaise_de_Glace_13)
[2018.03.24-00.13.13:524][313]LogSavePackage: Save=963.95ms
[2018.03.24-00.13.13:524][313]LogSavePackage: Moving '../../../../../../Users/Marie-So/Documents/Session 3/GitHub/OblivionGames/Saved/SUBMAP_MARIESOPHIE89B589B44BA17362EA0F0EB77C65BA54.tmp' to '../../../../../../Users/Marie-So/Documents/Session 3/GitHub/OblivionGames/Content/Assets/Maps/submaps/SUBMAP_MARIESOPHIE.umap'
[2018.03.24-00.13.13:530][313]LogSavePackage:Display: Finished SavePackage ../../../../../../Users/Marie-So/Documents/Session 3/GitHub/OblivionGames/Content/Assets/Maps/submaps/SUBMAP_MARIESOPHIE.umap
[2018.03.24-00.13.13:530][313]LogFileHelpers: Saving map 'SUBMAP_MARIESOPHIE' took 1.141
