Log file open, 02/01/18 21:22:42
LogInit:Display: Running engine for game: OblivionGames
LogPlatformFile: Not using cached read wrapper
LogInit:Display: RandInit(-1088194949) SRandInit(-1088194949).
LogTaskGraph: Started task graph with 5 named threads and 8 total threads with 1 sets of task threads.
LogStats: Stats thread started at 0.096516
LogInit: Using libcurl 7.47.1
LogInit:  - built for x86_64-pc-win32
LogInit:  - supports SSL with OpenSSL/1.0.2g
LogInit:  - supports HTTP deflate (compression) using libz 1.2.8
LogInit:  - other features:
LogInit:      CURL_VERSION_SSL
LogInit:      CURL_VERSION_LIBZ
LogInit:      CURL_VERSION_IPV6
LogInit:      CURL_VERSION_ASYNCHDNS
LogInit:      CURL_VERSION_LARGEFILE
LogInit:      CURL_VERSION_IDN
LogInit:  CurlRequestOptions (configurable via config and command line):
LogInit:  - bVerifyPeer = false  - Libcurl will NOT verify peer certificate
LogInit:  - bUseHttpProxy = false  - Libcurl will NOT use HTTP proxy
LogInit:  - bDontReuseConnections = false  - Libcurl will reuse connections
LogInit:  - CertBundlePath = nullptr  - Libcurl will use whatever was configured at build time.
LogInit: Build: ++UE4+Release-4.16-CL-3561208
LogInit: Engine Version: 4.16.3-3561208+++UE4+Release-4.16
LogInit: Compatible Engine Version: 4.16.0-3452394+++UE4+Release-4.16
LogInit: Net CL: 3452394
LogDevObjectVersion: Number of dev versions registered: 16
LogDevObjectVersion:   Dev-Blueprints (B0D832E4-1F89-4F0D-ACCF-7EB736FD4AA2): 9
LogDevObjectVersion:   Dev-Build (E1C64328-A22C-4D53-A36C-8E866417BD8C): 0
LogDevObjectVersion:   Dev-Core (375EC13C-06E4-48FB-B500-84F0262A717E): 2
LogDevObjectVersion:   Dev-Editor (E4B068ED-F494-42E9-A231-DA0B2E46BB41): 17
LogDevObjectVersion:   Dev-Framework (CFFC743F-43B0-4480-9391-14DF171D2073): 23
LogDevObjectVersion:   Dev-Mobile (B02B49B5-BB20-44E9-A304-32B752E40360): 0
LogDevObjectVersion:   Dev-Networking (A4E4105C-59A1-49B5-A7C5-40C4547EDFEE): 0
LogDevObjectVersion:   Dev-Online (39C831C9-5AE6-47DC-9A44-9C173E1C8E7C): 0
LogDevObjectVersion:   Dev-Physics (78F01B33-EBEA-4F98-B9B4-84EACCB95AA2): 0
LogDevObjectVersion:   Dev-Platform (6631380F-2D4D-43E0-8009-CF276956A95A): 0
LogDevObjectVersion:   Dev-Rendering (12F88B9F-8875-4AFC-A67C-D90C383ABD29): 15
LogDevObjectVersion:   Dev-Sequencer (7B5AE74C-D270-4C10-A958-57980B212A5A): 4
LogDevObjectVersion:   Dev-VR (D7296918-1DD6-4BDD-9DE2-64A83CC13884): 0
LogDevObjectVersion:   Dev-LoadTimes (C2A15278-BFE7-4AFE-6C17-90FF531DF755): 1
LogDevObjectVersion:   Private-Geometry (6EACA3D4-40EC-4CC1-B786-8BED09428FC5): 1
LogDevObjectVersion:   Dev-AnimPhys (29E575DD-E0A3-4627-9D10-D276232CDCEA): 3
LogInit: Compiled (64-bit): Jul 28 2017 11:49:47
LogInit: Compiled with Visual C++: 19.00.24215.01
LogInit: Build Configuration: Development
LogInit: Branch Name: ++UE4+Release-4.16
LogInit: Command line:  
LogInit: Base directory: C:/Program Files/Epic Games/UE_4.16/Engine/Binaries/Win64/
LogInit: Installed Engine Build: 1
LogInit: Presizing for max 8388607 objects, including 0 objects not considered by GC, pre-allocating 0 bytes for permanent pool.
LogInit: Object subsystem initialized
[2018.02.02-02.22.42:660][  0]LogInit: Selected Device Profile: [Windows]
[2018.02.02-02.22.42:660][  0]LogInit: Applying CVar settings loaded from the selected device profile: [Windows]
[2018.02.02-02.22.42:673][  0]LogInit: Computer: DESKTOP-SS74IIR
[2018.02.02-02.22.42:673][  0]LogInit: User: Maryse
[2018.02.02-02.22.42:673][  0]LogInit: CPU Page size=4096, Cores=4
[2018.02.02-02.22.42:673][  0]LogInit: High frequency timer resolution =2.338347 MHz
[2018.02.02-02.22.42:673][  0]LogMemory: Memory total: Physical=15.9GB (16GB approx)
[2018.02.02-02.22.42:673][  0]LogMemory: Platform Memory Stats for Windows
[2018.02.02-02.22.42:673][  0]LogMemory: Process Physical Memory: 274.61 MB used, 274.61 MB peak
[2018.02.02-02.22.42:673][  0]LogMemory: Process Virtual Memory: 263.11 MB used, 263.11 MB peak
[2018.02.02-02.22.42:673][  0]LogMemory: Physical Memory: 9434.77 MB used,  6866.72 MB free, 16301.49 MB total
[2018.02.02-02.22.42:673][  0]LogMemory: Virtual Memory: 674.03 MB used,  6866.72 MB free, 134217728.00 MB total
[2018.02.02-02.22.42:753][  0]LogInit: Using OS detected language (fr-CA).
[2018.02.02-02.22.42:753][  0]LogInit: Using OS detected locale (fr-CA).
[2018.02.02-02.22.42:756][  0]LogTextLocalizationManager: No localization for 'fr-CA' exists, so 'en' will be used for the language.
[2018.02.02-02.22.42:756][  0]LogTextLocalizationManager: No localization for 'fr-CA' exists, so 'en' will be used for the locale.
[2018.02.02-02.22.43:792][  0]LogD3D11RHI: D3D11 adapters:
[2018.02.02-02.22.43:847][  0]LogD3D11RHI:    0. 'NVIDIA GeForce GTX 765M' (Feature Level 11_0)
[2018.02.02-02.22.43:847][  0]LogD3D11RHI:       2017/0/8150 MB DedicatedVideo/DedicatedSystem/SharedSystem, Outputs:1, VendorId:0x10de
[2018.02.02-02.22.43:849][  0]LogD3D11RHI:    1. 'Microsoft Basic Render Driver' (Feature Level 11_0)
[2018.02.02-02.22.43:849][  0]LogD3D11RHI:       0/0/8150 MB DedicatedVideo/DedicatedSystem/SharedSystem, Outputs:0, VendorId:0x1414
[2018.02.02-02.22.43:849][  0]LogD3D11RHI: Chosen D3D11 Adapter: 0
[2018.02.02-02.22.43:858][  0]LogD3D11RHI: Creating new Direct3DDevice
[2018.02.02-02.22.43:858][  0]LogD3D11RHI:     GPU DeviceId: 0x11e2 (for the marketing name, search the web for "GPU Device Id")
[2018.02.02-02.22.43:858][  0]LogWindows: EnumDisplayDevices:
[2018.02.02-02.22.43:858][  0]LogWindows:    0. 'NVIDIA GeForce GTX 765M' (P:1 D:1)
[2018.02.02-02.22.43:858][  0]LogWindows:    1. 'NVIDIA GeForce GTX 765M' (P:0 D:0)
[2018.02.02-02.22.43:858][  0]LogWindows:    2. 'NVIDIA GeForce GTX 765M' (P:0 D:0)
[2018.02.02-02.22.43:858][  0]LogWindows:    3. 'NVIDIA GeForce GTX 765M' (P:0 D:0)
[2018.02.02-02.22.43:858][  0]LogWindows: DebugString: GetVideoDriverDetailsInvalid PrimaryIsNotTheChoosenAdapter GetVideoDriverDetailsInvalid PrimaryIsNotTheChoosenAdapter GetVideoDriverDetailsInvalid PrimaryIsNotTheChoosenAdapter GetVideoDriverDetailsInvalid PrimaryIsNotTheChoosenAdapter FoundDriverCount:0 
[2018.02.02-02.22.43:858][  0]LogD3D11RHI:     Adapter Name: NVIDIA GeForce GTX 765M
[2018.02.02-02.22.43:858][  0]LogD3D11RHI:   Driver Version: Unknown (internal:Unknown, unified:Unknown)
[2018.02.02-02.22.43:858][  0]LogD3D11RHI:      Driver Date: Unknown
[2018.02.02-02.22.43:858][  0]LogRHI: Texture pool is 1361 MB (70% of 1945 MB)
[2018.02.02-02.22.43:882][  0]LogD3D11RHI: Async texture creation enabled
[2018.02.02-02.22.43:896][  0]LogD3D11RHI: GPU Timing Frequency: 1000.000000 (Debug: 2 1)
[2018.02.02-02.22.43:897][  0]LogShaderCompilers: Guid format shader working directory is -25 characters bigger than the processId version (F:/Doualias/NAD/cours/Session_03/Création_Élement/Project/OblivionGames/Intermediate/Shaders/WorkingDirectory/13188/).
[2018.02.02-02.22.43:897][  0]LogShaderCompilers: Cleaned the shader compiler working directory 'C:/Users/Maryse/AppData/Local/Temp/UnrealShaderWorkingDir/41E899CE4EC950D45D907D9647EECD0F/'.
[2018.02.02-02.22.43:897][  0]LogShaderCompilers:Display: Using Local Shader Compiler.
[2018.02.02-02.22.45:033][  0]LogTemp:Display: Loaded TP AllDesktopTargetPlatform
[2018.02.02-02.22.45:088][  0]LogTemp:Display: Loaded TP MacClientTargetPlatform
[2018.02.02-02.22.45:142][  0]LogTemp:Display: Loaded TP MacNoEditorTargetPlatform
[2018.02.02-02.22.45:196][  0]LogTemp:Display: Loaded TP MacServerTargetPlatform
[2018.02.02-02.22.45:252][  0]LogTemp:Display: Loaded TP MacTargetPlatform
[2018.02.02-02.22.45:311][  0]LogTemp:Display: Loaded TP WindowsClientTargetPlatform
[2018.02.02-02.22.45:366][  0]LogTemp:Display: Loaded TP WindowsNoEditorTargetPlatform
[2018.02.02-02.22.45:421][  0]LogTemp:Display: Loaded TP WindowsServerTargetPlatform
[2018.02.02-02.22.45:472][  0]LogTemp:Display: Loaded TP WindowsTargetPlatform
[2018.02.02-02.22.45:530][  0]LogTemp:Display: Loaded TP AndroidTargetPlatform
[2018.02.02-02.22.45:594][  0]LogTemp:Display: Loaded TP Android_ASTCTargetPlatform
[2018.02.02-02.22.45:663][  0]LogTemp:Display: Loaded TP Android_ATCTargetPlatform
[2018.02.02-02.22.45:724][  0]LogTemp:Display: Loaded TP Android_DXTTargetPlatform
[2018.02.02-02.22.45:783][  0]LogTemp:Display: Loaded TP Android_ETC1TargetPlatform
[2018.02.02-02.22.45:845][  0]LogTemp:Display: Loaded TP Android_ETC2TargetPlatform
[2018.02.02-02.22.45:962][  0]LogTemp:Display: Loaded TP Android_MultiTargetPlatform
[2018.02.02-02.22.45:962][  0]LogTemp:Display: Loaded TP Android_PVRTCTargetPlatform
[2018.02.02-02.22.46:010][  0]LogTemp:Display: Loaded TP HTML5TargetPlatform
[2018.02.02-02.22.46:118][  0]LogTemp:Display: Loaded TP IOSTargetPlatform
[2018.02.02-02.22.46:152][  0]LogTemp:Display: Loaded TP TVOSTargetPlatform
[2018.02.02-02.22.46:205][  0]LogTemp:Display: Loaded TP LinuxClientTargetPlatform
[2018.02.02-02.22.46:257][  0]LogTemp:Display: Loaded TP LinuxNoEditorTargetPlatform
[2018.02.02-02.22.46:310][  0]LogTemp:Display: Loaded TP LinuxServerTargetPlatform
[2018.02.02-02.22.46:364][  0]LogTemp:Display: Loaded TP LinuxTargetPlatform
[2018.02.02-02.22.46:364][  0]LogTargetPlatformManager:Display: Building Assets For Windows
[2018.02.02-02.22.46:905][  0]LogDerivedDataCache:Display: Max Cache Size: 512 MB
[2018.02.02-02.22.46:993][  0]LogDerivedDataCache: Loaded boot cache 0.09s 90MB C:/Users/Maryse/AppData/Local/UnrealEngine/4.16/DerivedDataCache/Boot.ddc.
[2018.02.02-02.22.46:993][  0]LogDerivedDataCache:Display: Loaded Boot cache: C:/Users/Maryse/AppData/Local/UnrealEngine/4.16/DerivedDataCache/Boot.ddc
[2018.02.02-02.22.46:993][  0]LogDerivedDataCache: FDerivedDataBackendGraph:  Pak pak cache file F:/Doualias/NAD/cours/Session_03/Création_Élement/Project/OblivionGames/DerivedDataCache/DDC.ddp not found, will not use a pak cache.
[2018.02.02-02.22.46:993][  0]LogDerivedDataCache: Unable to find inner node Pak for hierarchical cache Hierarchy.
[2018.02.02-02.22.46:993][  0]LogDerivedDataCache: FDerivedDataBackendGraph:  CompressedPak pak cache file F:/Doualias/NAD/cours/Session_03/Création_Élement/Project/OblivionGames/DerivedDataCache/Compressed.ddp not found, will not use a pak cache.
[2018.02.02-02.22.46:993][  0]LogDerivedDataCache: Unable to find inner node CompressedPak for hierarchical cache Hierarchy.
[2018.02.02-02.22.47:011][  0]LogDerivedDataCache:Display: Pak cache opened for reading ../../../Engine/DerivedDataCache/Compressed.ddp.
[2018.02.02-02.22.47:022][  0]LogDerivedDataCache: Using Local data cache path C:/Users/Maryse/AppData/Local/UnrealEngine/Common/DerivedDataCache: Writable
[2018.02.02-02.22.47:034][  0]LogMaterial: Verifying Global Shaders for PCD3D_SM5
[2018.02.02-02.22.47:034][  0]LogSlate: Using Freetype 2.6.0
[2018.02.02-02.22.47:035][  0]LogSlate: SlateFontCache - WITH_FREETYPE: 1, WITH_HARFBUZZ: 1
[2018.02.02-02.22.47:035][  0]LogSlate: SlateFontCache - WITH_FREETYPE: 1, WITH_HARFBUZZ: 1
[2018.02.02-02.22.47:380][  0]LogInit: Selected Device Profile: [Windows]
[2018.02.02-02.22.47:448][  0]LogContentStreaming: Texture pool size is 0.00 MB
[2018.02.02-02.22.47:648][  0]LogMeshUtilities: Using QuadricMeshReduction for automatic static mesh reduction
[2018.02.02-02.22.47:705][  0]LogSimplygon: Simplygon DLL not present - disabling.
[2018.02.02-02.22.47:763][  0]LogMeshUtilities: Using SimplygonSwarm for distributed automatic mesh merging
[2018.02.02-02.22.47:764][  0]LogMeshUtilities: No automatic skeletal mesh reduction module available
[2018.02.02-02.22.47:764][  0]LogMeshUtilities: No automatic mesh merging module available
[2018.02.02-02.22.48:376][  0]LogNetVersion: OblivionGames , NetCL: 3452394, EngineNetVer: 2, GameNetVer: 0 (Checksum: 1932256307)
[2018.02.02-02.22.48:449][  0]LogAssetRegistry: FAssetRegistry took 0.0274 seconds to start up
[2018.02.02-02.22.48:502][  0]LogPackageLocalizationCache: Processed 4 localized package path(s) for 1 prioritized culture(s) in 0.026428 seconds
[2018.02.02-02.22.48:508][  0]LogUObjectArray: 34194 objects as part of root set at end of initial load.
[2018.02.02-02.22.48:508][  0]LogUObjectAllocator: 7260416 out of 0 bytes used by permanent object pool.
[2018.02.02-02.22.48:508][  0]LogUObjectArray: CloseDisregardForGC: 0/0 objects in disregard for GC pool
[2018.02.02-02.22.48:583][  0]LogInit: WinSock: version 1.1 (2.2), MaxSocks=32767, MaxUdp=65467
[2018.02.02-02.22.51:217][  0]LogTcpMessaging: Initializing TcpMessaging bridge
[2018.02.02-02.22.51:261][  0]LogUdpMessaging: Initializing bridge on interface 0.0.0.0:0 to multicast group 230.0.0.1:6666.
[2018.02.02-02.22.51:864][  0]LogMaterial: Uniform references updated for custom material expression Custom.
[2018.02.02-02.22.52:286][  0]SourceControl: Info Source control is disabled
[2018.02.02-02.22.52:336][  0]SourceControl: Info Source control is disabled
[2018.02.02-02.22.52:389][  0]SourceControl: Info Source control is disabled
[2018.02.02-02.22.52:444][  0]SourceControl: Info Source control is disabled
[2018.02.02-02.22.53:186][  0]LogAndroidPermission: UAndroidPermissionCallbackProxy::GetInstance
[2018.02.02-02.22.53:837][  0]LogEngine: Initializing Engine...
[2018.02.02-02.22.53:837][  0]LogHMD: Failed to initialize OpenVR with code 110
[2018.02.02-02.22.54:035][  0]LogStats: UGameplayTagsManager::ConstructGameplayTagTree: Construct from data asset -  0.000 s
[2018.02.02-02.22.54:035][  0]LogStats: UGameplayTagsManager::ConstructGameplayTagTree: GameplayTagTreeChangedEvent.Broadcast -  0.000 s
[2018.02.02-02.22.54:174][  0]LogAIModule: Creating AISystem for world Untitled
[2018.02.02-02.22.54:185][  0]LogInit: XAudio2 using 'Haut-parleurs (Logitech G430 Gaming Headset)' : 6 channels at 48 kHz using 16 bits per sample (channel mask 0x3f)
[2018.02.02-02.22.54:205][  0]LogInit: FAudioDevice initialized.
[2018.02.02-02.22.54:254][  0]LogDerivedDataCache: Saved boot cache 0.05s 90MB C:/Users/Maryse/AppData/Local/UnrealEngine/4.16/DerivedDataCache/Boot.ddc.
[2018.02.02-02.22.54:266][  0]LogInit: Texture streaming: Enabled
[2018.02.02-02.22.54:373][  0]LogEngineSessionManager: EngineSessionManager initialized
[2018.02.02-02.22.54:616][  0]LogInit: Transaction tracking system initialized
[2018.02.02-02.22.54:950][  0]BlueprintLog: New page: Editor Load
[2018.02.02-02.22.55:989][  0]LocalizationService: Info Localization service is disabled
[2018.02.02-02.22.56:725][  0]LogConsoleResponse:Display: 
[2018.02.02-02.22.56:877][  0]LogCook:Display: Max memory allowance for cook 16384mb min free memory 0mb
[2018.02.02-02.22.56:877][  0]LogCook:Display: Mobile HDR setting 1
[2018.02.02-02.22.57:940][  0]LogFileCache: Scanning file cache for directory 'F:/Doualias/NAD/cours/Session_03/Création_Élement/Project/OblivionGames/Content/' took 0.01s
[2018.02.02-02.22.57:988][  0]SourceControl: Info Source control is disabled
[2018.02.02-02.22.57:988][  0]Cmd: MAP LOAD FILE="F:/Doualias/NAD/cours/Session_03/Création_Élement/Project/OblivionGames/Content/Assets/Maps/MAP_ARENA.umap" TEMPLATE=0 SHOWPROGRESS=1 FEATURELEVEL=3
[2018.02.02-02.22.58:265][  0]LightingResults: New page: Lighting Build
[2018.02.02-02.22.58:310][  0]MapCheck: New page: Map Check
[2018.02.02-02.22.58:310][  0]LightingResults: New page: Lighting Build
[2018.02.02-02.22.58:773][  0]LogAIModule: Creating AISystem for world MAP_ARENA
[2018.02.02-02.22.58:779][  0]LogEditorServer: Finished looking for orphan Actors (0.000 secs)
[2018.02.02-02.22.58:798][  0]Cmd: MAP CHECKDEP NOCLEARLOG
[2018.02.02-02.22.58:851][  0]MapCheck: Info Map check complete: 0 Error(s), 0 Warning(s), took 53.108ms to complete.
[2018.02.02-02.22.58:851][  0]LogFileHelpers: Loading map 'MAP_ARENA' took 0.863
[2018.02.02-02.22.58:920][  0]LogWindowsTextInputMethodSystem:Display: IME system now deactivated.
[2018.02.02-02.22.58:921][  0]LogWindowsTextInputMethodSystem:Display: IME system now deactivated.
[2018.02.02-02.22.59:007][  0]LogCollectionManager: Loaded 0 collections in 0.001466 seconds
[2018.02.02-02.22.59:088][  0]LogFileCache: Scanning file cache for directory 'F:/Doualias/NAD/cours/Session_03/Création_Élement/Project/OblivionGames/Saved/Collections/' took 0.01s
[2018.02.02-02.22.59:088][  0]LogFileCache: Scanning file cache for directory 'F:/Doualias/NAD/cours/Session_03/Création_Élement/Project/OblivionGames/Content/Developers/Maryse/Collections/' took 0.01s
[2018.02.02-02.22.59:088][  0]LogFileCache: Scanning file cache for directory 'F:/Doualias/NAD/cours/Session_03/Création_Élement/Project/OblivionGames/Content/Collections/' took 0.01s
[2018.02.02-02.22.59:088][  0]LogCollectionManager: Rebuilt the GUID cache for 0 collections in 0.000002 seconds
[2018.02.02-02.22.59:098][  0]LogContentBrowser: Native class hierarchy populated in 0.0102 seconds. Added 2329 classes and 491 folders.
[2018.02.02-02.22.59:172][  0]LogContentBrowser: Native class hierarchy updated for 'WidgetCarousel' in 0.0007 seconds. Added 0 classes and 0 folders.
[2018.02.02-02.22.59:211][  0]LogContentBrowser: Native class hierarchy updated for 'AddContentDialog' in 0.0006 seconds. Added 0 classes and 0 folders.
[2018.02.02-02.22.59:261][  0]LogContentBrowser: Native class hierarchy updated for 'WorldBrowser' in 0.0008 seconds. Added 1 classes and 3 folders.
[2018.02.02-02.22.59:323][  0]LogContentBrowser: Native class hierarchy updated for 'SceneOutliner' in 0.0006 seconds. Added 1 classes and 2 folders.
[2018.02.02-02.22.59:351][  0]LogCrashTracker: Crashtracker disabled due to settings.
[2018.02.02-02.22.59:359][  0]LogUObjectGlobals:Warning: Failed to find object 'Class None.'
[2018.02.02-02.22.59:434][  0]LogContentBrowser: Native class hierarchy updated for 'HierarchicalLODOutliner' in 0.0008 seconds. Added 1 classes and 2 folders.
[2018.02.02-02.22.59:434][  0]LogLoad: (Engine Initialization) Total time: 18.45 seconds
[2018.02.02-02.22.59:434][  0]LogLoad: (Engine Initialization) Total Blueprint compile time: 0.10 seconds
[2018.02.02-02.22.59:434][  0]LogExternalProfiler: Found external profiler: VSPerf
[2018.02.02-02.22.59:434][  0]LogExternalProfiler: Using external profiler: VSPerf
[2018.02.02-02.22.59:456][  0]LogOcInput: OculusInput pre-init called
[2018.02.02-02.22.59:456][  0]LogHMD: Starting GearVRController plugin
[2018.02.02-02.22.59:485][  0]LogAssetRegistry: Asset discovery search completed in 11.0574 seconds
[2018.02.02-02.22.59:486][  0]LogCollectionManager: Rebuilt the object cache for 0 collections in 0.000001 seconds (found 0 objects)
[2018.02.02-02.22.59:487][  0]LogCollectionManager: Fixed up redirectors for 0 collections in 0.000057 seconds (updated 0 objects)
[2018.02.02-02.22.59:489][  0]LogContentStreaming: Texture pool size now 1000 MB
[2018.02.02-02.22.59:500][  0]LogSlate: Took 0.000202 seconds to synchronously load lazily loaded font '../../../Engine/Content/Slate/Fonts/Roboto-Regular.ttf' (155K)
[2018.02.02-02.22.59:502][  0]LogSlate: Took 0.000241 seconds to synchronously load lazily loaded font '../../../Engine/Content/Slate/Fonts/Roboto-Bold.ttf' (160K)
[2018.02.02-02.22.59:507][  0]LogSlate: Took 0.000185 seconds to synchronously load lazily loaded font '../../../Engine/Content/Editor/Slate/Fonts/FontAwesome.ttf' (139K)
[2018.02.02-02.22.59:612][  0]LogSlate: Took 0.000239 seconds to synchronously load lazily loaded font '../../../Engine/Content/Slate/Fonts/Roboto-Light.ttf' (159K)
[2018.02.02-02.22.59:638][  1]LogFileCache: Retrieving MD5 hashes for directory 'F:/Doualias/NAD/cours/Session_03/Création_Élement/Project/OblivionGames/Content/' took 0.17s
[2018.02.02-02.22.59:676][  2]LogRenderer: Reallocating scene render targets to support 856x472 NumSamples 1 (Frame:1).
[2018.02.02-02.23.16:282][980]LogSlate: Took 0.000157 seconds to synchronously load lazily loaded font '../../../Engine/Content/Slate/Fonts/Roboto-Light.ttf' (159K)
[2018.02.02-02.23.16:300][980]LogLinker:Warning: Can't find file '/Game/Assets/Meshes/greybox/Bridge'
[2018.02.02-02.23.16:300][980]LogLinker:Warning: Can't find file for asset '/Game/Assets/Meshes/greybox/Bridge' while loading F:/Doualias/NAD/cours/Session_03/Création_Élement/Project/OblivionGames/Content/Assets/Maps/MAP_BLOCKING_01.umap.
[2018.02.02-02.23.16:300][980]LoadErrors:Error: Error /Game/Assets/Maps/MAP_BLOCKING_01 : Can't find file for asset. /Game/Assets/Meshes/greybox/Bridge
[2018.02.02-02.23.16:300][980]LogLinker:Warning: Can't find file '/Game/Assets/Meshes/greybox/Character_Dummy'
[2018.02.02-02.23.16:300][980]LogLinker:Warning: Can't find file for asset '/Game/Assets/Meshes/greybox/Character_Dummy' while loading F:/Doualias/NAD/cours/Session_03/Création_Élement/Project/OblivionGames/Content/Assets/Maps/MAP_BLOCKING_01.umap.
[2018.02.02-02.23.16:300][980]LoadErrors:Error: Error /Game/Assets/Maps/MAP_BLOCKING_01 : Can't find file for asset. /Game/Assets/Meshes/greybox/Character_Dummy
[2018.02.02-02.23.16:300][980]LogLinker:Warning: Can't find file '/Game/Assets/Meshes/greybox/Helheim'
[2018.02.02-02.23.16:300][980]LogLinker:Warning: Can't find file for asset '/Game/Assets/Meshes/greybox/Helheim' while loading F:/Doualias/NAD/cours/Session_03/Création_Élement/Project/OblivionGames/Content/Assets/Maps/MAP_BLOCKING_01.umap.
[2018.02.02-02.23.16:300][980]LoadErrors:Error: Error /Game/Assets/Maps/MAP_BLOCKING_01 : Can't find file for asset. /Game/Assets/Meshes/greybox/Helheim
[2018.02.02-02.23.16:300][980]LogLinker:Warning: Can't find file '/Game/Assets/Meshes/greybox/Neiflheim'
[2018.02.02-02.23.16:300][980]LogLinker:Warning: Can't find file for asset '/Game/Assets/Meshes/greybox/Neiflheim' while loading F:/Doualias/NAD/cours/Session_03/Création_Élement/Project/OblivionGames/Content/Assets/Maps/MAP_BLOCKING_01.umap.
[2018.02.02-02.23.16:300][980]LoadErrors:Error: Error /Game/Assets/Maps/MAP_BLOCKING_01 : Can't find file for asset. /Game/Assets/Meshes/greybox/Neiflheim
[2018.02.02-02.23.16:301][980]LogLinker:Warning: Can't find file '/Game/Assets/Meshes/greybox/Plane_Map'
[2018.02.02-02.23.16:301][980]LogLinker:Warning: Can't find file for asset '/Game/Assets/Meshes/greybox/Plane_Map' while loading F:/Doualias/NAD/cours/Session_03/Création_Élement/Project/OblivionGames/Content/Assets/Maps/MAP_BLOCKING_01.umap.
[2018.02.02-02.23.16:301][980]LoadErrors:Error: Error /Game/Assets/Maps/MAP_BLOCKING_01 : Can't find file for asset. /Game/Assets/Meshes/greybox/Plane_Map
[2018.02.02-02.23.16:301][980]LogLinker:Warning: Can't find file '/Game/Assets/Meshes/greybox/spike_rock'
[2018.02.02-02.23.16:301][980]LogLinker:Warning: Can't find file for asset '/Game/Assets/Meshes/greybox/spike_rock' while loading F:/Doualias/NAD/cours/Session_03/Création_Élement/Project/OblivionGames/Content/Assets/Maps/MAP_BLOCKING_01.umap.
[2018.02.02-02.23.16:301][980]LoadErrors:Error: Error /Game/Assets/Maps/MAP_BLOCKING_01 : Can't find file for asset. /Game/Assets/Meshes/greybox/spike_rock
[2018.02.02-02.23.16:301][980]LogLinker:Warning: Can't find file '/Game/Assets/Meshes/greybox/Village'
[2018.02.02-02.23.16:301][980]LogLinker:Warning: Can't find file for asset '/Game/Assets/Meshes/greybox/Village' while loading F:/Doualias/NAD/cours/Session_03/Création_Élement/Project/OblivionGames/Content/Assets/Maps/MAP_BLOCKING_01.umap.
[2018.02.02-02.23.16:301][980]LoadErrors:Error: Error /Game/Assets/Maps/MAP_BLOCKING_01 : Can't find file for asset. /Game/Assets/Meshes/greybox/Village
[2018.02.02-02.23.16:301][980]LogLinker:Warning: Can't find file '/Game/Assets/Meshes/greybox/Wolrd_box'
[2018.02.02-02.23.16:301][980]LogLinker:Warning: Can't find file for asset '/Game/Assets/Meshes/greybox/Wolrd_box' while loading F:/Doualias/NAD/cours/Session_03/Création_Élement/Project/OblivionGames/Content/Assets/Maps/MAP_BLOCKING_01.umap.
[2018.02.02-02.23.16:301][980]LoadErrors:Error: Error /Game/Assets/Maps/MAP_BLOCKING_01 : Can't find file for asset. /Game/Assets/Meshes/greybox/Wolrd_box
[2018.02.02-02.23.16:302][980]LogLinker:Warning: Can't find file '/Game/Assets/Meshes/greybox/Bridge'
[2018.02.02-02.23.16:302][980]LogLinker:Warning: Can't find file for asset '/Game/Assets/Meshes/greybox/Bridge' while loading F:/Doualias/NAD/cours/Session_03/Création_Élement/Project/OblivionGames/Content/Assets/Maps/MAP_BLOCKING_01.umap.
[2018.02.02-02.23.16:302][980]LogLinker:Warning: Can't find file '/Game/Assets/Meshes/greybox/Character_Dummy'
[2018.02.02-02.23.16:302][980]LogLinker:Warning: Can't find file for asset '/Game/Assets/Meshes/greybox/Character_Dummy' while loading F:/Doualias/NAD/cours/Session_03/Création_Élement/Project/OblivionGames/Content/Assets/Maps/MAP_BLOCKING_01.umap.
[2018.02.02-02.23.16:302][980]LogLinker:Warning: Can't find file '/Game/Assets/Meshes/greybox/Helheim'
[2018.02.02-02.23.16:302][980]LogLinker:Warning: Can't find file for asset '/Game/Assets/Meshes/greybox/Helheim' while loading F:/Doualias/NAD/cours/Session_03/Création_Élement/Project/OblivionGames/Content/Assets/Maps/MAP_BLOCKING_01.umap.
[2018.02.02-02.23.16:302][980]LogLinker:Warning: Can't find file '/Game/Assets/Meshes/greybox/Neiflheim'
[2018.02.02-02.23.16:302][980]LogLinker:Warning: Can't find file for asset '/Game/Assets/Meshes/greybox/Neiflheim' while loading F:/Doualias/NAD/cours/Session_03/Création_Élement/Project/OblivionGames/Content/Assets/Maps/MAP_BLOCKING_01.umap.
[2018.02.02-02.23.16:302][980]LogLinker:Warning: Can't find file '/Game/Assets/Meshes/greybox/Plane_Map'
[2018.02.02-02.23.16:302][980]LogLinker:Warning: Can't find file for asset '/Game/Assets/Meshes/greybox/Plane_Map' while loading F:/Doualias/NAD/cours/Session_03/Création_Élement/Project/OblivionGames/Content/Assets/Maps/MAP_BLOCKING_01.umap.
[2018.02.02-02.23.16:302][980]LogLinker:Warning: Can't find file '/Game/Assets/Meshes/greybox/spike_rock'
[2018.02.02-02.23.16:303][980]LogLinker:Warning: Can't find file for asset '/Game/Assets/Meshes/greybox/spike_rock' while loading F:/Doualias/NAD/cours/Session_03/Création_Élement/Project/OblivionGames/Content/Assets/Maps/MAP_BLOCKING_01.umap.
[2018.02.02-02.23.16:303][980]LogLinker:Warning: Can't find file '/Game/Assets/Meshes/greybox/Village'
[2018.02.02-02.23.16:303][980]LogLinker:Warning: Can't find file for asset '/Game/Assets/Meshes/greybox/Village' while loading F:/Doualias/NAD/cours/Session_03/Création_Élement/Project/OblivionGames/Content/Assets/Maps/MAP_BLOCKING_01.umap.
[2018.02.02-02.23.16:303][980]LogLinker:Warning: Can't find file '/Game/Assets/Meshes/greybox/Wolrd_box'
[2018.02.02-02.23.16:303][980]LogLinker:Warning: Can't find file for asset '/Game/Assets/Meshes/greybox/Wolrd_box' while loading F:/Doualias/NAD/cours/Session_03/Création_Élement/Project/OblivionGames/Content/Assets/Maps/MAP_BLOCKING_01.umap.
[2018.02.02-02.23.16:328][980]LogLinker:Warning: Can't find file '/Game/Assets/Meshes/greybox/Bridge'
[2018.02.02-02.23.16:328][980]LoadErrors: Info Failed to load /Game/Assets/Meshes/greybox/Bridge.Bridge Referenced by BP_Bridge_11
[2018.02.02-02.23.16:328][980]LogLinker:Warning: Can't find file for asset '/Game/Assets/Meshes/greybox/Bridge' while loading NULL.
[2018.02.02-02.23.16:328][980]LogLinker:Warning: Can't find file '/Game/Assets/Meshes/greybox/Helheim'
[2018.02.02-02.23.16:328][980]LoadErrors: Info Failed to load /Game/Assets/Meshes/greybox/Helheim.Helheim Referenced by BP_Helheim_5
[2018.02.02-02.23.16:328][980]LogLinker:Warning: Can't find file for asset '/Game/Assets/Meshes/greybox/Helheim' while loading NULL.
[2018.02.02-02.23.16:328][980]LogLinker:Warning: Can't find file '/Game/Assets/Meshes/greybox/Neiflheim'
[2018.02.02-02.23.16:329][980]LoadErrors: Info Failed to load /Game/Assets/Meshes/greybox/Neiflheim.Neiflheim Referenced by BP_Neiflheim_26
[2018.02.02-02.23.16:329][980]LogLinker:Warning: Can't find file for asset '/Game/Assets/Meshes/greybox/Neiflheim' while loading NULL.
[2018.02.02-02.23.16:329][980]LogLinker:Warning: Can't find file '/Game/Assets/Meshes/greybox/Plane_Map'
[2018.02.02-02.23.16:329][980]LoadErrors: Info Failed to load /Game/Assets/Meshes/greybox/Plane_Map.Plane_Map Referenced by BP_Plane_Map_2
[2018.02.02-02.23.16:329][980]LogLinker:Warning: Can't find file for asset '/Game/Assets/Meshes/greybox/Plane_Map' while loading NULL.
[2018.02.02-02.23.16:329][980]LogLinker:Warning: Can't find file '/Game/Assets/Meshes/greybox/spike_rock'
[2018.02.02-02.23.16:329][980]LoadErrors: Info Failed to load /Game/Assets/Meshes/greybox/spike_rock.spike_rock Referenced by BP_spike_rock2
[2018.02.02-02.23.16:329][980]LogLinker:Warning: Can't find file for asset '/Game/Assets/Meshes/greybox/spike_rock' while loading NULL.
[2018.02.02-02.23.16:329][980]LogLinker:Warning: Can't find file '/Game/Assets/Meshes/greybox/spike_rock'
[2018.02.02-02.23.16:329][980]LoadErrors: Info Failed to load /Game/Assets/Meshes/greybox/spike_rock.spike_rock Referenced by BP_spike_rock3
[2018.02.02-02.23.16:329][980]LogLinker:Warning: Can't find file for asset '/Game/Assets/Meshes/greybox/spike_rock' while loading NULL.
[2018.02.02-02.23.16:329][980]LogLinker:Warning: Can't find file '/Game/Assets/Meshes/greybox/spike_rock'
[2018.02.02-02.23.16:330][980]LoadErrors: Info Failed to load /Game/Assets/Meshes/greybox/spike_rock.spike_rock Referenced by BP_spike_rock_14
[2018.02.02-02.23.16:330][980]LogLinker:Warning: Can't find file for asset '/Game/Assets/Meshes/greybox/spike_rock' while loading NULL.
[2018.02.02-02.23.16:330][980]LogLinker:Warning: Can't find file '/Game/Assets/Meshes/greybox/Village'
[2018.02.02-02.23.16:330][980]LoadErrors: Info Failed to load /Game/Assets/Meshes/greybox/Village.Village Referenced by BP_Village_17
[2018.02.02-02.23.16:330][980]LogLinker:Warning: Can't find file for asset '/Game/Assets/Meshes/greybox/Village' while loading NULL.
[2018.02.02-02.23.16:330][980]LogLinker:Warning: Can't find file '/Game/Assets/Meshes/greybox/Character_Dummy'
[2018.02.02-02.23.16:330][980]LoadErrors: Info Failed to load /Game/Assets/Meshes/greybox/Character_Dummy.Character_Dummy Referenced by Character_Dummy2
[2018.02.02-02.23.16:330][980]LogLinker:Warning: Can't find file for asset '/Game/Assets/Meshes/greybox/Character_Dummy' while loading NULL.
[2018.02.02-02.23.16:330][980]LogLinker:Warning: Can't find file '/Game/Assets/Meshes/greybox/Character_Dummy'
[2018.02.02-02.23.16:330][980]LoadErrors: Info Failed to load /Game/Assets/Meshes/greybox/Character_Dummy.Character_Dummy Referenced by Character_Dummy3_111
[2018.02.02-02.23.16:330][980]LogLinker:Warning: Can't find file for asset '/Game/Assets/Meshes/greybox/Character_Dummy' while loading NULL.
[2018.02.02-02.23.16:331][980]LogLinker:Warning: Can't find file '/Game/Assets/Meshes/greybox/Character_Dummy'
[2018.02.02-02.23.16:331][980]LoadErrors: Info Failed to load /Game/Assets/Meshes/greybox/Character_Dummy.Character_Dummy Referenced by Character_Dummy_82
[2018.02.02-02.23.16:331][980]LogLinker:Warning: Can't find file for asset '/Game/Assets/Meshes/greybox/Character_Dummy' while loading NULL.
[2018.02.02-02.23.16:331][980]LogLinker:Warning: Can't find file '/Game/Assets/Meshes/greybox/Wolrd_box'
[2018.02.02-02.23.16:332][980]LoadErrors: Info Failed to load /Game/Assets/Meshes/greybox/Wolrd_box.Wolrd_box Referenced by Wolrd_box2
[2018.02.02-02.23.16:332][980]LogLinker:Warning: Can't find file for asset '/Game/Assets/Meshes/greybox/Wolrd_box' while loading NULL.
[2018.02.02-02.23.16:338][980]LogTexture:Display: Building textures: HQ_Lightmap0_10 (AutoDXT, 128X128)
[2018.02.02-02.23.16:362][980]LogTexture:Display: Building textures: HQ_Lightmap0_11 (AutoDXT, 128X128)
[2018.02.02-02.23.16:389][980]LogTexture:Display: Building textures: HQ_Lightmap0_2 (AutoDXT, 1024X1024)
[2018.02.02-02.23.16:641][980]LogTexture:Display: Building textures: HQ_Lightmap0_4 (AutoDXT, 1024X1024)
[2018.02.02-02.23.16:694][980]LogTexture:Display: Building textures: HQ_Lightmap0_5 (AutoDXT, 512X512)
[2018.02.02-02.23.16:743][980]LogTexture:Display: Building textures: HQ_Lightmap0_7 (AutoDXT, 256X256)
[2018.02.02-02.23.16:790][980]LogTexture:Display: Building textures: HQ_Lightmap0_8 (AutoDXT, 128X128)
[2018.02.02-02.23.16:808][980]LogTexture:Display: Building textures: HQ_Lightmap0_9 (AutoDXT, 256X256)
[2018.02.02-02.23.16:827][980]LogTexture:Display: Building textures: LQ_Lightmap_0_10 (DXT1, 128X128)
[2018.02.02-02.23.16:850][980]LogTexture:Display: Building textures: LQ_Lightmap_0_11 (DXT1, 128X128)
[2018.02.02-02.23.16:872][980]LogTexture:Display: Building textures: LQ_Lightmap_0_2 (DXT1, 1024X1024)
[2018.02.02-02.23.16:979][980]LogTexture:Display: Building textures: LQ_Lightmap_0_4 (DXT1, 1024X1024)
[2018.02.02-02.23.17:020][980]LogTexture:Display: Building textures: LQ_Lightmap_0_5 (DXT1, 512X512)
[2018.02.02-02.23.17:049][980]LogTexture:Display: Building textures: LQ_Lightmap_0_7 (DXT1, 256X256)
[2018.02.02-02.23.17:092][980]LogTexture:Display: Building textures: LQ_Lightmap_0_8 (DXT1, 128X128)
[2018.02.02-02.23.17:105][980]LogTexture:Display: Building textures: LQ_Lightmap_0_9 (DXT1, 256X256)
[2018.02.02-02.23.17:115][980]LogTexture:Display: Building textures: SkyOcclusion0_10 (AutoDXT, 128X64)
[2018.02.02-02.23.17:130][980]LogTexture:Display: Building textures: SkyOcclusion0_11 (AutoDXT, 128X64)
[2018.02.02-02.23.17:147][980]LogTexture:Display: Building textures: SkyOcclusion0_2 (AutoDXT, 1024X512)
[2018.02.02-02.23.17:264][980]LogTexture:Display: Building textures: SkyOcclusion0_4 (AutoDXT, 1024X512)
[2018.02.02-02.23.17:288][980]LogTexture:Display: Building textures: SkyOcclusion0_5 (AutoDXT, 512X256)
[2018.02.02-02.23.17:316][980]LogTexture:Display: Building textures: SkyOcclusion0_7 (AutoDXT, 256X128)
[2018.02.02-02.23.17:354][980]LogTexture:Display: Building textures: SkyOcclusion0_8 (AutoDXT, 128X64)
[2018.02.02-02.23.17:365][980]LogTexture:Display: Building textures: SkyOcclusion0_9 (AutoDXT, 256X128)
[2018.02.02-02.23.17:381][980]LogTexture:Display: Building textures: ShadowMapTexture2D_0 (G8, 1024X512)
[2018.02.02-02.23.17:397][980]LogTexture:Display: Building textures: ShadowMapTexture2D_1 (G8, 512X64)
[2018.02.02-02.23.17:399][980]LogTexture:Display: Building textures: ShadowMapTexture2D_2 (G8, 256X64)
[2018.02.02-02.23.17:399][980]LogTexture:Display: Building textures: ShadowMapTexture2D_3 (G8, 64X64)
[2018.02.02-02.23.17:399][980]LogTexture:Display: Building textures: ShadowMapTexture2D_4 (G8, 128X64)
[2018.02.02-02.23.17:400][980]LogTexture:Display: Building textures: ShadowMapTexture2D_5 (G8, 64X64)
[2018.02.02-02.23.17:411][980]LogAIModule: Creating AISystem for world MAP_BLOCKING_01
[2018.02.02-02.23.17:433][980]Cmd: MAP LOAD FILE="F:/Doualias/NAD/cours/Session_03/Création_Élement/Project/OblivionGames/Content/Assets/Maps/MAP_BLOCKING_01.umap" TEMPLATE=0 SHOWPROGRESS=1 FEATURELEVEL=3
[2018.02.02-02.23.17:433][980]LightingResults: New page: Lighting Build
[2018.02.02-02.23.17:434][980]LoadErrors: New page: Loading map: MAP_BLOCKING_01.umap
[2018.02.02-02.23.17:435][980]MapCheck: New page: Map Check
[2018.02.02-02.23.17:435][980]LightingResults: New page: Lighting Build
[2018.02.02-02.23.17:459][980]LogLinker:Warning: Can't find file '/Game/Assets/Meshes/greybox/Character_Dummy'
[2018.02.02-02.23.17:459][980]LogLinker:Warning: Can't find file for asset '/Game/Assets/Meshes/greybox/Character_Dummy' while loading NULL.
[2018.02.02-02.23.17:459][980]LogLinker:Warning: Can't find file '/Game/Assets/Meshes/greybox/Character_Dummy'
[2018.02.02-02.23.17:459][980]LogLinker:Warning: Can't find file for asset '/Game/Assets/Meshes/greybox/Character_Dummy' while loading NULL.
[2018.02.02-02.23.17:460][980]LogLinker:Warning: Can't find file '/Game/Assets/Meshes/greybox/Character_Dummy'
[2018.02.02-02.23.17:460][980]LogLinker:Warning: Can't find file for asset '/Game/Assets/Meshes/greybox/Character_Dummy' while loading NULL.
[2018.02.02-02.23.17:460][980]LogLinker:Warning: Can't find file '/Game/Assets/Meshes/greybox/Character_Dummy'
[2018.02.02-02.23.17:460][980]LogLinker:Warning: Can't find file for asset '/Game/Assets/Meshes/greybox/Character_Dummy' while loading NULL.
[2018.02.02-02.23.17:461][980]LogLinker:Warning: Can't find file '/Game/Assets/Meshes/greybox/Character_Dummy'
[2018.02.02-02.23.17:461][980]LogLinker:Warning: Can't find file for asset '/Game/Assets/Meshes/greybox/Character_Dummy' while loading NULL.
[2018.02.02-02.23.17:461][980]LogLinker:Warning: Can't find file '/Game/Assets/Meshes/greybox/Character_Dummy'
[2018.02.02-02.23.17:461][980]LogLinker:Warning: Can't find file for asset '/Game/Assets/Meshes/greybox/Character_Dummy' while loading NULL.
[2018.02.02-02.23.17:491][980]LogLinker:Warning: Can't find file '/Game/Assets/Meshes/greybox/Character_Dummy'
[2018.02.02-02.23.17:491][980]LoadErrors: Info Failed to load /Game/Assets/Meshes/greybox/Character_Dummy.Character_Dummy Referenced by Character_Dummy4_4
[2018.02.02-02.23.17:492][980]LogLinker:Warning: Can't find file for asset '/Game/Assets/Meshes/greybox/Character_Dummy' while loading NULL.
[2018.02.02-02.23.17:492][980]LogLinker:Warning: Can't find file '/Game/Assets/Meshes/greybox/Character_Dummy'
[2018.02.02-02.23.17:492][980]LoadErrors: Info Failed to load /Game/Assets/Meshes/greybox/Character_Dummy.Character_Dummy Referenced by Character_Dummy5_7
[2018.02.02-02.23.17:492][980]LogLinker:Warning: Can't find file for asset '/Game/Assets/Meshes/greybox/Character_Dummy' while loading NULL.
[2018.02.02-02.23.17:551][980]LogTexture:Display: Building textures: HQ_Lightmap0_1 (AutoDXT, 1024X1024)
[2018.02.02-02.23.17:913][980]LogTexture:Display: Building textures: HQ_Lightmap0_3 (AutoDXT, 1024X1024)
[2018.02.02-02.23.17:976][980]LogTexture:Display: Building textures: HQ_Lightmap0_6 (AutoDXT, 128X128)
[2018.02.02-02.23.18:017][980]LogTexture:Display: Building textures: LQ_Lightmap_0_1 (DXT1, 1024X1024)
[2018.02.02-02.23.18:154][980]LogTexture:Display: Building textures: LQ_Lightmap_0_3 (DXT1, 1024X1024)
[2018.02.02-02.23.18:190][980]LogTexture:Display: Building textures: LQ_Lightmap_0_6 (DXT1, 128X128)
[2018.02.02-02.23.18:206][980]LogTexture:Display: Building textures: SkyOcclusion0_1 (AutoDXT, 1024X512)
[2018.02.02-02.23.18:354][980]LogSlate: Took 0.000402 seconds to synchronously load lazily loaded font '../../../Engine/Content/Slate/Fonts/Roboto-Regular.ttf' (155K)
[2018.02.02-02.23.18:364][980]LogTexture:Display: Building textures: SkyOcclusion0_3 (AutoDXT, 1024X512)
[2018.02.02-02.23.18:393][980]LogTexture:Display: Building textures: SkyOcclusion0_6 (AutoDXT, 128X64)
[2018.02.02-02.23.18:405][980]LogTexture:Display: Building textures: ShadowMapTexture2D_0 (G8, 1024X1024)
[2018.02.02-02.23.18:447][980]LogEditorServer: Finished looking for orphan Actors (0.000 secs)
[2018.02.02-02.23.18:509][980]Cmd: MAP CHECKDEP NOCLEARLOG
[2018.02.02-02.23.18:570][980]MapCheck: Info Map check complete: 0 Error(s), 0 Warning(s), took 61.324ms to complete.
[2018.02.02-02.23.18:572][980]LogFileHelpers: Loading map 'MAP_BLOCKING_01' took 1.141
[2018.02.02-02.23.50:430][881]LogPhysics:Warning: FDerivedDataPhysXCooker::BuildTriMesh: Triangle data from '/Game/Assets/Maps/MAP_BLOCKING_01.MAP_BLOCKING_01:PersistentLevel.ModelComponent_1168' invalid (1052 verts, 0 indices).
[2018.02.02-02.23.50:431][881]LogPhysics:Warning: FDerivedDataPhysXCooker::BuildTriMesh: Triangle data from '/Game/Assets/Maps/MAP_BLOCKING_01.MAP_BLOCKING_01:PersistentLevel.ModelComponent_1169' invalid (1052 verts, 0 indices).
[2018.02.02-02.23.50:431][881]LogPhysics:Warning: FDerivedDataPhysXCooker::BuildTriMesh: Triangle data from '/Game/Assets/Maps/MAP_BLOCKING_01.MAP_BLOCKING_01:PersistentLevel.ModelComponent_1170' invalid (1052 verts, 0 indices).
[2018.02.02-02.23.50:431][881]LogPhysics:Warning: FDerivedDataPhysXCooker::BuildTriMesh: Triangle data from '/Game/Assets/Maps/MAP_BLOCKING_01.MAP_BLOCKING_01:PersistentLevel.ModelComponent_1171' invalid (1052 verts, 0 indices).
[2018.02.02-02.23.50:431][881]LogPhysics:Warning: FDerivedDataPhysXCooker::BuildTriMesh: Triangle data from '/Game/Assets/Maps/MAP_BLOCKING_01.MAP_BLOCKING_01:PersistentLevel.ModelComponent_1172' invalid (1052 verts, 0 indices).
[2018.02.02-02.23.50:431][881]LogPhysics:Warning: FDerivedDataPhysXCooker::BuildTriMesh: Triangle data from '/Game/Assets/Maps/MAP_BLOCKING_01.MAP_BLOCKING_01:PersistentLevel.ModelComponent_1173' invalid (1052 verts, 0 indices).
[2018.02.02-02.23.50:431][881]LogPhysics:Warning: FDerivedDataPhysXCooker::BuildTriMesh: Triangle data from '/Game/Assets/Maps/MAP_BLOCKING_01.MAP_BLOCKING_01:PersistentLevel.ModelComponent_1174' invalid (1052 verts, 0 indices).
[2018.02.02-02.23.50:431][881]LogPhysics:Warning: FDerivedDataPhysXCooker::BuildTriMesh: Triangle data from '/Game/Assets/Maps/MAP_BLOCKING_01.MAP_BLOCKING_01:PersistentLevel.ModelComponent_1175' invalid (1052 verts, 0 indices).
[2018.02.02-02.23.50:431][881]LogPhysics:Warning: FDerivedDataPhysXCooker::BuildTriMesh: Triangle data from '/Game/Assets/Maps/MAP_BLOCKING_01.MAP_BLOCKING_01:PersistentLevel.ModelComponent_1176' invalid (1052 verts, 0 indices).
[2018.02.02-02.23.50:431][881]LogPhysics:Warning: FDerivedDataPhysXCooker::BuildTriMesh: Triangle data from '/Game/Assets/Maps/MAP_BLOCKING_01.MAP_BLOCKING_01:PersistentLevel.ModelComponent_1177' invalid (1052 verts, 0 indices).
[2018.02.02-02.23.50:431][881]LogPhysics:Warning: FDerivedDataPhysXCooker::BuildTriMesh: Triangle data from '/Game/Assets/Maps/MAP_BLOCKING_01.MAP_BLOCKING_01:PersistentLevel.ModelComponent_1178' invalid (1052 verts, 0 indices).
[2018.02.02-02.23.50:432][881]LogPhysics:Warning: FDerivedDataPhysXCooker::BuildTriMesh: Triangle data from '/Game/Assets/Maps/MAP_BLOCKING_01.MAP_BLOCKING_01:PersistentLevel.ModelComponent_1179' invalid (1052 verts, 0 indices).
[2018.02.02-02.23.50:432][881]LogPhysics:Warning: FDerivedDataPhysXCooker::BuildTriMesh: Triangle data from '/Game/Assets/Maps/MAP_BLOCKING_01.MAP_BLOCKING_01:PersistentLevel.ModelComponent_1180' invalid (1052 verts, 0 indices).
[2018.02.02-02.23.50:432][881]LogPhysics:Warning: FDerivedDataPhysXCooker::BuildTriMesh: Triangle data from '/Game/Assets/Maps/MAP_BLOCKING_01.MAP_BLOCKING_01:PersistentLevel.ModelComponent_1181' invalid (1052 verts, 0 indices).
[2018.02.02-02.23.50:432][881]LogPhysics:Warning: FDerivedDataPhysXCooker::BuildTriMesh: Triangle data from '/Game/Assets/Maps/MAP_BLOCKING_01.MAP_BLOCKING_01:PersistentLevel.ModelComponent_1182' invalid (1052 verts, 0 indices).
[2018.02.02-02.23.50:432][881]LogPhysics:Warning: FDerivedDataPhysXCooker::BuildTriMesh: Triangle data from '/Game/Assets/Maps/MAP_BLOCKING_01.MAP_BLOCKING_01:PersistentLevel.ModelComponent_1183' invalid (1052 verts, 0 indices).
[2018.02.02-02.23.50:432][881]LogPhysics:Warning: FDerivedDataPhysXCooker::BuildTriMesh: Triangle data from '/Game/Assets/Maps/MAP_BLOCKING_01.MAP_BLOCKING_01:PersistentLevel.ModelComponent_1184' invalid (1052 verts, 0 indices).
[2018.02.02-02.23.50:432][881]LogPhysics:Warning: FDerivedDataPhysXCooker::BuildTriMesh: Triangle data from '/Game/Assets/Maps/MAP_BLOCKING_01.MAP_BLOCKING_01:PersistentLevel.ModelComponent_1185' invalid (1052 verts, 0 indices).
[2018.02.02-02.23.50:432][881]LogPhysics:Warning: FDerivedDataPhysXCooker::BuildTriMesh: Triangle data from '/Game/Assets/Maps/MAP_BLOCKING_01.MAP_BLOCKING_01:PersistentLevel.ModelComponent_1186' invalid (1052 verts, 0 indices).
[2018.02.02-02.23.50:432][881]LogPhysics:Warning: FDerivedDataPhysXCooker::BuildTriMesh: Triangle data from '/Game/Assets/Maps/MAP_BLOCKING_01.MAP_BLOCKING_01:PersistentLevel.ModelComponent_1187' invalid (1052 verts, 0 indices).
[2018.02.02-02.23.50:432][881]LogPhysics:Warning: FDerivedDataPhysXCooker::BuildTriMesh: Triangle data from '/Game/Assets/Maps/MAP_BLOCKING_01.MAP_BLOCKING_01:PersistentLevel.ModelComponent_1188' invalid (1052 verts, 0 indices).
[2018.02.02-02.23.50:432][881]LogPhysics:Warning: FDerivedDataPhysXCooker::BuildTriMesh: Triangle data from '/Game/Assets/Maps/MAP_BLOCKING_01.MAP_BLOCKING_01:PersistentLevel.ModelComponent_1189' invalid (1052 verts, 0 indices).
[2018.02.02-02.23.50:433][881]LogPhysics:Warning: FDerivedDataPhysXCooker::BuildTriMesh: Triangle data from '/Game/Assets/Maps/MAP_BLOCKING_01.MAP_BLOCKING_01:PersistentLevel.ModelComponent_1190' invalid (1052 verts, 0 indices).
[2018.02.02-02.23.50:433][881]LogPhysics:Warning: FDerivedDataPhysXCooker::BuildTriMesh: Triangle data from '/Game/Assets/Maps/MAP_BLOCKING_01.MAP_BLOCKING_01:PersistentLevel.ModelComponent_1191' invalid (1052 verts, 0 indices).
[2018.02.02-02.23.50:433][881]LogPhysics:Warning: FDerivedDataPhysXCooker::BuildTriMesh: Triangle data from '/Game/Assets/Maps/MAP_BLOCKING_01.MAP_BLOCKING_01:PersistentLevel.ModelComponent_1192' invalid (1052 verts, 0 indices).
[2018.02.02-02.23.50:433][881]LogPhysics:Warning: FDerivedDataPhysXCooker::BuildTriMesh: Triangle data from '/Game/Assets/Maps/MAP_BLOCKING_01.MAP_BLOCKING_01:PersistentLevel.ModelComponent_1193' invalid (1052 verts, 0 indices).
[2018.02.02-02.23.50:433][881]LogPhysics:Warning: FDerivedDataPhysXCooker::BuildTriMesh: Triangle data from '/Game/Assets/Maps/MAP_BLOCKING_01.MAP_BLOCKING_01:PersistentLevel.ModelComponent_1194' invalid (1052 verts, 0 indices).
[2018.02.02-02.23.50:433][881]LogPhysics:Warning: FDerivedDataPhysXCooker::BuildTriMesh: Triangle data from '/Game/Assets/Maps/MAP_BLOCKING_01.MAP_BLOCKING_01:PersistentLevel.ModelComponent_1195' invalid (1052 verts, 0 indices).
[2018.02.02-02.23.50:433][881]LogPhysics:Warning: FDerivedDataPhysXCooker::BuildTriMesh: Triangle data from '/Game/Assets/Maps/MAP_BLOCKING_01.MAP_BLOCKING_01:PersistentLevel.ModelComponent_1196' invalid (1052 verts, 0 indices).
[2018.02.02-02.23.50:433][881]LogPhysics:Warning: FDerivedDataPhysXCooker::BuildTriMesh: Triangle data from '/Game/Assets/Maps/MAP_BLOCKING_01.MAP_BLOCKING_01:PersistentLevel.ModelComponent_1197' invalid (1052 verts, 0 indices).
[2018.02.02-02.23.50:433][881]LogPhysics:Warning: FDerivedDataPhysXCooker::BuildTriMesh: Triangle data from '/Game/Assets/Maps/MAP_BLOCKING_01.MAP_BLOCKING_01:PersistentLevel.ModelComponent_1198' invalid (1052 verts, 0 indices).
[2018.02.02-02.23.50:433][881]LogPhysics:Warning: FDerivedDataPhysXCooker::BuildTriMesh: Triangle data from '/Game/Assets/Maps/MAP_BLOCKING_01.MAP_BLOCKING_01:PersistentLevel.ModelComponent_1199' invalid (1052 verts, 0 indices).
[2018.02.02-02.23.50:433][881]LogPhysics:Warning: FDerivedDataPhysXCooker::BuildTriMesh: Triangle data from '/Game/Assets/Maps/MAP_BLOCKING_01.MAP_BLOCKING_01:PersistentLevel.ModelComponent_1200' invalid (1052 verts, 0 indices).
[2018.02.02-02.23.50:433][881]LogPhysics:Warning: FDerivedDataPhysXCooker::BuildTriMesh: Triangle data from '/Game/Assets/Maps/MAP_BLOCKING_01.MAP_BLOCKING_01:PersistentLevel.ModelComponent_1201' invalid (1052 verts, 0 indices).
[2018.02.02-02.23.50:434][881]LogPhysics:Warning: FDerivedDataPhysXCooker::BuildTriMesh: Triangle data from '/Game/Assets/Maps/MAP_BLOCKING_01.MAP_BLOCKING_01:PersistentLevel.ModelComponent_1202' invalid (1052 verts, 0 indices).
[2018.02.02-02.23.50:434][881]LogPhysics:Warning: FDerivedDataPhysXCooker::BuildTriMesh: Triangle data from '/Game/Assets/Maps/MAP_BLOCKING_01.MAP_BLOCKING_01:PersistentLevel.ModelComponent_1203' invalid (1052 verts, 0 indices).
[2018.02.02-02.23.50:434][881]LogPhysics:Warning: FDerivedDataPhysXCooker::BuildTriMesh: Triangle data from '/Game/Assets/Maps/MAP_BLOCKING_01.MAP_BLOCKING_01:PersistentLevel.ModelComponent_1204' invalid (1052 verts, 0 indices).
[2018.02.02-02.23.50:434][881]LogPhysics:Warning: FDerivedDataPhysXCooker::BuildTriMesh: Triangle data from '/Game/Assets/Maps/MAP_BLOCKING_01.MAP_BLOCKING_01:PersistentLevel.ModelComponent_1205' invalid (1052 verts, 0 indices).
[2018.02.02-02.23.50:434][881]LogPhysics:Warning: FDerivedDataPhysXCooker::BuildTriMesh: Triangle data from '/Game/Assets/Maps/MAP_BLOCKING_01.MAP_BLOCKING_01:PersistentLevel.ModelComponent_1206' invalid (1052 verts, 0 indices).
[2018.02.02-02.23.50:434][881]LogPhysics:Warning: FDerivedDataPhysXCooker::BuildTriMesh: Triangle data from '/Game/Assets/Maps/MAP_BLOCKING_01.MAP_BLOCKING_01:PersistentLevel.ModelComponent_1207' invalid (1052 verts, 0 indices).
[2018.02.02-02.23.50:434][881]LogPhysics:Warning: FDerivedDataPhysXCooker::BuildTriMesh: Triangle data from '/Game/Assets/Maps/MAP_BLOCKING_01.MAP_BLOCKING_01:PersistentLevel.ModelComponent_1208' invalid (1052 verts, 0 indices).
[2018.02.02-02.23.50:434][881]LogPhysics:Warning: FDerivedDataPhysXCooker::BuildTriMesh: Triangle data from '/Game/Assets/Maps/MAP_BLOCKING_01.MAP_BLOCKING_01:PersistentLevel.ModelComponent_1209' invalid (1052 verts, 0 indices).
[2018.02.02-02.23.50:434][881]LogPhysics:Warning: FDerivedDataPhysXCooker::BuildTriMesh: Triangle data from '/Game/Assets/Maps/MAP_BLOCKING_01.MAP_BLOCKING_01:PersistentLevel.ModelComponent_1210' invalid (1052 verts, 0 indices).
[2018.02.02-02.23.50:434][881]LogPhysics:Warning: FDerivedDataPhysXCooker::BuildTriMesh: Triangle data from '/Game/Assets/Maps/MAP_BLOCKING_01.MAP_BLOCKING_01:PersistentLevel.ModelComponent_1211' invalid (1052 verts, 0 indices).
[2018.02.02-02.23.50:434][881]LogPhysics:Warning: FDerivedDataPhysXCooker::BuildTriMesh: Triangle data from '/Game/Assets/Maps/MAP_BLOCKING_01.MAP_BLOCKING_01:PersistentLevel.ModelComponent_1212' invalid (1052 verts, 0 indices).
[2018.02.02-02.23.50:436][881]LogPhysics:Warning: FDerivedDataPhysXCooker::BuildTriMesh: Triangle data from '/Game/Assets/Maps/Blocking_CAMPART.Blocking_CAMPART:PersistentLevel.ModelComponent_19542' invalid (12942 verts, 0 indices).
[2018.02.02-02.23.50:436][881]LogPhysics:Warning: FDerivedDataPhysXCooker::BuildTriMesh: Triangle data from '/Game/Assets/Maps/Blocking_CAMPART.Blocking_CAMPART:PersistentLevel.ModelComponent_19543' invalid (12942 verts, 0 indices).
[2018.02.02-02.23.50:436][881]LogPhysics:Warning: FDerivedDataPhysXCooker::BuildTriMesh: Triangle data from '/Game/Assets/Maps/Blocking_CAMPART.Blocking_CAMPART:PersistentLevel.ModelComponent_19544' invalid (12942 verts, 0 indices).
[2018.02.02-02.23.50:436][881]LogPhysics:Warning: FDerivedDataPhysXCooker::BuildTriMesh: Triangle data from '/Game/Assets/Maps/Blocking_CAMPART.Blocking_CAMPART:PersistentLevel.ModelComponent_19545' invalid (12942 verts, 0 indices).
[2018.02.02-02.23.50:436][881]LogPhysics:Warning: FDerivedDataPhysXCooker::BuildTriMesh: Triangle data from '/Game/Assets/Maps/Blocking_CAMPART.Blocking_CAMPART:PersistentLevel.ModelComponent_19546' invalid (12942 verts, 0 indices).
[2018.02.02-02.23.50:437][881]LogPhysics:Warning: FDerivedDataPhysXCooker::BuildTriMesh: Triangle data from '/Game/Assets/Maps/Blocking_CAMPART.Blocking_CAMPART:PersistentLevel.ModelComponent_19547' invalid (12942 verts, 0 indices).
[2018.02.02-02.23.50:437][881]LogPhysics:Warning: FDerivedDataPhysXCooker::BuildTriMesh: Triangle data from '/Game/Assets/Maps/Blocking_CAMPART.Blocking_CAMPART:PersistentLevel.ModelComponent_19548' invalid (12942 verts, 0 indices).
[2018.02.02-02.23.50:437][881]LogPhysics:Warning: FDerivedDataPhysXCooker::BuildTriMesh: Triangle data from '/Game/Assets/Maps/Blocking_CAMPART.Blocking_CAMPART:PersistentLevel.ModelComponent_19549' invalid (12942 verts, 0 indices).
[2018.02.02-02.23.50:437][881]LogPhysics:Warning: FDerivedDataPhysXCooker::BuildTriMesh: Triangle data from '/Game/Assets/Maps/Blocking_CAMPART.Blocking_CAMPART:PersistentLevel.ModelComponent_19550' invalid (12942 verts, 0 indices).
[2018.02.02-02.23.50:437][881]LogPhysics:Warning: FDerivedDataPhysXCooker::BuildTriMesh: Triangle data from '/Game/Assets/Maps/Blocking_CAMPART.Blocking_CAMPART:PersistentLevel.ModelComponent_19551' invalid (12942 verts, 0 indices).
[2018.02.02-02.23.50:438][881]LogPhysics:Warning: FDerivedDataPhysXCooker::BuildTriMesh: Triangle data from '/Game/Assets/Maps/Blocking_CAMPART.Blocking_CAMPART:PersistentLevel.ModelComponent_19552' invalid (12942 verts, 0 indices).
[2018.02.02-02.23.50:438][881]LogPhysics:Warning: FDerivedDataPhysXCooker::BuildTriMesh: Triangle data from '/Game/Assets/Maps/Blocking_CAMPART.Blocking_CAMPART:PersistentLevel.ModelComponent_19553' invalid (12942 verts, 0 indices).
[2018.02.02-02.23.50:438][881]LogPhysics:Warning: FDerivedDataPhysXCooker::BuildTriMesh: Triangle data from '/Game/Assets/Maps/Blocking_CAMPART.Blocking_CAMPART:PersistentLevel.ModelComponent_19554' invalid (12942 verts, 0 indices).
[2018.02.02-02.23.50:438][881]LogPhysics:Warning: FDerivedDataPhysXCooker::BuildTriMesh: Triangle data from '/Game/Assets/Maps/Blocking_CAMPART.Blocking_CAMPART:PersistentLevel.ModelComponent_19555' invalid (12942 verts, 0 indices).
[2018.02.02-02.23.50:438][881]LogPhysics:Warning: FDerivedDataPhysXCooker::BuildTriMesh: Triangle data from '/Game/Assets/Maps/Blocking_CAMPART.Blocking_CAMPART:PersistentLevel.ModelComponent_19556' invalid (12942 verts, 0 indices).
[2018.02.02-02.23.50:438][881]LogPhysics:Warning: FDerivedDataPhysXCooker::BuildTriMesh: Triangle data from '/Game/Assets/Maps/Blocking_CAMPART.Blocking_CAMPART:PersistentLevel.ModelComponent_19557' invalid (12942 verts, 0 indices).
[2018.02.02-02.23.50:438][881]LogPhysics:Warning: FDerivedDataPhysXCooker::BuildTriMesh: Triangle data from '/Game/Assets/Maps/Blocking_CAMPART.Blocking_CAMPART:PersistentLevel.ModelComponent_19558' invalid (12942 verts, 0 indices).
[2018.02.02-02.23.50:439][881]LogPhysics:Warning: FDerivedDataPhysXCooker::BuildTriMesh: Triangle data from '/Game/Assets/Maps/Blocking_CAMPART.Blocking_CAMPART:PersistentLevel.ModelComponent_19559' invalid (12942 verts, 0 indices).
[2018.02.02-02.23.50:439][881]LogPhysics:Warning: FDerivedDataPhysXCooker::BuildTriMesh: Triangle data from '/Game/Assets/Maps/Blocking_CAMPART.Blocking_CAMPART:PersistentLevel.ModelComponent_19560' invalid (12942 verts, 0 indices).
[2018.02.02-02.23.50:439][881]LogPhysics:Warning: FDerivedDataPhysXCooker::BuildTriMesh: Triangle data from '/Game/Assets/Maps/Blocking_CAMPART.Blocking_CAMPART:PersistentLevel.ModelComponent_19561' invalid (12942 verts, 0 indices).
[2018.02.02-02.23.50:439][881]LogPhysics:Warning: FDerivedDataPhysXCooker::BuildTriMesh: Triangle data from '/Game/Assets/Maps/Blocking_CAMPART.Blocking_CAMPART:PersistentLevel.ModelComponent_19562' invalid (12942 verts, 0 indices).
[2018.02.02-02.23.50:439][881]LogPhysics:Warning: FDerivedDataPhysXCooker::BuildTriMesh: Triangle data from '/Game/Assets/Maps/Blocking_CAMPART.Blocking_CAMPART:PersistentLevel.ModelComponent_19563' invalid (12942 verts, 0 indices).
[2018.02.02-02.23.50:439][881]LogPhysics:Warning: FDerivedDataPhysXCooker::BuildTriMesh: Triangle data from '/Game/Assets/Maps/Blocking_CAMPART.Blocking_CAMPART:PersistentLevel.ModelComponent_19564' invalid (12942 verts, 0 indices).
[2018.02.02-02.23.50:439][881]LogPhysics:Warning: FDerivedDataPhysXCooker::BuildTriMesh: Triangle data from '/Game/Assets/Maps/Blocking_CAMPART.Blocking_CAMPART:PersistentLevel.ModelComponent_19565' invalid (12942 verts, 0 indices).
[2018.02.02-02.23.50:440][881]LogPhysics:Warning: FDerivedDataPhysXCooker::BuildTriMesh: Triangle data from '/Game/Assets/Maps/Blocking_CAMPART.Blocking_CAMPART:PersistentLevel.ModelComponent_19566' invalid (12942 verts, 0 indices).
[2018.02.02-02.23.50:440][881]LogPhysics:Warning: FDerivedDataPhysXCooker::BuildTriMesh: Triangle data from '/Game/Assets/Maps/Blocking_CAMPART.Blocking_CAMPART:PersistentLevel.ModelComponent_19567' invalid (12942 verts, 0 indices).
[2018.02.02-02.23.50:440][881]LogPhysics:Warning: FDerivedDataPhysXCooker::BuildTriMesh: Triangle data from '/Game/Assets/Maps/Blocking_CAMPART.Blocking_CAMPART:PersistentLevel.ModelComponent_19568' invalid (12942 verts, 0 indices).
[2018.02.02-02.23.50:440][881]LogPhysics:Warning: FDerivedDataPhysXCooker::BuildTriMesh: Triangle data from '/Game/Assets/Maps/Blocking_CAMPART.Blocking_CAMPART:PersistentLevel.ModelComponent_19569' invalid (12942 verts, 0 indices).
[2018.02.02-02.23.50:440][881]LogPhysics:Warning: FDerivedDataPhysXCooker::BuildTriMesh: Triangle data from '/Game/Assets/Maps/Blocking_CAMPART.Blocking_CAMPART:PersistentLevel.ModelComponent_19570' invalid (12942 verts, 0 indices).
[2018.02.02-02.23.50:440][881]LogPhysics:Warning: FDerivedDataPhysXCooker::BuildTriMesh: Triangle data from '/Game/Assets/Maps/Blocking_CAMPART.Blocking_CAMPART:PersistentLevel.ModelComponent_19571' invalid (12942 verts, 0 indices).
[2018.02.02-02.23.50:441][881]LogPhysics:Warning: FDerivedDataPhysXCooker::BuildTriMesh: Triangle data from '/Game/Assets/Maps/Blocking_CAMPART.Blocking_CAMPART:PersistentLevel.ModelComponent_19572' invalid (12942 verts, 0 indices).
[2018.02.02-02.23.50:441][881]LogPhysics:Warning: FDerivedDataPhysXCooker::BuildTriMesh: Triangle data from '/Game/Assets/Maps/Blocking_CAMPART.Blocking_CAMPART:PersistentLevel.ModelComponent_19573' invalid (12942 verts, 0 indices).
[2018.02.02-02.23.50:441][881]LogPhysics:Warning: FDerivedDataPhysXCooker::BuildTriMesh: Triangle data from '/Game/Assets/Maps/Blocking_CAMPART.Blocking_CAMPART:PersistentLevel.ModelComponent_19574' invalid (12942 verts, 0 indices).
[2018.02.02-02.23.50:441][881]LogPhysics:Warning: FDerivedDataPhysXCooker::BuildTriMesh: Triangle data from '/Game/Assets/Maps/Blocking_CAMPART.Blocking_CAMPART:PersistentLevel.ModelComponent_19575' invalid (12942 verts, 0 indices).
[2018.02.02-02.23.50:441][881]LogPhysics:Warning: FDerivedDataPhysXCooker::BuildTriMesh: Triangle data from '/Game/Assets/Maps/Blocking_CAMPART.Blocking_CAMPART:PersistentLevel.ModelComponent_19576' invalid (12942 verts, 0 indices).
[2018.02.02-02.23.50:441][881]LogPhysics:Warning: FDerivedDataPhysXCooker::BuildTriMesh: Triangle data from '/Game/Assets/Maps/Blocking_CAMPART.Blocking_CAMPART:PersistentLevel.ModelComponent_19577' invalid (12942 verts, 0 indices).
[2018.02.02-02.23.50:442][881]LogPhysics:Warning: FDerivedDataPhysXCooker::BuildTriMesh: Triangle data from '/Game/Assets/Maps/Blocking_CAMPART.Blocking_CAMPART:PersistentLevel.ModelComponent_19578' invalid (12942 verts, 0 indices).
[2018.02.02-02.25.50:882][706]LogWindowsTextInputMethodSystem:Display: IME system now deactivated.
[2018.02.02-02.25.50:882][706]LogWindowsTextInputMethodSystem:Display: IME system now deactivated.
[2018.02.02-02.25.51:065][707]Cmd: QUIT_EDITOR
[2018.02.02-02.25.51:094][707]LogExit: Preparing to exit.
[2018.02.02-02.25.51:466][707]LogExit: Editor shut down
[2018.02.02-02.25.51:469][707]LogExit: Transaction tracking system shut down
[2018.02.02-02.25.51:526][707]LogObj: Freed 0b from 0 cluster array pools.
[2018.02.02-02.25.51:526][707]LogExit: Object subsystem successfully closed.
[2018.02.02-02.25.51:543][707]LogD3D11RHI: Shutdown
[2018.02.02-02.25.51:543][707]LogD3D11RHI: CleanupD3DDevice
[2018.02.02-02.25.51:622][707]LogD3D11RHI: ~FD3D11DynamicRHI
[2018.02.02-02.25.51:638][707]LogModuleManager: Shutting down and abandoning module HierarchicalLODOutliner (526)
[2018.02.02-02.25.51:638][707]LogModuleManager: Shutting down and abandoning module CrashTracker (524)
[2018.02.02-02.25.51:638][707]LogModuleManager: Shutting down and abandoning module SceneOutliner (522)
[2018.02.02-02.25.51:638][707]LogModuleManager: Shutting down and abandoning module WorldBrowser (520)
[2018.02.02-02.25.51:638][707]LogModuleManager: Shutting down and abandoning module AddContentDialog (518)
[2018.02.02-02.25.51:638][707]LogDirectoryWatcher: A directory notification for 'C:/Program Files/Epic Games/UE_4.16/FeaturePacks/' was aborted.
[2018.02.02-02.25.51:639][707]LogModuleManager: Shutting down and abandoning module WidgetCarousel (517)
[2018.02.02-02.25.51:639][707]LogModuleManager: Shutting down and abandoning module EditorWidgets (514)
[2018.02.02-02.25.51:639][707]LogModuleManager: Shutting down and abandoning module CollectionManager (512)
[2018.02.02-02.25.51:639][707]LogDirectoryWatcher: A directory notification for 'F:/Doualias/NAD/cours/Session_03/Création_Élement/Project/OblivionGames/Content/Collections/' was aborted.
[2018.02.02-02.25.51:639][707]LogDirectoryWatcher: A directory notification for 'F:/Doualias/NAD/cours/Session_03/Création_Élement/Project/OblivionGames/Content/Developers/Maryse/Collections/' was aborted.
[2018.02.02-02.25.51:639][707]LogDirectoryWatcher: A directory notification for 'F:/Doualias/NAD/cours/Session_03/Création_Élement/Project/OblivionGames/Saved/Collections/' was aborted.
[2018.02.02-02.25.51:639][707]LogModuleManager: Shutting down and abandoning module StatsViewer (510)
[2018.02.02-02.25.51:639][707]LogModuleManager: Shutting down and abandoning module FoliageEdit (508)
[2018.02.02-02.25.51:639][707]LogModuleManager: Shutting down and abandoning module LandscapeEditor (506)
[2018.02.02-02.25.51:639][707]LogModuleManager: Shutting down and abandoning module MeshPaintMode (504)
[2018.02.02-02.25.51:639][707]LogModuleManager: Shutting down and abandoning module SceneDepthPickerMode (502)
[2018.02.02-02.25.51:639][707]LogModuleManager: Shutting down and abandoning module ActorPickerMode (500)
[2018.02.02-02.25.51:639][707]LogModuleManager: Shutting down and abandoning module GeometryMode (498)
[2018.02.02-02.25.51:639][707]LogModuleManager: Shutting down and abandoning module TextureAlignMode (496)
[2018.02.02-02.25.51:639][707]LogModuleManager: Shutting down and abandoning module BspMode (494)
[2018.02.02-02.25.51:639][707]LogModuleManager: Shutting down and abandoning module HardwareSurvey (492)
[2018.02.02-02.25.51:639][707]LogModuleManager: Shutting down and abandoning module SequenceRecorderSections (490)
[2018.02.02-02.25.51:639][707]LogModuleManager: Shutting down and abandoning module AutomationWorker (488)
[2018.02.02-02.25.51:639][707]LogModuleManager: Shutting down and abandoning module MatineeToLevelSequence (486)
[2018.02.02-02.25.51:639][707]LogModuleManager: Shutting down and abandoning module LevelSequenceEditor (484)
[2018.02.02-02.25.51:639][707]LogModuleManager: Shutting down and abandoning module PlacementMode (483)
[2018.02.02-02.25.51:639][707]LogModuleManager: Shutting down and abandoning module WmfMediaFactory (480)
[2018.02.02-02.25.51:639][707]LogModuleManager: Shutting down and abandoning module WmfMediaEditor (478)
[2018.02.02-02.25.51:639][707]LogModuleManager: Shutting down and abandoning module AvfMediaFactory (476)
[2018.02.02-02.25.51:639][707]LogModuleManager: Shutting down and abandoning module AvfMediaEditor (474)
[2018.02.02-02.25.51:639][707]LogModuleManager: Shutting down and abandoning module AndroidMediaFactory (472)
[2018.02.02-02.25.51:639][707]LogModuleManager: Shutting down and abandoning module Media (471)
[2018.02.02-02.25.51:639][707]LogModuleManager: Shutting down and abandoning module AndroidMediaEditor (468)
[2018.02.02-02.25.51:639][707]LogModuleManager: Shutting down and abandoning module CharacterAI (466)
[2018.02.02-02.25.51:639][707]LogModuleManager: Shutting down and abandoning module AudioCapture (464)
[2018.02.02-02.25.51:639][707]LogModuleManager: Shutting down and abandoning module SequenceRecorder (463)
[2018.02.02-02.25.51:639][707]LogModuleManager: Shutting down and abandoning module SmartSnapping (460)
[2018.02.02-02.25.51:639][707]LogModuleManager: Shutting down and abandoning module SessionServices (458)
[2018.02.02-02.25.51:639][707]LogModuleManager: Shutting down and abandoning module ViewportSnapping (456)
[2018.02.02-02.25.51:639][707]LogModuleManager: Shutting down and abandoning module ViewportInteraction (454)
[2018.02.02-02.25.51:639][707]LogModuleManager: Shutting down and abandoning module ClothPainter (452)
[2018.02.02-02.25.51:639][707]LogModuleManager: Shutting down and abandoning module LogVisualizer (450)
[2018.02.02-02.25.51:639][707]LogModuleManager: Shutting down and abandoning module IntroTutorials (448)
[2018.02.02-02.25.51:639][707]LogModuleManager: Shutting down and abandoning module GameProjectGeneration (447)
[2018.02.02-02.25.51:639][707]LogModuleManager: Shutting down and abandoning module EditorLiveStreaming (444)
[2018.02.02-02.25.51:639][707]LogModuleManager: Shutting down and abandoning module IOSPlatformEditor (442)
[2018.02.02-02.25.51:639][707]LogModuleManager: Shutting down and abandoning module HTML5PlatformEditor (440)
[2018.02.02-02.25.51:639][707]LogModuleManager: Shutting down and abandoning module AndroidPlatformEditor (438)
[2018.02.02-02.25.51:639][707]LogModuleManager: Shutting down and abandoning module AndroidDeviceDetection (437)
[2018.02.02-02.25.52:421][707]LogModuleManager: Shutting down and abandoning module IOSRuntimeSettings (434)
[2018.02.02-02.25.52:421][707]LogModuleManager: Shutting down and abandoning module AndroidRuntimeSettings (432)
[2018.02.02-02.25.52:421][707]LogModuleManager: Shutting down and abandoning module InputBindingEditor (430)
[2018.02.02-02.25.52:421][707]LogModuleManager: Shutting down and abandoning module MergeActors (428)
[2018.02.02-02.25.52:421][707]LogModuleManager: Shutting down and abandoning module SizeMap (426)
[2018.02.02-02.25.52:421][707]LogModuleManager: Shutting down and abandoning module TreeMap (424)
[2018.02.02-02.25.52:421][707]LogModuleManager: Shutting down and abandoning module ReferenceViewer (422)
[2018.02.02-02.25.52:421][707]LogModuleManager: Shutting down and abandoning module LocalizationDashboard (420)
[2018.02.02-02.25.52:421][707]LogModuleManager: Shutting down and abandoning module LocalizationService (419)
[2018.02.02-02.25.52:421][707]LogModuleManager: Shutting down and abandoning module HardwareTargeting (416)
[2018.02.02-02.25.52:421][707]LogModuleManager: Shutting down and abandoning module DeviceProfileEditor (414)
[2018.02.02-02.25.52:421][707]LogModuleManager: Shutting down and abandoning module UndoHistory (412)
[2018.02.02-02.25.52:421][707]LogModuleManager: Shutting down and abandoning module UserFeedback (410)
[2018.02.02-02.25.52:421][707]LogModuleManager: Shutting down and abandoning module XmlParser (408)
[2018.02.02-02.25.52:421][707]LogModuleManager: Shutting down and abandoning module Blutility (406)
[2018.02.02-02.25.52:421][707]LogModuleManager: Shutting down and abandoning module ProjectSettingsViewer (404)
[2018.02.02-02.25.52:421][707]LogModuleManager: Shutting down and abandoning module ProjectTargetPlatformEditor (403)
[2018.02.02-02.25.52:421][707]LogModuleManager: Shutting down and abandoning module EditorSettingsViewer (400)
[2018.02.02-02.25.52:421][707]LogModuleManager: Shutting down and abandoning module SettingsEditor (398)
[2018.02.02-02.25.52:421][707]LogModuleManager: Shutting down and abandoning module ProjectLauncher (396)
[2018.02.02-02.25.52:421][707]LogModuleManager: Shutting down and abandoning module SessionFrontend (394)
[2018.02.02-02.25.52:421][707]LogModuleManager: Shutting down and abandoning module ProfilerClient (392)
[2018.02.02-02.25.52:421][707]LogModuleManager: Shutting down and abandoning module DeviceManager (390)
[2018.02.02-02.25.52:421][707]LogModuleManager: Shutting down and abandoning module TargetDeviceServices (389)
[2018.02.02-02.25.52:474][707]LogModuleManager: Shutting down and abandoning module AutomationController (386)
[2018.02.02-02.25.52:474][707]LogModuleManager: Shutting down and abandoning module AutomationWindow (384)
[2018.02.02-02.25.52:474][707]LogModuleManager: Shutting down and abandoning module Layers (382)
[2018.02.02-02.25.52:474][707]LogModuleManager: Shutting down and abandoning module ComponentVisualizers (380)
[2018.02.02-02.25.52:474][707]LogModuleManager: Shutting down and abandoning module DetailCustomizations (378)
[2018.02.02-02.25.52:474][707]LogModuleManager: Shutting down and abandoning module PackagesDialog (376)
[2018.02.02-02.25.52:474][707]LogModuleManager: Shutting down and abandoning module Persona (374)
[2018.02.02-02.25.52:474][707]LogModuleManager: Shutting down and abandoning module AdvancedPreviewScene (373)
[2018.02.02-02.25.52:474][707]LogModuleManager: Shutting down and abandoning module AnimGraph (371)
[2018.02.02-02.25.52:474][707]LogModuleManager: Shutting down and abandoning module Kismet (368)
[2018.02.02-02.25.52:475][707]LogModuleManager: Shutting down and abandoning module ClassViewer (366)
[2018.02.02-02.25.52:475][707]LogModuleManager: Shutting down and abandoning module Toolbox (364)
[2018.02.02-02.25.52:475][707]LogModuleManager: Shutting down and abandoning module ModuleUI (362)
[2018.02.02-02.25.52:475][707]LogModuleManager: Shutting down and abandoning module MovieSceneTools (360)
[2018.02.02-02.25.52:475][707]LogModuleManager: Shutting down and abandoning module OutputLog (358)
[2018.02.02-02.25.52:475][707]LogModuleManager: Shutting down and abandoning module GammaUI (356)
[2018.02.02-02.25.52:475][707]LogModuleManager: Shutting down and abandoning module Documentation (354)
[2018.02.02-02.25.52:475][707]LogModuleManager: Shutting down and abandoning module MovieSceneTracks (352)
[2018.02.02-02.25.52:475][707]LogModuleManager: Shutting down and abandoning module MovieScene (350)
[2018.02.02-02.25.52:475][707]LogModuleManager: Shutting down and abandoning module Niagara (348)
[2018.02.02-02.25.52:475][707]LogModuleManager: Shutting down and abandoning module NiagaraEditor (347)
[2018.02.02-02.25.52:475][707]LogModuleManager: Shutting down and abandoning module StreamingPauseRendering (344)
[2018.02.02-02.25.52:475][707]LogModuleManager: Shutting down and abandoning module AnalyticsET (342)
[2018.02.02-02.25.52:475][707]LogModuleManager: Shutting down and abandoning module PortalServices (340)
[2018.02.02-02.25.52:475][707]LogModuleManager: Shutting down and abandoning module PortalRpc (338)
[2018.02.02-02.25.52:475][707]LogModuleManager: Shutting down and abandoning module MessagingRpc (336)
[2018.02.02-02.25.52:475][707]LogModuleManager: Shutting down and abandoning module AIModule (334)
[2018.02.02-02.25.52:475][707]LogModuleManager: Shutting down and abandoning module GameplayDebugger (333)
[2018.02.02-02.25.52:475][707]LogModuleManager: Shutting down and abandoning module AITestSuite (331)
[2018.02.02-02.25.52:475][707]LogModuleManager: Shutting down and abandoning module ProfilerService (328)
[2018.02.02-02.25.52:578][707]LogModuleManager: Shutting down and abandoning module TaskGraph (326)
[2018.02.02-02.25.52:578][707]LogModuleManager: Shutting down and abandoning module SteamVRController (324)
[2018.02.02-02.25.52:578][707]LogModuleManager: Shutting down and abandoning module SteamVR (322)
[2018.02.02-02.25.52:578][707]LogModuleManager: Shutting down and abandoning module ProceduralMeshComponentEditor (320)
[2018.02.02-02.25.52:578][707]LogModuleManager: Shutting down and abandoning module ProceduralMeshComponent (318)
[2018.02.02-02.25.52:578][707]LogModuleManager: Shutting down and abandoning module OculusLibrary (316)
[2018.02.02-02.25.52:578][707]LogModuleManager: Shutting down and abandoning module OculusInput (314)
[2018.02.02-02.25.52:578][707]LogModuleManager: Shutting down and abandoning module MobilePatchingUtils (312)
[2018.02.02-02.25.52:578][707]LogModuleManager: Shutting down and abandoning module CustomMeshComponent (310)
[2018.02.02-02.25.52:578][707]LogModuleManager: Shutting down and abandoning module CableComponent (308)
[2018.02.02-02.25.52:578][707]LogModuleManager: Shutting down and abandoning module ArchVisCharacter (306)
[2018.02.02-02.25.52:578][707]LogModuleManager: Shutting down and abandoning module AndroidPermission (304)
[2018.02.02-02.25.52:578][707]LogModuleManager: Shutting down and abandoning module MediaPlayerEditor (300)
[2018.02.02-02.25.52:578][707]LogModuleManager: Shutting down and abandoning module HTML5Networking (298)
[2018.02.02-02.25.52:578][707]LogModuleManager: Shutting down and abandoning module AlembicImporter (296)
[2018.02.02-02.25.52:578][707]LogModuleManager: Shutting down and abandoning module AlembicLibrary (295)
[2018.02.02-02.25.52:578][707]LogModuleManager: Shutting down and abandoning module GeometryCache (294)
[2018.02.02-02.25.52:578][707]LogModuleManager: Shutting down and abandoning module GeometryCacheEd (293)
[2018.02.02-02.25.52:578][707]LogModuleManager: Shutting down and abandoning module SuperSearchEditor (288)
[2018.02.02-02.25.52:578][707]LogModuleManager: Shutting down and abandoning module SuperSearch (287)
[2018.02.02-02.25.52:578][707]LogModuleManager: Shutting down and abandoning module SpeedTreeImporter (284)
[2018.02.02-02.25.52:578][707]LogModuleManager: Shutting down and abandoning module PluginBrowser (282)
[2018.02.02-02.25.52:578][707]LogModuleManager: Shutting down and abandoning module MobileLauncherProfileWizard (280)
[2018.02.02-02.25.52:578][707]LogModuleManager: Shutting down and abandoning module VisualStudioSourceCodeAccess (278)
[2018.02.02-02.25.52:578][707]LogModuleManager: Shutting down and abandoning module DesktopPlatform (277)
[2018.02.02-02.25.52:578][707]LogModuleManager: Shutting down and abandoning module UObjectPlugin (274)
[2018.02.02-02.25.52:578][707]LogModuleManager: Shutting down and abandoning module SubversionSourceControl (272)
[2018.02.02-02.25.52:578][707]LogModuleManager: Shutting down and abandoning module PerforceSourceControl (270)
[2018.02.02-02.25.52:578][707]LogModuleManager: Shutting down and abandoning module GitSourceControl (268)
[2018.02.02-02.25.52:578][707]LogModuleManager: Shutting down and abandoning module SourceControl (267)
[2018.02.02-02.25.52:578][707]LogModuleManager: Shutting down and abandoning module LightPropagationVolumeEditor (264)
[2018.02.02-02.25.52:578][707]LogModuleManager: Shutting down and abandoning module PaperTiledImporter (262)
[2018.02.02-02.25.52:578][707]LogModuleManager: Shutting down and abandoning module PaperSpriteSheetImporter (260)
[2018.02.02-02.25.52:578][707]LogModuleManager: Shutting down and abandoning module Paper2DEditor (258)
[2018.02.02-02.25.52:578][707]LogModuleManager: Shutting down and abandoning module MeshPaint (257)
[2018.02.02-02.25.52:578][707]LogModuleManager: Shutting down and abandoning module LevelEditor (255)
[2018.02.02-02.25.52:579][707]LogModuleManager: Shutting down and abandoning module PixelInspectorModule (254)
[2018.02.02-02.25.52:579][707]LogModuleManager: Shutting down and abandoning module MainFrame (252)
[2018.02.02-02.25.52:579][707]LogModuleManager: Shutting down and abandoning module HotReload (251)
[2018.02.02-02.25.52:579][707]LogModuleManager: Shutting down and abandoning module PhysXVehiclesEditor (246)
[2018.02.02-02.25.52:579][707]LogModuleManager: Shutting down and abandoning module PhysXVehicles (244)
[2018.02.02-02.25.52:580][707]LogModuleManager: Shutting down and abandoning module LocationServicesBPLibrary (242)
[2018.02.02-02.25.52:580][707]LogModuleManager: Shutting down and abandoning module ImmediatePhysicsEditor (240)
[2018.02.02-02.25.52:580][707]LogModuleManager: Shutting down and abandoning module ImmediatePhysics (238)
[2018.02.02-02.25.52:580][707]LogModuleManager: Shutting down and abandoning module UdpMessaging (236)
[2018.02.02-02.25.52:680][707]LogModuleManager: Shutting down and abandoning module TcpMessaging (234)
[2018.02.02-02.25.52:780][707]LogModuleManager: Shutting down and abandoning module GameplayTagsEditor (232)
[2018.02.02-02.25.52:780][707]LogModuleManager: Shutting down and abandoning module FacialAnimationEditor (230)
[2018.02.02-02.25.52:780][707]LogModuleManager: Shutting down and abandoning module FacialAnimation (228)
[2018.02.02-02.25.52:780][707]LogModuleManager: Shutting down and abandoning module AssetManagerEditor (226)
[2018.02.02-02.25.52:780][707]LogModuleManager: Shutting down and abandoning module GraphEditor (225)
[2018.02.02-02.25.52:780][707]LogModuleManager: Shutting down and abandoning module ContentBrowser (223)
[2018.02.02-02.25.52:781][707]LogModuleManager: Shutting down and abandoning module LightPropagationVolumeRuntime (220)
[2018.02.02-02.25.52:781][707]LogModuleManager: Shutting down and abandoning module Paper2D (218)
[2018.02.02-02.25.52:781][707]LogModuleManager: Shutting down and abandoning module WindowsMoviePlayer (216)
[2018.02.02-02.25.52:781][707]LogModuleManager: Shutting down and abandoning module WmfMedia (214)
[2018.02.02-02.25.52:783][707]LogModuleManager: Shutting down and abandoning module ClothingSystemEditor (212)
[2018.02.02-02.25.52:783][707]LogModuleManager: Shutting down and abandoning module ClothingSystemRuntime (210)
[2018.02.02-02.25.52:783][707]LogModuleManager: Shutting down and abandoning module MediaAssets (208)
[2018.02.02-02.25.52:783][707]LogModuleManager: Shutting down and abandoning module GameLiveStreaming (206)
[2018.02.02-02.25.52:784][707]LogModuleManager: Shutting down and abandoning module VREditor (204)
[2018.02.02-02.25.52:784][707]LogModuleManager: Shutting down and abandoning module StringTableEditor (202)
[2018.02.02-02.25.52:784][707]LogModuleManager: Shutting down and abandoning module GameplayTasksEditor (200)
[2018.02.02-02.25.52:784][707]LogModuleManager: Shutting down and abandoning module BehaviorTreeEditor (198)
[2018.02.02-02.25.52:784][707]LogModuleManager: Shutting down and abandoning module FunctionalTesting (196)
[2018.02.02-02.25.52:784][707]LogModuleManager: Shutting down and abandoning module CollisionAnalyzer (194)
[2018.02.02-02.25.52:784][707]LogModuleManager: Shutting down and abandoning module UMG (192)
[2018.02.02-02.25.52:784][707]LogModuleManager: Shutting down and abandoning module UMGEditor (191)
[2018.02.02-02.25.52:784][707]LogModuleManager: Shutting down and abandoning module Sequencer (190)
[2018.02.02-02.25.52:784][707]LogModuleManager: Shutting down and abandoning module AssetTools (188)
[2018.02.02-02.25.52:784][707]LogModuleManager: Shutting down and abandoning module MessageLog (187)
[2018.02.02-02.25.52:784][707]LogModuleManager: Shutting down and abandoning module WorkspaceMenuStructure (186)
[2018.02.02-02.25.52:784][707]LogModuleManager: Shutting down and abandoning module SlateReflector (180)
[2018.02.02-02.25.52:784][707]LogModuleManager: Shutting down and abandoning module Slate (178)
[2018.02.02-02.25.52:784][707]LogModuleManager: Shutting down and abandoning module EditorStyle (176)
[2018.02.02-02.25.52:786][707]LogModuleManager: Shutting down and abandoning module SourceCodeAccess (174)
[2018.02.02-02.25.52:786][707]LogModuleManager: Shutting down and abandoning module HeadMountedDisplay (172)
[2018.02.02-02.25.52:786][707]LogModuleManager: Shutting down and abandoning module XAudio2 (170)
[2018.02.02-02.25.52:786][707]LogModuleManager: Shutting down and abandoning module Networking (168)
[2018.02.02-02.25.52:786][707]LogModuleManager: Shutting down and abandoning module Core (164)
[2018.02.02-02.25.52:786][707]LogModuleManager: Shutting down and abandoning module AssetRegistry (162)
[2018.02.02-02.25.52:906][707]LogDirectoryWatcher: A directory notification for '../../../Engine/Content/' was aborted.
[2018.02.02-02.25.52:906][707]LogDirectoryWatcher: A directory notification for 'F:/Doualias/NAD/cours/Session_03/Création_Élement/Project/OblivionGames/Content/' was aborted.
[2018.02.02-02.25.52:906][707]LogDirectoryWatcher: A directory notification for '../../../Engine/Plugins/2D/Paper2D/Content/' was aborted.
[2018.02.02-02.25.52:906][707]LogDirectoryWatcher: A directory notification for '../../../Engine/Plugins/Runtime/GearVR/Content/' was aborted.
[2018.02.02-02.25.52:909][707]LogModuleManager: Shutting down and abandoning module DirectoryWatcher (161)
[2018.02.02-02.25.52:909][707]LogModuleManager: Shutting down and abandoning module KismetCompiler (158)
[2018.02.02-02.25.52:909][707]LogModuleManager: Shutting down and abandoning module LevelSequence (156)
[2018.02.02-02.25.52:909][707]LogModuleManager: Shutting down and abandoning module PhysXFormats (154)
[2018.02.02-02.25.52:909][707]LogModuleManager: Shutting down and abandoning module MeshUtilities (152)
[2018.02.02-02.25.52:909][707]LogModuleManager: Shutting down and abandoning module SimplygonSwarm (151)
[2018.02.02-02.25.52:909][707]LogModuleManager: Shutting down and abandoning module SimplygonMeshReduction (149)
[2018.02.02-02.25.52:909][707]LogModuleManager: Shutting down and abandoning module QuadricMeshReduction (147)
[2018.02.02-02.25.52:909][707]LogModuleManager: Shutting down and abandoning module DerivedDataCache (144)
[2018.02.02-02.25.52:942][707]LogDerivedDataCache: Shutdown
[2018.02.02-02.25.52:942][707]LogModuleManager: Shutting down and abandoning module TargetPlatform (142)
[2018.02.02-02.25.52:942][707]LogModuleManager: Shutting down and abandoning module VulkanShaderFormat (141)
[2018.02.02-02.25.52:942][707]LogModuleManager: Shutting down and abandoning module ShaderFormatVectorVM (139)
[2018.02.02-02.25.52:942][707]LogModuleManager: Shutting down and abandoning module ShaderFormatOpenGL (137)
[2018.02.02-02.25.52:942][707]LogModuleManager: Shutting down and abandoning module ShaderFormatD3D (135)
[2018.02.02-02.25.52:942][707]LogModuleManager: Shutting down and abandoning module MetalShaderFormat (133)
[2018.02.02-02.25.52:942][707]LogModuleManager: Shutting down and abandoning module TextureFormatUncompressed (131)
[2018.02.02-02.25.52:942][707]LogModuleManager: Shutting down and abandoning module TextureFormatPVR (129)
[2018.02.02-02.25.52:942][707]LogModuleManager: Shutting down and abandoning module TextureFormatDXT (127)
[2018.02.02-02.25.52:942][707]LogModuleManager: Shutting down and abandoning module TextureFormatIntelISPCTexComp (125)
[2018.02.02-02.25.52:942][707]LogModuleManager: Shutting down and abandoning module TextureFormatASTC (123)
[2018.02.02-02.25.52:942][707]LogModuleManager: Shutting down and abandoning module ImageWrapper (122)
[2018.02.02-02.25.52:942][707]LogModuleManager: Shutting down and abandoning module TextureFormatAndroid (119)
[2018.02.02-02.25.52:942][707]LogModuleManager: Shutting down and abandoning module AudioFormatOpus (117)
[2018.02.02-02.25.52:942][707]LogModuleManager: Shutting down and abandoning module AudioFormatOgg (115)
[2018.02.02-02.25.52:942][707]LogModuleManager: Shutting down and abandoning module AudioFormatADPCM (113)
[2018.02.02-02.25.52:942][707]LogModuleManager: Shutting down and abandoning module LinuxTargetPlatform (111)
[2018.02.02-02.25.52:942][707]LogModuleManager: Shutting down and abandoning module LinuxServerTargetPlatform (109)
[2018.02.02-02.25.52:942][707]LogModuleManager: Shutting down and abandoning module LinuxNoEditorTargetPlatform (107)
[2018.02.02-02.25.52:942][707]LogModuleManager: Shutting down and abandoning module LinuxClientTargetPlatform (105)
[2018.02.02-02.25.52:942][707]LogModuleManager: Shutting down and abandoning module TVOSTargetPlatform (103)
[2018.02.02-02.25.52:942][707]LogModuleManager: Shutting down and abandoning module Messaging (101)
[2018.02.02-02.25.52:942][707]LogModuleManager: Shutting down and abandoning module IOSTargetPlatform (99)
[2018.02.02-02.25.52:942][707]LogModuleManager: Shutting down and abandoning module HTML5TargetPlatform (97)
[2018.02.02-02.25.52:942][707]LogModuleManager: Shutting down and abandoning module Android_PVRTCTargetPlatform (95)
[2018.02.02-02.25.52:942][707]LogModuleManager: Shutting down and abandoning module Android_MultiTargetPlatform (93)
[2018.02.02-02.25.52:942][707]LogModuleManager: Shutting down and abandoning module Android_ETC2TargetPlatform (91)
[2018.02.02-02.25.52:942][707]LogModuleManager: Shutting down and abandoning module Android_ETC1TargetPlatform (89)
[2018.02.02-02.25.52:942][707]LogModuleManager: Shutting down and abandoning module Android_DXTTargetPlatform (87)
[2018.02.02-02.25.52:942][707]LogModuleManager: Shutting down and abandoning module Android_ATCTargetPlatform (85)
[2018.02.02-02.25.52:942][707]LogModuleManager: Shutting down and abandoning module Android_ASTCTargetPlatform (83)
[2018.02.02-02.25.52:942][707]LogModuleManager: Shutting down and abandoning module AndroidTargetPlatform (81)
[2018.02.02-02.25.52:942][707]LogModuleManager: Shutting down and abandoning module WindowsTargetPlatform (79)
[2018.02.02-02.25.52:942][707]LogModuleManager: Shutting down and abandoning module WindowsServerTargetPlatform (77)
[2018.02.02-02.25.52:942][707]LogModuleManager: Shutting down and abandoning module WindowsNoEditorTargetPlatform (75)
[2018.02.02-02.25.52:942][707]LogModuleManager: Shutting down and abandoning module WindowsClientTargetPlatform (73)
[2018.02.02-02.25.52:942][707]LogModuleManager: Shutting down and abandoning module MacTargetPlatform (71)
[2018.02.02-02.25.52:942][707]LogModuleManager: Shutting down and abandoning module MacServerTargetPlatform (69)
[2018.02.02-02.25.52:942][707]LogModuleManager: Shutting down and abandoning module MacNoEditorTargetPlatform (67)
[2018.02.02-02.25.52:942][707]LogModuleManager: Shutting down and abandoning module MacClientTargetPlatform (65)
[2018.02.02-02.25.52:942][707]LogModuleManager: Shutting down and abandoning module AllDesktopTargetPlatform (63)
[2018.02.02-02.25.52:942][707]LogModuleManager: Shutting down and abandoning module InputCore (60)
[2018.02.02-02.25.52:942][707]LogModuleManager: Shutting down and abandoning module Settings (58)
[2018.02.02-02.25.52:942][707]LogModuleManager: Shutting down and abandoning module OculusRift (56)
[2018.02.02-02.25.52:942][707]LogModuleManager: Shutting down and abandoning module GearVRController (54)
[2018.02.02-02.25.52:942][707]LogModuleManager: Shutting down and abandoning module GearVR (52)
[2018.02.02-02.25.52:942][707]LogModuleManager: Shutting down and abandoning module ExampleDeviceProfileSelector (50)
[2018.02.02-02.25.52:942][707]LogModuleManager: Shutting down and abandoning module OnlineBlueprintSupport (48)
[2018.02.02-02.25.52:942][707]LogModuleManager: Shutting down and abandoning module OnlineSubsystem (44)
[2018.02.02-02.25.52:942][707]LogOnline:Display: Unloading online subsystem: NULL
[2018.02.02-02.25.52:942][707]LogModuleManager: Shutting down and abandoning module XMPP (43)
[2018.02.02-02.25.52:942][707]LogModuleManager: Shutting down and abandoning module HTTP (41)
[2018.02.02-02.25.52:942][707]LogHttp:Display: Http module shutting down, but needs to wait on 1 outstanding Http requests:
[2018.02.02-02.25.52:942][707]LogHttp:Display: 	verb=[POST] url=[https://datarouter.ol.epicgames.com/datarouter/api/v1/public/data?SessionID=%7BFF55F45D-45DB-7C99-32CD-318D0FA0A571%7D&AppID=UEEditor.Rocket.Release&AppVersion=4.16.3-3561208%2B%2B%2BUE4%2BRelease-4.16&UserID=1c47230046e6c33fad1e0dabeaf5910e%7C228c356932f04959aa42b13df9a55d5b%7C6189535f-f789-4e1e-a5fb-3e40faf14ba0&AppEnvironment=datacollector-binary&UploadType=eteventstream] status=Processing
[2018.02.02-02.25.52:957][707]LogModuleManager: Shutting down and abandoning module SSL (40)
[2018.02.02-02.25.52:958][707]LogModuleManager: Shutting down and abandoning module HTTPChunkInstaller (36)
[2018.02.02-02.25.52:958][707]LogModuleManager: Shutting down and abandoning module AnimationModifiers (34)
[2018.02.02-02.25.52:958][707]LogModuleManager: Shutting down and abandoning module PropertyEditor (33)
[2018.02.02-02.25.52:958][707]LogModuleManager: Shutting down and abandoning module AudioEditor (30)
[2018.02.02-02.25.52:958][707]LogModuleManager: Shutting down and abandoning module TextureCompressor (28)
[2018.02.02-02.25.52:958][707]LogModuleManager: Shutting down and abandoning module ShaderCore (26)
[2018.02.02-02.25.52:958][707]LogModuleManager: Shutting down and abandoning module Landscape (24)
[2018.02.02-02.25.52:958][707]LogModuleManager: Shutting down and abandoning module SlateRHIRenderer (22)
[2018.02.02-02.25.52:959][707]LogModuleManager: Shutting down and abandoning module OpenGLDrv (20)
[2018.02.02-02.25.52:959][707]LogModuleManager: Shutting down and abandoning module D3D11RHI (18)
[2018.02.02-02.25.52:959][707]LogModuleManager: Shutting down and abandoning module AnimGraphRuntime (16)
[2018.02.02-02.25.52:959][707]LogModuleManager: Shutting down and abandoning module Renderer (14)
[2018.02.02-02.25.52:959][707]LogModuleManager: Shutting down and abandoning module Engine (12)
[2018.02.02-02.25.52:959][707]LogModuleManager: Shutting down and abandoning module CoreUObject (10)
[2018.02.02-02.25.52:959][707]LogModuleManager: Shutting down and abandoning module NetworkFile (8)
[2018.02.02-02.25.52:959][707]LogModuleManager: Shutting down and abandoning module StreamingFile (6)
[2018.02.02-02.25.52:959][707]LogModuleManager: Shutting down and abandoning module SandboxFile (4)
[2018.02.02-02.25.52:959][707]LogModuleManager: Shutting down and abandoning module PakFile (2)
[2018.02.02-02.25.52:960][707]LogExit: Exiting.
[2018.02.02-02.25.52:962][707]Log file closed, 02/01/18 21:25:52
